#
# There is insufficient memory for the Java Runtime Environment to continue.
# Native memory allocation (mmap) failed to map 13631488 bytes for G1 virtual space
# Possible reasons:
#   The system is out of physical RAM or swap space
#   The process is running with CompressedOops enabled, and the Java Heap may be blocking the growth of the native heap
# Possible solutions:
#   Reduce memory load on the system
#   Increase physical memory or swap space
#   Check if swap backing store is full
#   Decrease Java heap size (-Xmx/-Xms)
#   Decrease number of Java threads
#   Decrease Java thread stack sizes (-Xss)
#   Set larger code cache with -XX:ReservedCodeCacheSize=
#   JVM is running with Unscaled Compressed Oops mode in which the Java heap is
#     placed in the first 4GB address space. The Java Heap base address is the
#     maximum limit for the native heap growth. Please use -XX:HeapBaseMinAddress
#     to set the Java Heap base and to place the Java Heap above 4GB virtual address.
# This output file may be truncated or incomplete.
#
#  Out of Memory Error (os_windows.cpp:3825), pid=9964, tid=2640
#
# JRE version: OpenJDK Runtime Environment (17.0.10) (build 17.0.10+0--11609105)
# Java VM: OpenJDK 64-Bit Server VM (17.0.10+0--11609105, mixed mode, tiered, compressed oops, compressed class ptrs, g1 gc, windows-amd64)
# No core dump will be written. Minidumps are not enabled by default on client versions of Windows
#

---------------  S U M M A R Y ------------

Command Line: --add-opens=java.base/java.util=ALL-UNNAMED --add-opens=java.base/java.lang=ALL-UNNAMED --add-opens=java.base/java.lang.invoke=ALL-UNNAMED --add-opens=java.prefs/java.util.prefs=ALL-UNNAMED --add-opens=java.base/java.nio.charset=ALL-UNNAMED --add-opens=java.base/java.net=ALL-UNNAMED --add-opens=java.base/java.util.concurrent.atomic=ALL-UNNAMED -Xmx2048m -Dfile.encoding=UTF-8 -Duser.country=EC -Duser.language=es -Duser.variant -javaagent:C:\Users\User-PC\.gradle\wrapper\dists\gradle-8.7-bin\bhs2wmbdwecv87pi65oeuq5iu\gradle-8.7\lib\agents\gradle-instrumentation-agent-8.7.jar org.gradle.launcher.daemon.bootstrap.GradleDaemon 8.7

Host: Intel(R) Core(TM) i3-1005G1 CPU @ 1.20GHz, 4 cores, 3G,  Windows 10 , 64 bit Build 18362 (10.0.18362.329)
Time: Sat Jul 20 10:20:59 2024 Hora est. Pacífico, Sudamérica elapsed time: 15.495143 seconds (0d 0h 0m 15s)

---------------  T H R E A D  ---------------

Current thread (0x0000029e1ae7a060):  VMThread "VM Thread" [stack: 0x000000dfb6000000,0x000000dfb6100000] [id=2640]

Stack: [0x000000dfb6000000,0x000000dfb6100000]
Native frames: (J=compiled Java code, j=interpreted, Vv=VM code, C=native code)
V  [jvm.dll+0x688de9]
V  [jvm.dll+0x8423da]
V  [jvm.dll+0x84401e]
V  [jvm.dll+0x844683]
V  [jvm.dll+0x24be0f]
V  [jvm.dll+0x685bb9]
V  [jvm.dll+0x67a46a]
V  [jvm.dll+0x30cbab]
V  [jvm.dll+0x314056]
V  [jvm.dll+0x363dce]
V  [jvm.dll+0x363fff]
V  [jvm.dll+0x2e2978]
V  [jvm.dll+0x2e5a66]
V  [jvm.dll+0x2f027a]
V  [jvm.dll+0x325240]
V  [jvm.dll+0x848d7b]
V  [jvm.dll+0x849ac1]
V  [jvm.dll+0x849fdd]
V  [jvm.dll+0x84a3b4]
V  [jvm.dll+0x84a480]
V  [jvm.dll+0x7f0c7a]
V  [jvm.dll+0x687c65]
C  [ucrtbase.dll+0x20e72]
C  [KERNEL32.DLL+0x17bd4]
C  [ntdll.dll+0x6ced1]

VM_Operation (0x000000dfb5cff740): G1PauseRemark, mode: safepoint, requested by thread 0x0000029e7f99f970


---------------  P R O C E S S  ---------------

Threads class SMR info:
_java_thread_list=0x0000029e21ab1420, length=36, elements={
0x0000029e7f935bd0, 0x0000029e1aea1270, 0x0000029e1aea1c30, 0x0000029e1aeb7c50,
0x0000029e1aeba530, 0x0000029e1aebafc0, 0x0000029e1aebe550, 0x0000029e1f12a0f0,
0x0000029e1f12aba0, 0x0000029e1f12e4d0, 0x0000029e1f250ad0, 0x0000029e1f45b440,
0x0000029e209d1020, 0x0000029e20946020, 0x0000029e20bfa1c0, 0x0000029e20bc8860,
0x0000029e20bc9b30, 0x0000029e20cf0760, 0x0000029e1f686040, 0x0000029e1fd0e4b0,
0x0000029e1fd0fe00, 0x0000029e1fd0da90, 0x0000029e1fd0eed0, 0x0000029e1fd10310,
0x0000029e1fd0f8f0, 0x0000029e1fd0d580, 0x0000029e1fd0d070, 0x0000029e1fd0dfa0,
0x0000029e2270cca0, 0x0000029e2270e5f0, 0x0000029e2270eb00, 0x0000029e227094f0,
0x0000029e2270b350, 0x0000029e2270d1b0, 0x0000029e22708ad0, 0x0000029e2270a420
}

Java Threads: ( => current thread )
  0x0000029e7f935bd0 JavaThread "main" [_thread_blocked, id=11236, stack(0x000000dfb5a00000,0x000000dfb5b00000)]
  0x0000029e1aea1270 JavaThread "Reference Handler" daemon [_thread_blocked, id=7856, stack(0x000000dfb6100000,0x000000dfb6200000)]
  0x0000029e1aea1c30 JavaThread "Finalizer" daemon [_thread_blocked, id=2568, stack(0x000000dfb6200000,0x000000dfb6300000)]
  0x0000029e1aeb7c50 JavaThread "Signal Dispatcher" daemon [_thread_blocked, id=13288, stack(0x000000dfb6300000,0x000000dfb6400000)]
  0x0000029e1aeba530 JavaThread "Attach Listener" daemon [_thread_blocked, id=7344, stack(0x000000dfb6400000,0x000000dfb6500000)]
  0x0000029e1aebafc0 JavaThread "Service Thread" daemon [_thread_blocked, id=12968, stack(0x000000dfb6500000,0x000000dfb6600000)]
  0x0000029e1aebe550 JavaThread "Monitor Deflation Thread" daemon [_thread_blocked, id=9452, stack(0x000000dfb6600000,0x000000dfb6700000)]
  0x0000029e1f12a0f0 JavaThread "C2 CompilerThread0" daemon [_thread_blocked, id=8916, stack(0x000000dfb6700000,0x000000dfb6800000)]
  0x0000029e1f12aba0 JavaThread "C1 CompilerThread0" daemon [_thread_blocked, id=12176, stack(0x000000dfb6800000,0x000000dfb6900000)]
  0x0000029e1f12e4d0 JavaThread "Sweeper thread" daemon [_thread_blocked, id=9324, stack(0x000000dfb6900000,0x000000dfb6a00000)]
  0x0000029e1f250ad0 JavaThread "Common-Cleaner" daemon [_thread_blocked, id=11368, stack(0x000000dfb6a00000,0x000000dfb6b00000)]
  0x0000029e1f45b440 JavaThread "Notification Thread" daemon [_thread_blocked, id=7588, stack(0x000000dfb6b00000,0x000000dfb6c00000)]
  0x0000029e209d1020 JavaThread "Daemon health stats" [_thread_blocked, id=1952, stack(0x000000dfb7000000,0x000000dfb7100000)]
  0x0000029e20946020 JavaThread "Incoming local TCP Connector on port 59842" [_thread_in_native, id=4768, stack(0x000000dfb7100000,0x000000dfb7200000)]
  0x0000029e20bfa1c0 JavaThread "Daemon periodic checks" [_thread_blocked, id=4456, stack(0x000000dfb7200000,0x000000dfb7300000)]
  0x0000029e20bc8860 JavaThread "Daemon" [_thread_blocked, id=2448, stack(0x000000dfb7300000,0x000000dfb7400000)]
  0x0000029e20bc9b30 JavaThread "Handler for socket connection from /127.0.0.1:59842 to /127.0.0.1:59843" [_thread_in_native, id=11672, stack(0x000000dfb7400000,0x000000dfb7500000)]
  0x0000029e20cf0760 JavaThread "Cancel handler" [_thread_blocked, id=10252, stack(0x000000dfb7500000,0x000000dfb7600000)]
  0x0000029e1f686040 JavaThread "Daemon worker" [_thread_blocked, id=5128, stack(0x000000dfb7600000,0x000000dfb7700000)]
  0x0000029e1fd0e4b0 JavaThread "Asynchronous log dispatcher for DefaultDaemonConnection: socket connection from /127.0.0.1:59842 to /127.0.0.1:59843" [_thread_blocked, id=12888, stack(0x000000dfb7700000,0x000000dfb7800000)]
  0x0000029e1fd0fe00 JavaThread "Stdin handler" [_thread_blocked, id=4804, stack(0x000000dfb7800000,0x000000dfb7900000)]
  0x0000029e1fd0da90 JavaThread "Daemon client event forwarder" [_thread_blocked, id=11472, stack(0x000000dfb7900000,0x000000dfb7a00000)]
  0x0000029e1fd0eed0 JavaThread "Cache worker for journal cache (C:\Users\User-PC\.gradle\caches\journal-1)" [_thread_blocked, id=11896, stack(0x000000dfb7a00000,0x000000dfb7b00000)]
  0x0000029e1fd10310 JavaThread "File lock request listener" [_thread_in_native, id=10572, stack(0x000000dfb7b00000,0x000000dfb7c00000)]
  0x0000029e1fd0f8f0 JavaThread "Cache worker for file hash cache (C:\Users\User-PC\.gradle\caches\8.7\fileHashes)" [_thread_blocked, id=2072, stack(0x000000dfb7c00000,0x000000dfb7d00000)]
  0x0000029e1fd0d580 JavaThread "Cache worker for file hash cache (C:\Users\User-PC\AndroidStudioProjects\MIPETCARE\.gradle\8.7\fileHashes)" [_thread_blocked, id=12240, stack(0x000000dfb7d00000,0x000000dfb7e00000)]
  0x0000029e1fd0d070 JavaThread "File watcher server" daemon [_thread_in_native, id=11468, stack(0x000000dfb7e00000,0x000000dfb7f00000)]
  0x0000029e1fd0dfa0 JavaThread "File watcher consumer" daemon [_thread_blocked, id=10244, stack(0x000000dfb7f00000,0x000000dfb8000000)]
  0x0000029e2270cca0 JavaThread "jar transforms" [_thread_blocked, id=2860, stack(0x000000dfb8000000,0x000000dfb8100000)]
  0x0000029e2270e5f0 JavaThread "jar transforms Thread 2" [_thread_blocked, id=13308, stack(0x000000dfb8100000,0x000000dfb8200000)]
  0x0000029e2270eb00 JavaThread "jar transforms Thread 3" [_thread_blocked, id=10304, stack(0x000000dfb8200000,0x000000dfb8300000)]
  0x0000029e227094f0 JavaThread "jar transforms Thread 4" [_thread_blocked, id=10788, stack(0x000000dfb8300000,0x000000dfb8400000)]
  0x0000029e2270b350 JavaThread "Cache worker for checksums cache (C:\Users\User-PC\AndroidStudioProjects\MIPETCARE\.gradle\8.7\checksums)" [_thread_blocked, id=12400, stack(0x000000dfb8400000,0x000000dfb8500000)]
  0x0000029e2270d1b0 JavaThread "Cache worker for cache directory md-supplier (C:\Users\User-PC\.gradle\caches\8.7\md-supplier)" [_thread_blocked, id=2956, stack(0x000000dfb8500000,0x000000dfb8600000)]
  0x0000029e22708ad0 JavaThread "Cache worker for cache directory md-rule (C:\Users\User-PC\.gradle\caches\8.7\md-rule)" [_thread_blocked, id=12680, stack(0x000000dfb8600000,0x000000dfb8700000)]
  0x0000029e2270a420 JavaThread "Cache worker for file content cache (C:\Users\User-PC\.gradle\caches\8.7\fileContent)" [_thread_blocked, id=2420, stack(0x000000dfb8700000,0x000000dfb8800000)]

Other Threads:
=>0x0000029e1ae7a060 VMThread "VM Thread" [stack: 0x000000dfb6000000,0x000000dfb6100000] [id=2640]
  0x0000029e1f431c10 WatcherThread [stack: 0x000000dfb6c00000,0x000000dfb6d00000] [id=12728]
  0x0000029e7f98db10 GCTaskThread "GC Thread#0" [stack: 0x000000dfb5b00000,0x000000dfb5c00000] [id=5308]
  0x0000029e1f51a0f0 GCTaskThread "GC Thread#1" [stack: 0x000000dfb6d00000,0x000000dfb6e00000] [id=1776]
  0x0000029e1f75f870 GCTaskThread "GC Thread#2" [stack: 0x000000dfb6e00000,0x000000dfb6f00000] [id=12432]
  0x0000029e200e89a0 GCTaskThread "GC Thread#3" [stack: 0x000000dfb6f00000,0x000000dfb7000000] [id=13220]
  0x0000029e7f99f970 ConcurrentGCThread "G1 Main Marker" [stack: 0x000000dfb5c00000,0x000000dfb5d00000] [id=13152]
  0x0000029e7f9a0360 ConcurrentGCThread "G1 Conc#0" [stack: 0x000000dfb5d00000,0x000000dfb5e00000] [id=404]
  0x0000029e1acd0090 ConcurrentGCThread "G1 Refine#0" [stack: 0x000000dfb5e00000,0x000000dfb5f00000] [id=7896]
  0x0000029e1acd1aa0 ConcurrentGCThread "G1 Service" [stack: 0x000000dfb5f00000,0x000000dfb6000000] [id=13092]

Threads with active compile tasks:

VM state: at safepoint (normal execution)

VM Mutex/Monitor currently owned by a thread:  ([mutex/lock_event])
[0x0000029e7f9317e0] Threads_lock - owner thread: 0x0000029e1ae7a060
[0x0000029e7f933130] Heap_lock - owner thread: 0x0000029e7f99f970

Heap address: 0x0000000080000000, size: 2048 MB, Compressed Oops mode: 32-bit

CDS archive(s) not mapped
Compressed class space mapped at: 0x0000000100000000-0x0000000140000000, reserved size: 1073741824
Narrow klass base: 0x0000000000000000, Narrow klass shift: 3, Narrow klass range: 0x140000000

GC Precious Log:
 CPUs: 4 total, 4 available
 Memory: 3891M
 Large Page Support: Disabled
 NUMA Support: Disabled
 Compressed Oops: Enabled (32-bit)
 Heap Region Size: 1M
 Heap Min Capacity: 8M
 Heap Initial Capacity: 62M
 Heap Max Capacity: 2G
 Pre-touch: Disabled
 Parallel Workers: 4
 Concurrent Workers: 1
 Concurrent Refinement Workers: 4
 Periodic GC: Disabled

Heap:
 garbage-first heap   total 78848K, used 53933K [0x0000000080000000, 0x0000000100000000)
  region size 1024K, 3 young (3072K), 2 survivors (2048K)
 Metaspace       used 45740K, committed 46144K, reserved 1114112K
  class space    used 6070K, committed 6272K, reserved 1048576K

Heap Regions: E=young(eden), S=young(survivor), O=old, HS=humongous(starts), HC=humongous(continues), CS=collection set, F=free, OA=open archive, CA=closed archive, TAMS=top-at-mark-start (previous, next)
|   0|0x0000000080000000, 0x0000000080100000, 0x0000000080100000|100%| O|  |TAMS 0x0000000080100000, 0x0000000080000000| Untracked 
|   1|0x0000000080100000, 0x0000000080200000, 0x0000000080200000|100%|HS|  |TAMS 0x0000000080200000, 0x0000000080100000| Complete 
|   2|0x0000000080200000, 0x0000000080300000, 0x0000000080300000|100%|HC|  |TAMS 0x0000000080300000, 0x0000000080200000| Complete 
|   3|0x0000000080300000, 0x0000000080400000, 0x0000000080400000|100%|HC|  |TAMS 0x0000000080400000, 0x0000000080300000| Complete 
|   4|0x0000000080400000, 0x0000000080500000, 0x0000000080500000|100%|HC|  |TAMS 0x0000000080500000, 0x0000000080400000| Complete 
|   5|0x0000000080500000, 0x0000000080600000, 0x0000000080600000|100%| O|  |TAMS 0x0000000080600000, 0x0000000080500000| Untracked 
|   6|0x0000000080600000, 0x0000000080700000, 0x0000000080700000|100%| O|  |TAMS 0x0000000080700000, 0x0000000080600000| Untracked 
|   7|0x0000000080700000, 0x0000000080800000, 0x0000000080800000|100%| O|  |TAMS 0x0000000080800000, 0x0000000080700000| Updating 
|   8|0x0000000080800000, 0x0000000080900000, 0x0000000080900000|100%| O|  |TAMS 0x0000000080900000, 0x0000000080800000| Untracked 
|   9|0x0000000080900000, 0x0000000080a00000, 0x0000000080a00000|100%| O|  |TAMS 0x0000000080a00000, 0x0000000080900000| Untracked 
|  10|0x0000000080a00000, 0x0000000080b00000, 0x0000000080b00000|100%| O|  |TAMS 0x0000000080b00000, 0x0000000080a00000| Untracked 
|  11|0x0000000080b00000, 0x0000000080c00000, 0x0000000080c00000|100%| O|  |TAMS 0x0000000080c00000, 0x0000000080b00000| Updating 
|  12|0x0000000080c00000, 0x0000000080d00000, 0x0000000080d00000|100%| O|  |TAMS 0x0000000080d00000, 0x0000000080c00000| Untracked 
|  13|0x0000000080d00000, 0x0000000080e00000, 0x0000000080e00000|100%| O|  |TAMS 0x0000000080e00000, 0x0000000080d00000| Untracked 
|  14|0x0000000080e00000, 0x0000000080f00000, 0x0000000080f00000|100%| O|  |TAMS 0x0000000080f00000, 0x0000000080e00000| Untracked 
|  15|0x0000000080f00000, 0x0000000081000000, 0x0000000081000000|100%| O|  |TAMS 0x0000000081000000, 0x0000000080f00000| Untracked 
|  16|0x0000000081000000, 0x0000000081100000, 0x0000000081100000|100%| O|  |TAMS 0x0000000081100000, 0x0000000081000000| Untracked 
|  17|0x0000000081100000, 0x0000000081200000, 0x0000000081200000|100%| O|  |TAMS 0x0000000081200000, 0x0000000081100000| Untracked 
|  18|0x0000000081200000, 0x0000000081300000, 0x0000000081300000|100%| O|  |TAMS 0x0000000081300000, 0x0000000081200000| Untracked 
|  19|0x0000000081300000, 0x0000000081400000, 0x0000000081400000|100%| O|  |TAMS 0x0000000081400000, 0x0000000081300000| Untracked 
|  20|0x0000000081400000, 0x0000000081500000, 0x0000000081500000|100%| O|  |TAMS 0x0000000081500000, 0x0000000081400000| Untracked 
|  21|0x0000000081500000, 0x0000000081600000, 0x0000000081600000|100%|HS|  |TAMS 0x0000000081600000, 0x0000000081500000| Complete 
|  22|0x0000000081600000, 0x0000000081700000, 0x0000000081700000|100%|HC|  |TAMS 0x0000000081700000, 0x0000000081600000| Complete 
|  23|0x0000000081700000, 0x0000000081800000, 0x0000000081800000|100%|HC|  |TAMS 0x0000000081800000, 0x0000000081700000| Complete 
|  24|0x0000000081800000, 0x0000000081900000, 0x0000000081900000|100%|HC|  |TAMS 0x0000000081900000, 0x0000000081800000| Complete 
|  25|0x0000000081900000, 0x0000000081a00000, 0x0000000081a00000|100%|HC|  |TAMS 0x0000000081a00000, 0x0000000081900000| Complete 
|  26|0x0000000081a00000, 0x0000000081b00000, 0x0000000081b00000|100%| O|  |TAMS 0x0000000081b00000, 0x0000000081a00000| Untracked 
|  27|0x0000000081b00000, 0x0000000081c00000, 0x0000000081c00000|100%|HS|  |TAMS 0x0000000081c00000, 0x0000000081b00000| Complete 
|  28|0x0000000081c00000, 0x0000000081d00000, 0x0000000081d00000|100%|HC|  |TAMS 0x0000000081d00000, 0x0000000081c00000| Complete 
|  29|0x0000000081d00000, 0x0000000081e00000, 0x0000000081e00000|100%|HC|  |TAMS 0x0000000081e00000, 0x0000000081d00000| Complete 
|  30|0x0000000081e00000, 0x0000000081f00000, 0x0000000081f00000|100%| O|  |TAMS 0x0000000081f00000, 0x0000000081e00000| Untracked 
|  31|0x0000000081f00000, 0x0000000082000000, 0x0000000082000000|100%|HS|  |TAMS 0x0000000082000000, 0x0000000081f00000| Complete 
|  32|0x0000000082000000, 0x0000000082100000, 0x0000000082100000|100%|HC|  |TAMS 0x0000000082100000, 0x0000000082000000| Complete 
|  33|0x0000000082100000, 0x0000000082200000, 0x0000000082200000|100%|HC|  |TAMS 0x0000000082200000, 0x0000000082100000| Complete 
|  34|0x0000000082200000, 0x0000000082300000, 0x0000000082300000|100%| O|  |TAMS 0x0000000082300000, 0x0000000082200000| Untracked 
|  35|0x0000000082300000, 0x0000000082400000, 0x0000000082400000|100%| O|  |TAMS 0x0000000082400000, 0x0000000082300000| Untracked 
|  36|0x0000000082400000, 0x0000000082500000, 0x0000000082500000|100%| O|  |TAMS 0x0000000082500000, 0x0000000082400000| Untracked 
|  37|0x0000000082500000, 0x0000000082600000, 0x0000000082600000|100%|HS|  |TAMS 0x0000000082600000, 0x0000000082500000| Complete 
|  38|0x0000000082600000, 0x0000000082700000, 0x0000000082700000|100%| O|  |TAMS 0x0000000082700000, 0x0000000082600000| Untracked 
|  39|0x0000000082700000, 0x0000000082800000, 0x0000000082800000|100%| O|  |TAMS 0x0000000082800000, 0x0000000082700000| Untracked 
|  40|0x0000000082800000, 0x0000000082900000, 0x0000000082900000|100%| O|  |TAMS 0x0000000082900000, 0x0000000082800000| Untracked 
|  41|0x0000000082900000, 0x0000000082a00000, 0x0000000082a00000|100%| O|  |TAMS 0x0000000082a00000, 0x0000000082900000| Untracked 
|  42|0x0000000082a00000, 0x0000000082b00000, 0x0000000082b00000|100%| O|  |TAMS 0x0000000082b00000, 0x0000000082a00000| Untracked 
|  43|0x0000000082b00000, 0x0000000082c00000, 0x0000000082c00000|100%| O|  |TAMS 0x0000000082c00000, 0x0000000082b00000| Updating 
|  44|0x0000000082c00000, 0x0000000082d00000, 0x0000000082d00000|100%| O|  |TAMS 0x0000000082cbba00, 0x0000000082c00000| Updating 
|  45|0x0000000082d00000, 0x0000000082dbe400, 0x0000000082e00000| 74%| O|  |TAMS 0x0000000082d00000, 0x0000000082d00000| Updating 
|  46|0x0000000082e00000, 0x0000000082f00000, 0x0000000082f00000|100%|HS|  |TAMS 0x0000000082e00000, 0x0000000082e00000| Complete 
|  47|0x0000000082f00000, 0x0000000083000000, 0x0000000083000000|100%|HS|  |TAMS 0x0000000082f00000, 0x0000000082f00000| Complete 
|  48|0x0000000083000000, 0x0000000083100000, 0x0000000083100000|100%|HC|  |TAMS 0x0000000083000000, 0x0000000083000000| Complete 
|  49|0x0000000083100000, 0x0000000083200000, 0x0000000083200000|100%|HS|  |TAMS 0x0000000083100000, 0x0000000083100000| Complete 
|  50|0x0000000083200000, 0x0000000083300000, 0x0000000083300000|100%|HC|  |TAMS 0x0000000083200000, 0x0000000083200000| Complete 
|  51|0x0000000083300000, 0x0000000083300000, 0x0000000083400000|  0%| F|  |TAMS 0x0000000083300000, 0x0000000083300000| Untracked 
|  52|0x0000000083400000, 0x0000000083400000, 0x0000000083500000|  0%| F|  |TAMS 0x0000000083400000, 0x0000000083400000| Untracked 
|  53|0x0000000083500000, 0x0000000083500000, 0x0000000083600000|  0%| F|  |TAMS 0x0000000083500000, 0x0000000083500000| Untracked 
|  54|0x0000000083600000, 0x0000000083600000, 0x0000000083700000|  0%| F|  |TAMS 0x0000000083600000, 0x0000000083600000| Untracked 
|  55|0x0000000083700000, 0x0000000083700000, 0x0000000083800000|  0%| F|  |TAMS 0x0000000083700000, 0x0000000083700000| Untracked 
|  56|0x0000000083800000, 0x0000000083800000, 0x0000000083900000|  0%| F|  |TAMS 0x0000000083800000, 0x0000000083800000| Untracked 
|  57|0x0000000083900000, 0x0000000083900000, 0x0000000083a00000|  0%| F|  |TAMS 0x0000000083900000, 0x0000000083900000| Untracked 
|  58|0x0000000083a00000, 0x0000000083a00000, 0x0000000083b00000|  0%| F|  |TAMS 0x0000000083a00000, 0x0000000083a00000| Untracked 
|  59|0x0000000083b00000, 0x0000000083b00000, 0x0000000083c00000|  0%| F|  |TAMS 0x0000000083b00000, 0x0000000083b00000| Untracked 
|  60|0x0000000083c00000, 0x0000000083c00000, 0x0000000083d00000|  0%| F|  |TAMS 0x0000000083c00000, 0x0000000083c00000| Untracked 
|  61|0x0000000083d00000, 0x0000000083ded3b0, 0x0000000083e00000| 92%| S|CS|TAMS 0x0000000083d00000, 0x0000000083d00000| Complete 
|  62|0x0000000083e00000, 0x0000000083f00000, 0x0000000083f00000|100%| S|CS|TAMS 0x0000000083e00000, 0x0000000083e00000| Complete 
|  63|0x0000000083f00000, 0x0000000083f00000, 0x0000000084000000|  0%| F|  |TAMS 0x0000000083f00000, 0x0000000083f00000| Untracked 
|  64|0x0000000084000000, 0x0000000084000000, 0x0000000084100000|  0%| F|  |TAMS 0x0000000084000000, 0x0000000084000000| Untracked 
|  65|0x0000000084100000, 0x0000000084100000, 0x0000000084200000|  0%| F|  |TAMS 0x0000000084100000, 0x0000000084100000| Untracked 
|  66|0x0000000084200000, 0x0000000084200000, 0x0000000084300000|  0%| F|  |TAMS 0x0000000084200000, 0x0000000084200000| Untracked 
|  67|0x0000000084300000, 0x0000000084300000, 0x0000000084400000|  0%| F|  |TAMS 0x0000000084300000, 0x0000000084300000| Untracked 
|  68|0x0000000084400000, 0x0000000084400000, 0x0000000084500000|  0%| F|  |TAMS 0x0000000084400000, 0x0000000084400000| Untracked 
|  69|0x0000000084500000, 0x0000000084500000, 0x0000000084600000|  0%| F|  |TAMS 0x0000000084500000, 0x0000000084500000| Untracked 
|  70|0x0000000084600000, 0x0000000084600000, 0x0000000084700000|  0%| F|  |TAMS 0x0000000084600000, 0x0000000084600000| Untracked 
|  71|0x0000000084700000, 0x0000000084700000, 0x0000000084800000|  0%| F|  |TAMS 0x0000000084700000, 0x0000000084700000| Untracked 
|  72|0x0000000084800000, 0x0000000084800000, 0x0000000084900000|  0%| F|  |TAMS 0x0000000084800000, 0x0000000084800000| Untracked 
|  73|0x0000000084900000, 0x0000000084900000, 0x0000000084a00000|  0%| F|  |TAMS 0x0000000084900000, 0x0000000084900000| Untracked 
|  74|0x0000000084a00000, 0x0000000084a00000, 0x0000000084b00000|  0%| F|  |TAMS 0x0000000084a00000, 0x0000000084a00000| Untracked 
|  75|0x0000000084b00000, 0x0000000084b00000, 0x0000000084c00000|  0%| F|  |TAMS 0x0000000084b00000, 0x0000000084b00000| Untracked 
|  76|0x0000000084c00000, 0x0000000084c455d8, 0x0000000084d00000| 27%| E|  |TAMS 0x0000000084c00000, 0x0000000084c00000| Complete 

Card table byte_map: [0x0000029e14080000,0x0000029e14480000] _byte_map_base: 0x0000029e13c80000

Marking Bits (Prev, Next): (CMBitMap*) 0x0000029e7f98f080, (CMBitMap*) 0x0000029e7f98f040
 Prev Bits: [0x0000029e16880000, 0x0000029e18880000)
 Next Bits: [0x0000029e14880000, 0x0000029e16880000)

Polling page: 0x0000029e7f6b0000

Metaspace:

Usage:
  Non-class:     38.74 MB used.
      Class:      5.93 MB used.
       Both:     44.67 MB used.

Virtual space:
  Non-class space:       64.00 MB reserved,      38.94 MB ( 61%) committed,  1 nodes.
      Class space:        1.00 GB reserved,       6.13 MB ( <1%) committed,  1 nodes.
             Both:        1.06 GB reserved,      45.06 MB (  4%) committed. 

Chunk freelists:
   Non-Class:  8.83 MB
       Class:  9.83 MB
        Both:  18.66 MB

MaxMetaspaceSize: unlimited
CompressedClassSpaceSize: 1.00 GB
Initial GC threshold: 21.00 MB
Current GC threshold: 73.13 MB
CDS: off
MetaspaceReclaimPolicy: balanced
 - commit_granule_bytes: 65536.
 - commit_granule_words: 8192.
 - virtual_space_node_default_size: 8388608.
 - enlarge_chunks_in_place: 1.
 - new_chunks_are_fully_committed: 0.
 - uncommit_free_chunks: 1.
 - use_allocation_guard: 0.
 - handle_deallocations: 1.


Internal statistics:

num_allocs_failed_limit: 3.
num_arena_births: 426.
num_arena_deaths: 0.
num_vsnodes_births: 2.
num_vsnodes_deaths: 0.
num_space_committed: 721.
num_space_uncommitted: 0.
num_chunks_returned_to_freelist: 3.
num_chunks_taken_from_freelist: 1816.
num_chunk_merges: 3.
num_chunk_splits: 1163.
num_chunks_enlarged: 791.
num_inconsistent_stats: 0.

CodeHeap 'non-profiled nmethods': size=120000Kb used=2136Kb max_used=2136Kb free=117863Kb
 bounds [0x0000029e0c300000, 0x0000029e0c570000, 0x0000029e13830000]
CodeHeap 'profiled nmethods': size=120000Kb used=8353Kb max_used=8353Kb free=111646Kb
 bounds [0x0000029e04830000, 0x0000029e05060000, 0x0000029e0bd60000]
CodeHeap 'non-nmethods': size=5760Kb used=2298Kb max_used=2298Kb free=3461Kb
 bounds [0x0000029e0bd60000, 0x0000029e0bfd0000, 0x0000029e0c300000]
 total_blobs=4828 nmethods=4029 adapters=710
 compilation: enabled
              stopped_count=0, restarted_count=0
 full_count=0

Compilation events (20 events):
Event: 15.404 Thread 0x0000029e1f12a0f0 4033       4       org.codehaus.groovy.util.LazyReference::get (44 bytes)
Event: 15.404 Thread 0x0000029e1f12aba0 4031       3       org.codehaus.groovy.reflection.CachedMethod::compareToMethod (125 bytes)
Event: 15.404 Thread 0x0000029e1f12aba0 nmethod 4031 0x0000029e05051510 code [0x0000029e050517e0, 0x0000029e05052668]
Event: 15.405 Thread 0x0000029e1f12aba0 4030       3       org.codehaus.groovy.reflection.CachedMethod$MyComparator::compare (43 bytes)
Event: 15.405 Thread 0x0000029e1f12aba0 nmethod 4030 0x0000029e05052c90 code [0x0000029e05052f00, 0x0000029e05053ce8]
Event: 15.405 Thread 0x0000029e1f12aba0 4036       3       groovy.lang.MetaBeanProperty::<init> (18 bytes)
Event: 15.405 Thread 0x0000029e1f12aba0 nmethod 4036 0x0000029e05053f10 code [0x0000029e050540c0, 0x0000029e050543f8]
Event: 15.405 Thread 0x0000029e1f12aba0 4037       3       groovy.lang.MetaClassImpl::createMetaBeanProperty (35 bytes)
Event: 15.405 Thread 0x0000029e1f12aba0 nmethod 4037 0x0000029e05054510 code [0x0000029e050546e0, 0x0000029e05054b88]
Event: 15.405 Thread 0x0000029e1f12aba0 4038       3       groovy.lang.MetaClassImpl::makeReplacementMetaProperty (241 bytes)
Event: 15.407 Thread 0x0000029e1f12aba0 nmethod 4038 0x0000029e05054d90 code [0x0000029e05055200, 0x0000029e05057c18]
Event: 15.407 Thread 0x0000029e1f12aba0 4039       1       groovy.lang.MetaBeanProperty::setGetter (6 bytes)
Event: 15.407 Thread 0x0000029e1f12aba0 nmethod 4039 0x0000029e0c514890 code [0x0000029e0c514a20, 0x0000029e0c514b38]
Event: 15.407 Thread 0x0000029e1f12aba0 4032       1       groovy.lang.MetaProperty::getType (5 bytes)
Event: 15.407 Thread 0x0000029e1f12aba0 nmethod 4032 0x0000029e0c514b90 code [0x0000029e0c514d20, 0x0000029e0c514df8]
Event: 15.407 Thread 0x0000029e1f12aba0 4034       1       groovy.lang.MetaBeanProperty::getGetter (5 bytes)
Event: 15.407 Thread 0x0000029e1f12aba0 nmethod 4034 0x0000029e0c514e90 code [0x0000029e0c515020, 0x0000029e0c5150f8]
Event: 15.407 Thread 0x0000029e1f12aba0 4035       1       groovy.lang.MetaBeanProperty::getField (5 bytes)
Event: 15.407 Thread 0x0000029e1f12aba0 nmethod 4035 0x0000029e0c515190 code [0x0000029e0c515320, 0x0000029e0c5153f8]
Event: 15.418 Thread 0x0000029e1f12a0f0 nmethod 4033 0x0000029e0c515490 code [0x0000029e0c515680, 0x0000029e0c515d90]

GC Heap History (20 events):
Event: 11.094 GC heap before
{Heap before GC invocations=10 (full 0):
 garbage-first heap   total 63488K, used 35104K [0x0000000080000000, 0x0000000100000000)
  region size 1024K, 7 young (7168K), 3 survivors (3072K)
 Metaspace       used 32046K, committed 32448K, reserved 1114112K
  class space    used 4328K, committed 4480K, reserved 1048576K
}
Event: 11.098 GC heap after
{Heap after GC invocations=11 (full 0):
 garbage-first heap   total 63488K, used 34752K [0x0000000080000000, 0x0000000100000000)
  region size 1024K, 3 young (3072K), 3 survivors (3072K)
 Metaspace       used 32046K, committed 32448K, reserved 1114112K
  class space    used 4328K, committed 4480K, reserved 1048576K
}
Event: 11.423 GC heap before
{Heap before GC invocations=12 (full 0):
 garbage-first heap   total 65536K, used 38848K [0x0000000080000000, 0x0000000100000000)
  region size 1024K, 5 young (5120K), 3 survivors (3072K)
 Metaspace       used 32151K, committed 32512K, reserved 1114112K
  class space    used 4342K, committed 4480K, reserved 1048576K
}
Event: 11.425 GC heap after
{Heap after GC invocations=13 (full 0):
 garbage-first heap   total 65536K, used 38465K [0x0000000080000000, 0x0000000100000000)
  region size 1024K, 1 young (1024K), 1 survivors (1024K)
 Metaspace       used 32151K, committed 32512K, reserved 1114112K
  class space    used 4342K, committed 4480K, reserved 1048576K
}
Event: 11.778 GC heap before
{Heap before GC invocations=14 (full 0):
 garbage-first heap   total 68608K, used 47681K [0x0000000080000000, 0x0000000100000000)
  region size 1024K, 10 young (10240K), 1 survivors (1024K)
 Metaspace       used 33532K, committed 33856K, reserved 1114112K
  class space    used 4543K, committed 4672K, reserved 1048576K
}
Event: 11.779 GC heap after
{Heap after GC invocations=15 (full 0):
 garbage-first heap   total 68608K, used 40002K [0x0000000080000000, 0x0000000100000000)
  region size 1024K, 2 young (2048K), 2 survivors (2048K)
 Metaspace       used 33532K, committed 33856K, reserved 1114112K
  class space    used 4543K, committed 4672K, reserved 1048576K
}
Event: 12.089 GC heap before
{Heap before GC invocations=15 (full 0):
 garbage-first heap   total 68608K, used 50242K [0x0000000080000000, 0x0000000100000000)
  region size 1024K, 13 young (13312K), 2 survivors (2048K)
 Metaspace       used 34704K, committed 35072K, reserved 1114112K
  class space    used 4749K, committed 4928K, reserved 1048576K
}
Event: 12.091 GC heap after
{Heap after GC invocations=16 (full 0):
 garbage-first heap   total 68608K, used 40587K [0x0000000080000000, 0x0000000100000000)
  region size 1024K, 2 young (2048K), 2 survivors (2048K)
 Metaspace       used 34704K, committed 35072K, reserved 1114112K
  class space    used 4749K, committed 4928K, reserved 1048576K
}
Event: 12.574 GC heap before
{Heap before GC invocations=17 (full 0):
 garbage-first heap   total 71680K, used 51851K [0x0000000080000000, 0x0000000100000000)
  region size 1024K, 13 young (13312K), 2 survivors (2048K)
 Metaspace       used 36046K, committed 36416K, reserved 1114112K
  class space    used 4967K, committed 5120K, reserved 1048576K
}
Event: 12.577 GC heap after
{Heap after GC invocations=18 (full 0):
 garbage-first heap   total 71680K, used 41143K [0x0000000080000000, 0x0000000100000000)
  region size 1024K, 2 young (2048K), 2 survivors (2048K)
 Metaspace       used 36046K, committed 36416K, reserved 1114112K
  class space    used 4967K, committed 5120K, reserved 1048576K
}
Event: 13.227 GC heap before
{Heap before GC invocations=18 (full 0):
 garbage-first heap   total 71680K, used 54455K [0x0000000080000000, 0x0000000100000000)
  region size 1024K, 16 young (16384K), 2 survivors (2048K)
 Metaspace       used 38215K, committed 38656K, reserved 1114112K
  class space    used 5310K, committed 5504K, reserved 1048576K
}
Event: 13.230 GC heap after
{Heap after GC invocations=19 (full 0):
 garbage-first heap   total 71680K, used 41534K [0x0000000080000000, 0x0000000100000000)
  region size 1024K, 2 young (2048K), 2 survivors (2048K)
 Metaspace       used 38215K, committed 38656K, reserved 1114112K
  class space    used 5310K, committed 5504K, reserved 1048576K
}
Event: 14.377 GC heap before
{Heap before GC invocations=20 (full 0):
 garbage-first heap   total 73728K, used 55870K [0x0000000080000000, 0x0000000100000000)
  region size 1024K, 16 young (16384K), 2 survivors (2048K)
 Metaspace       used 40528K, committed 41024K, reserved 1114112K
  class space    used 5603K, committed 5824K, reserved 1048576K
}
Event: 14.383 GC heap after
{Heap after GC invocations=21 (full 0):
 garbage-first heap   total 73728K, used 42930K [0x0000000080000000, 0x0000000100000000)
  region size 1024K, 2 young (2048K), 2 survivors (2048K)
 Metaspace       used 40528K, committed 41024K, reserved 1114112K
  class space    used 5603K, committed 5824K, reserved 1048576K
}
Event: 15.007 GC heap before
{Heap before GC invocations=21 (full 0):
 garbage-first heap   total 73728K, used 57266K [0x0000000080000000, 0x0000000100000000)
  region size 1024K, 17 young (17408K), 2 survivors (2048K)
 Metaspace       used 44380K, committed 44864K, reserved 1114112K
  class space    used 6000K, committed 6208K, reserved 1048576K
}
Event: 15.012 GC heap after
{Heap after GC invocations=22 (full 0):
 garbage-first heap   total 73728K, used 45802K [0x0000000080000000, 0x0000000100000000)
  region size 1024K, 3 young (3072K), 3 survivors (3072K)
 Metaspace       used 44380K, committed 44864K, reserved 1114112K
  class space    used 6000K, committed 6208K, reserved 1048576K
}
Event: 15.171 GC heap before
{Heap before GC invocations=23 (full 0):
 garbage-first heap   total 78848K, used 58090K [0x0000000080000000, 0x0000000100000000)
  region size 1024K, 15 young (15360K), 3 survivors (3072K)
 Metaspace       used 44613K, committed 44992K, reserved 1114112K
  class space    used 6022K, committed 6208K, reserved 1048576K
}
Event: 15.177 GC heap after
{Heap after GC invocations=24 (full 0):
 garbage-first heap   total 78848K, used 47503K [0x0000000080000000, 0x0000000100000000)
  region size 1024K, 2 young (2048K), 2 survivors (2048K)
 Metaspace       used 44613K, committed 44992K, reserved 1114112K
  class space    used 6022K, committed 6208K, reserved 1048576K
}
Event: 15.409 GC heap before
{Heap before GC invocations=24 (full 0):
 garbage-first heap   total 78848K, used 57743K [0x0000000080000000, 0x0000000100000000)
  region size 1024K, 14 young (14336K), 2 survivors (2048K)
 Metaspace       used 45101K, committed 45504K, reserved 1114112K
  class space    used 6070K, committed 6272K, reserved 1048576K
}
Event: 15.417 GC heap after
{Heap after GC invocations=25 (full 0):
 garbage-first heap   total 78848K, used 48813K [0x0000000080000000, 0x0000000100000000)
  region size 1024K, 2 young (2048K), 2 survivors (2048K)
 Metaspace       used 45101K, committed 45504K, reserved 1114112K
  class space    used 6070K, committed 6272K, reserved 1048576K
}

Dll operation events (3 events):
Event: 0.053 Loaded shared library C:\Program Files\Android\Android Studio\jbr\bin\java.dll
Event: 0.891 Loaded shared library C:\Program Files\Android\Android Studio\jbr\bin\zip.dll
Event: 1.571 Loaded shared library C:\Program Files\Android\Android Studio\jbr\bin\verify.dll

Deoptimization events (20 events):
Event: 15.254 Thread 0x0000029e1f686040 Uncommon trap: trap_request=0xffffffde fr.pc=0x0000029e0c507af0 relative=0x0000000000000410
Event: 15.254 Thread 0x0000029e1f686040 Uncommon trap: reason=class_check action=maybe_recompile pc=0x0000029e0c507af0 method=java.util.regex.Pattern$Start.match(Ljava/util/regex/Matcher;ILjava/lang/CharSequence;)Z @ 44 c2
Event: 15.254 Thread 0x0000029e1f686040 DEOPT PACKING pc=0x0000029e0c507af0 sp=0x000000dfb76f7ed0
Event: 15.254 Thread 0x0000029e1f686040 DEOPT UNPACKING pc=0x0000029e0bdba1a3 sp=0x000000dfb76f7d98 mode 2
Event: 15.260 Thread 0x0000029e1f686040 Uncommon trap: trap_request=0xffffffbe fr.pc=0x0000029e0c50a828 relative=0x00000000000006e8
Event: 15.260 Thread 0x0000029e1f686040 Uncommon trap: reason=profile_predicate action=maybe_recompile pc=0x0000029e0c50a828 method=java.lang.PublicMethods$MethodList.filter([Ljava/lang/reflect/Method;Ljava/lang/String;[Ljava/lang/Class;Z)Ljava/lang/PublicMethods$MethodList; @ 21 c2
Event: 15.260 Thread 0x0000029e1f686040 DEOPT PACKING pc=0x0000029e0c50a828 sp=0x000000dfb76f7d70
Event: 15.260 Thread 0x0000029e1f686040 DEOPT UNPACKING pc=0x0000029e0bdba1a3 sp=0x000000dfb76f7d28 mode 2
Event: 15.260 Thread 0x0000029e1f686040 Uncommon trap: trap_request=0xffffffbe fr.pc=0x0000029e0c50a828 relative=0x00000000000006e8
Event: 15.260 Thread 0x0000029e1f686040 Uncommon trap: reason=profile_predicate action=maybe_recompile pc=0x0000029e0c50a828 method=java.lang.PublicMethods$MethodList.filter([Ljava/lang/reflect/Method;Ljava/lang/String;[Ljava/lang/Class;Z)Ljava/lang/PublicMethods$MethodList; @ 21 c2
Event: 15.260 Thread 0x0000029e1f686040 DEOPT PACKING pc=0x0000029e0c50a828 sp=0x000000dfb76f7d70
Event: 15.260 Thread 0x0000029e1f686040 DEOPT UNPACKING pc=0x0000029e0bdba1a3 sp=0x000000dfb76f7d28 mode 2
Event: 15.318 Thread 0x0000029e1f686040 Uncommon trap: trap_request=0xffffffbe fr.pc=0x0000029e0c50a828 relative=0x00000000000006e8
Event: 15.318 Thread 0x0000029e1f686040 Uncommon trap: reason=profile_predicate action=maybe_recompile pc=0x0000029e0c50a828 method=java.lang.PublicMethods$MethodList.filter([Ljava/lang/reflect/Method;Ljava/lang/String;[Ljava/lang/Class;Z)Ljava/lang/PublicMethods$MethodList; @ 21 c2
Event: 15.318 Thread 0x0000029e1f686040 DEOPT PACKING pc=0x0000029e0c50a828 sp=0x000000dfb76f8ff0
Event: 15.318 Thread 0x0000029e1f686040 DEOPT UNPACKING pc=0x0000029e0bdba1a3 sp=0x000000dfb76f8fa8 mode 2
Event: 15.321 Thread 0x0000029e1f686040 Uncommon trap: trap_request=0xffffffbe fr.pc=0x0000029e0c50a828 relative=0x00000000000006e8
Event: 15.321 Thread 0x0000029e1f686040 Uncommon trap: reason=profile_predicate action=maybe_recompile pc=0x0000029e0c50a828 method=java.lang.PublicMethods$MethodList.filter([Ljava/lang/reflect/Method;Ljava/lang/String;[Ljava/lang/Class;Z)Ljava/lang/PublicMethods$MethodList; @ 21 c2
Event: 15.321 Thread 0x0000029e1f686040 DEOPT PACKING pc=0x0000029e0c50a828 sp=0x000000dfb76f8570
Event: 15.321 Thread 0x0000029e1f686040 DEOPT UNPACKING pc=0x0000029e0bdba1a3 sp=0x000000dfb76f8528 mode 2

Classes unloaded (0 events):
No events

Classes redefined (0 events):
No events

Internal exceptions (20 events):
Event: 15.241 Thread 0x0000029e1f686040 Exception <a 'java/lang/ClassNotFoundException'{0x00000000847a58b0}: org/gradle/initialization/InitScriptBeanInfo> (0x00000000847a58b0) 
thrown [s\src\hotspot\share\classfile\systemDictionary.cpp, line 256]
Event: 15.241 Thread 0x0000029e1f686040 Exception <a 'java/lang/ClassNotFoundException'{0x00000000847b0220}: org/gradle/groovy/scripts/DefaultScriptBeanInfo> (0x00000000847b0220) 
thrown [s\src\hotspot\share\classfile\systemDictionary.cpp, line 256]
Event: 15.242 Thread 0x0000029e1f686040 Exception <a 'java/lang/ClassNotFoundException'{0x00000000847bbb00}: org/gradle/groovy/scripts/BasicScriptBeanInfo> (0x00000000847bbb00) 
thrown [s\src\hotspot\share\classfile\systemDictionary.cpp, line 256]
Event: 15.242 Thread 0x0000029e1f686040 Exception <a 'java/lang/ClassNotFoundException'{0x00000000847c7370}: org/gradle/groovy/scripts/ScriptBeanInfo> (0x00000000847c7370) 
thrown [s\src\hotspot\share\classfile\systemDictionary.cpp, line 256]
Event: 15.243 Thread 0x0000029e1f686040 Exception <a 'java/lang/ClassNotFoundException'{0x00000000847e03d0}: groovy/lang/ScriptBeanInfo> (0x00000000847e03d0) 
thrown [s\src\hotspot\share\classfile\systemDictionary.cpp, line 256]
Event: 15.243 Thread 0x0000029e1f686040 Exception <a 'java/lang/ClassNotFoundException'{0x00000000847f9668}: groovy/lang/ScriptCustomizer> (0x00000000847f9668) 
thrown [s\src\hotspot\share\classfile\systemDictionary.cpp, line 256]
Event: 15.245 Thread 0x0000029e1f686040 Exception <a 'java/lang/ClassNotFoundException'{0x000000008460d360}: org/gradle/groovy/scripts/ScriptCustomizer> (0x000000008460d360) 
thrown [s\src\hotspot\share\classfile\systemDictionary.cpp, line 256]
Event: 15.252 Thread 0x0000029e1f686040 Exception <a 'java/lang/ClassNotFoundException'{0x000000008461eeb0}: org/gradle/groovy/scripts/BasicScriptCustomizer> (0x000000008461eeb0) 
thrown [s\src\hotspot\share\classfile\systemDictionary.cpp, line 256]
Event: 15.253 Thread 0x0000029e1f686040 Exception <a 'java/lang/ClassNotFoundException'{0x00000000846360f0}: org/gradle/groovy/scripts/DefaultScriptCustomizer> (0x00000000846360f0) 
thrown [s\src\hotspot\share\classfile\systemDictionary.cpp, line 256]
Event: 15.258 Thread 0x0000029e1f686040 Exception <a 'java/lang/ClassNotFoundException'{0x000000008465e9b0}: org/gradle/initialization/InitScriptCustomizer> (0x000000008465e9b0) 
thrown [s\src\hotspot\share\classfile\systemDictionary.cpp, line 256]
Event: 15.259 Thread 0x0000029e1f686040 Exception <a 'java/lang/ClassNotFoundException'{0x000000008466d910}: ijMapper1_b41h9t84l3070akvzfi2l0r3jCustomizer> (0x000000008466d910) 
thrown [s\src\hotspot\share\classfile\systemDictionary.cpp, line 256]
Event: 15.285 Thread 0x0000029e1f686040 Exception <a 'java/lang/ClassNotFoundException'{0x00000000845315b8}: org/gradle/internal/extensibility/DefaultExtraPropertiesExtensionBeanInfo> (0x00000000845315b8) 
thrown [s\src\hotspot\share\classfile\systemDictionary.cpp, line 256]
Event: 15.286 Thread 0x0000029e1f686040 Exception <a 'java/lang/ClassNotFoundException'{0x000000008453c3b8}: org/gradle/internal/extensibility/DefaultExtraPropertiesExtensionCustomizer> (0x000000008453c3b8) 
thrown [s\src\hotspot\share\classfile\systemDictionary.cpp, line 256]
Event: 15.310 Thread 0x0000029e1f686040 Exception <a 'java/lang/NoSuchMethodError'{0x00000000845a3e18}: 'void java.lang.invoke.Invokers$Holder.invoke_MT(java.lang.Object, java.lang.Object, java.lang.Object, java.lang.Object)'> (0x00000000845a3e18) 
thrown [s\src\hotspot\share\interpreter\linkResolver.cpp, line 771]
Event: 15.360 Thread 0x0000029e1f686040 Exception <a 'java/lang/ClassNotFoundException'{0x00000000843040d8}: org/gradle/invocation/DefaultGradle_DecoratedBeanInfo> (0x00000000843040d8) 
thrown [s\src\hotspot\share\classfile\systemDictionary.cpp, line 256]
Event: 15.360 Thread 0x0000029e1f686040 Exception <a 'java/lang/ClassNotFoundException'{0x00000000843144b0}: org/gradle/invocation/DefaultGradleBeanInfo> (0x00000000843144b0) 
thrown [s\src\hotspot\share\classfile\systemDictionary.cpp, line 256]
Event: 15.361 Thread 0x0000029e1f686040 Exception <a 'java/lang/ClassNotFoundException'{0x0000000084324e48}: org/gradle/api/internal/project/AbstractPluginAwareBeanInfo> (0x0000000084324e48) 
thrown [s\src\hotspot\share\classfile\systemDictionary.cpp, line 256]
Event: 15.361 Thread 0x0000029e1f686040 Exception <a 'java/lang/ClassNotFoundException'{0x0000000084335830}: org/gradle/api/internal/project/AbstractPluginAwareCustomizer> (0x0000000084335830) 
thrown [s\src\hotspot\share\classfile\systemDictionary.cpp, line 256]
Event: 15.371 Thread 0x0000029e1f686040 Exception <a 'java/lang/ClassNotFoundException'{0x000000008434ba80}: org/gradle/invocation/DefaultGradleCustomizer> (0x000000008434ba80) 
thrown [s\src\hotspot\share\classfile\systemDictionary.cpp, line 256]
Event: 15.378 Thread 0x0000029e1f686040 Exception <a 'java/lang/ClassNotFoundException'{0x000000008438c880}: org/gradle/invocation/DefaultGradle_DecoratedCustomizer> (0x000000008438c880) 
thrown [s\src\hotspot\share\classfile\systemDictionary.cpp, line 256]

VM Operations (20 events):
Event: 14.655 Executing VM operation: HandshakeAllThreads done
Event: 14.855 Executing VM operation: HandshakeAllThreads
Event: 14.855 Executing VM operation: HandshakeAllThreads done
Event: 14.855 Executing VM operation: HandshakeAllThreads
Event: 14.855 Executing VM operation: HandshakeAllThreads done
Event: 14.876 Executing VM operation: HandshakeAllThreads
Event: 14.876 Executing VM operation: HandshakeAllThreads done
Event: 15.007 Executing VM operation: G1CollectForAllocation
Event: 15.012 Executing VM operation: G1CollectForAllocation done
Event: 15.053 Executing VM operation: G1PauseRemark
Event: 15.066 Executing VM operation: G1PauseRemark done
Event: 15.074 Executing VM operation: HandshakeAllThreads
Event: 15.074 Executing VM operation: HandshakeAllThreads done
Event: 15.082 Executing VM operation: G1PauseCleanup
Event: 15.084 Executing VM operation: G1PauseCleanup done
Event: 15.171 Executing VM operation: G1CollectForAllocation
Event: 15.177 Executing VM operation: G1CollectForAllocation done
Event: 15.409 Executing VM operation: G1TryInitiateConcMark
Event: 15.420 Executing VM operation: G1TryInitiateConcMark done
Event: 15.462 Executing VM operation: G1PauseRemark

Events (20 events):
Event: 15.071 loading class jdk/internal/jimage/ImageReader$SharedImageReader$LocationVisitor
Event: 15.071 loading class jdk/internal/jimage/ImageReader$SharedImageReader$LocationVisitor done
Event: 15.072 loading class java/nio/ByteBufferAsIntBufferL
Event: 15.073 loading class java/nio/ByteBufferAsIntBufferL done
Event: 15.074 loading class jdk/internal/jrtfs/JrtFileAttributes
Event: 15.074 loading class jdk/internal/jrtfs/JrtFileAttributes done
Event: 15.074 loading class jdk/internal/jrtfs/JrtDirectoryStream
Event: 15.075 loading class jdk/internal/jrtfs/JrtDirectoryStream done
Event: 15.076 loading class jdk/internal/jrtfs/JrtDirectoryStream$1
Event: 15.076 loading class jdk/internal/jrtfs/JrtDirectoryStream$1 done
Event: 15.076 loading class java/util/function/BooleanSupplier
Event: 15.076 loading class java/util/function/BooleanSupplier done
Event: 15.077 loading class jdk/internal/jimage/ImageReader$Resource
Event: 15.077 loading class jdk/internal/jimage/ImageReader$Resource done
Event: 15.207 loading class java/util/WeakHashMap$KeyIterator
Event: 15.207 loading class java/util/WeakHashMap$HashIterator
Event: 15.207 loading class java/util/WeakHashMap$HashIterator done
Event: 15.207 loading class java/util/WeakHashMap$KeyIterator done
Event: 15.407 loading class jdk/internal/reflect/UnsafeObjectFieldAccessorImpl
Event: 15.408 loading class jdk/internal/reflect/UnsafeObjectFieldAccessorImpl done


Dynamic libraries:
0x00007ff7ef690000 - 0x00007ff7ef69a000 	C:\Program Files\Android\Android Studio\jbr\bin\java.exe
0x00007ffe7f480000 - 0x00007ffe7f670000 	C:\Windows\SYSTEM32\ntdll.dll
0x00007ffe6ac50000 - 0x00007ffe6ac6a000 	C:\Program Files\Avast Software\Avast\aswhook.dll
0x00007ffe7ddd0000 - 0x00007ffe7de82000 	C:\Windows\System32\KERNEL32.DLL
0x00007ffe7c6b0000 - 0x00007ffe7c953000 	C:\Windows\System32\KERNELBASE.dll
0x00007ffe7d470000 - 0x00007ffe7d56a000 	C:\Windows\System32\ucrtbase.dll
0x00007ffe6a420000 - 0x00007ffe6a43b000 	C:\Program Files\Android\Android Studio\jbr\bin\VCRUNTIME140.dll
0x00007ffe6a2b0000 - 0x00007ffe6a2c7000 	C:\Program Files\Android\Android Studio\jbr\bin\jli.dll
0x00007ffe7d570000 - 0x00007ffe7d704000 	C:\Windows\System32\USER32.dll
0x00007ffe7c600000 - 0x00007ffe7c621000 	C:\Windows\System32\win32u.dll
0x00007ffe7f150000 - 0x00007ffe7f176000 	C:\Windows\System32\GDI32.dll
0x00007ffe7d0e0000 - 0x00007ffe7d274000 	C:\Windows\System32\gdi32full.dll
0x00007ffe7c500000 - 0x00007ffe7c59e000 	C:\Windows\System32\msvcp_win.dll
0x00007ffe691d0000 - 0x00007ffe69455000 	C:\Windows\WinSxS\amd64_microsoft.windows.common-controls_6595b64144ccf1df_6.0.18362.418_none_e6c6b287130d565d\COMCTL32.dll
0x00007ffe7f3e0000 - 0x00007ffe7f47e000 	C:\Windows\System32\msvcrt.dll
0x00007ffe7da90000 - 0x00007ffe7ddc6000 	C:\Windows\System32\combase.dll
0x00007ffe7e6b0000 - 0x00007ffe7e7d0000 	C:\Windows\System32\RPCRT4.dll
0x00007ffe7d3f0000 - 0x00007ffe7d470000 	C:\Windows\System32\bcryptPrimitives.dll
0x00007ffe7f330000 - 0x00007ffe7f35e000 	C:\Windows\System32\IMM32.DLL
0x00007ffe71350000 - 0x00007ffe7135c000 	C:\Program Files\Android\Android Studio\jbr\bin\vcruntime140_1.dll
0x00007ffe4b2d0000 - 0x00007ffe4b35d000 	C:\Program Files\Android\Android Studio\jbr\bin\msvcp140.dll
0x00007ffe24780000 - 0x00007ffe25403000 	C:\Program Files\Android\Android Studio\jbr\bin\server\jvm.dll
0x00007ffe7eab0000 - 0x00007ffe7eb53000 	C:\Windows\System32\ADVAPI32.dll
0x00007ffe7ea10000 - 0x00007ffe7eaa7000 	C:\Windows\System32\sechost.dll
0x00007ffe7c3a0000 - 0x00007ffe7c3ea000 	C:\Windows\System32\POWRPROF.dll
0x00007ffe7c390000 - 0x00007ffe7c3a0000 	C:\Windows\System32\UMPDC.dll
0x00007ffe73d20000 - 0x00007ffe73d2a000 	C:\Windows\SYSTEM32\VERSION.dll
0x00007ffe69720000 - 0x00007ffe69729000 	C:\Windows\SYSTEM32\WSOCK32.dll
0x00007ffe7e830000 - 0x00007ffe7e89f000 	C:\Windows\System32\WS2_32.dll
0x00007ffe79e40000 - 0x00007ffe79e64000 	C:\Windows\SYSTEM32\WINMM.dll
0x00007ffe79e10000 - 0x00007ffe79e3d000 	C:\Windows\SYSTEM32\WINMMBASE.dll
0x00007ffe7c660000 - 0x00007ffe7c6aa000 	C:\Windows\System32\cfgmgr32.dll
0x00007ffe7c3f0000 - 0x00007ffe7c401000 	C:\Windows\System32\kernel.appcore.dll
0x00007ffe77bb0000 - 0x00007ffe77bba000 	C:\Program Files\Android\Android Studio\jbr\bin\jimage.dll
0x00007ffe7acc0000 - 0x00007ffe7aeb4000 	C:\Windows\SYSTEM32\DBGHELP.DLL
0x00007ffe6e4e0000 - 0x00007ffe6e50a000 	C:\Windows\SYSTEM32\dbgcore.DLL
0x00007ffe6a530000 - 0x00007ffe6a53e000 	C:\Program Files\Android\Android Studio\jbr\bin\instrument.dll
0x00007ffe6aa00000 - 0x00007ffe6aa25000 	C:\Program Files\Android\Android Studio\jbr\bin\java.dll
0x00007ffe75dc0000 - 0x00007ffe75dd8000 	C:\Program Files\Android\Android Studio\jbr\bin\zip.dll
0x00007ffe7dfc0000 - 0x00007ffe7e6a5000 	C:\Windows\System32\SHELL32.dll
0x00007ffe7deb0000 - 0x00007ffe7df59000 	C:\Windows\System32\shcore.dll
0x00007ffe7c960000 - 0x00007ffe7d0df000 	C:\Windows\System32\windows.storage.dll
0x00007ffe7c410000 - 0x00007ffe7c42f000 	C:\Windows\System32\profapi.dll
0x00007ffe7d790000 - 0x00007ffe7d7e2000 	C:\Windows\System32\shlwapi.dll
0x00007ffe7d3d0000 - 0x00007ffe7d3e7000 	C:\Windows\System32\cryptsp.dll
0x00007ffe73d50000 - 0x00007ffe73d69000 	C:\Program Files\Android\Android Studio\jbr\bin\net.dll
0x00007ffe72630000 - 0x00007ffe72720000 	C:\Windows\SYSTEM32\WINHTTP.dll
0x00007ffe7bba0000 - 0x00007ffe7bc07000 	C:\Windows\system32\mswsock.dll
0x00007ffe71330000 - 0x00007ffe71346000 	C:\Program Files\Android\Android Studio\jbr\bin\nio.dll
0x00007ffe6a540000 - 0x00007ffe6a550000 	C:\Program Files\Android\Android Studio\jbr\bin\verify.dll
0x00007ffe5db40000 - 0x00007ffe5db67000 	C:\Users\User-PC\.gradle\native\c067742578af261105cb4f569cf0c3c89f3d7b1fecec35dd04571415982c5e48\windows-amd64\native-platform.dll
0x00007ffe2d510000 - 0x00007ffe2d654000 	C:\Users\User-PC\.gradle\native\38dada09dfb8b06ba9b0570ebf7e218e3eb74d4ef43ca46872605cf95ebc2f47\windows-amd64\native-platform-file-events.dll
0x00007ffe6ab20000 - 0x00007ffe6ab29000 	C:\Program Files\Android\Android Studio\jbr\bin\management.dll
0x00007ffe6a550000 - 0x00007ffe6a55b000 	C:\Program Files\Android\Android Studio\jbr\bin\management_ext.dll
0x00007ffe7f3d0000 - 0x00007ffe7f3d8000 	C:\Windows\System32\PSAPI.DLL
0x00007ffe7b710000 - 0x00007ffe7b743000 	C:\Windows\system32\rsaenh.dll
0x00007ffe7c630000 - 0x00007ffe7c656000 	C:\Windows\System32\bcrypt.dll
0x00007ffe7c2b0000 - 0x00007ffe7c2d5000 	C:\Windows\SYSTEM32\USERENV.dll
0x00007ffe7bd70000 - 0x00007ffe7bd7c000 	C:\Windows\SYSTEM32\CRYPTBASE.dll
0x00007ffe7b8b0000 - 0x00007ffe7b8ea000 	C:\Windows\SYSTEM32\IPHLPAPI.DLL
0x00007ffe7ea00000 - 0x00007ffe7ea08000 	C:\Windows\System32\NSI.dll
0x00007ffe71550000 - 0x00007ffe71566000 	C:\Windows\SYSTEM32\dhcpcsvc6.DLL
0x00007ffe73d00000 - 0x00007ffe73d1c000 	C:\Windows\SYSTEM32\dhcpcsvc.DLL
0x00007ffe7b8f0000 - 0x00007ffe7b9ba000 	C:\Windows\SYSTEM32\DNSAPI.dll
0x00007ffe6c0d0000 - 0x00007ffe6c0d9000 	C:\Program Files\Android\Android Studio\jbr\bin\extnet.dll
0x00007ffe74c10000 - 0x00007ffe74c17000 	C:\Windows\system32\wshunix.dll

dbghelp: loaded successfully - version: 4.0.5 - missing functions: none
symbol engine: initialized successfully - sym options: 0x614 - pdb path: .;C:\Program Files\Android\Android Studio\jbr\bin;C:\Windows\SYSTEM32;C:\Program Files\Avast Software\Avast;C:\Windows\WinSxS\amd64_microsoft.windows.common-controls_6595b64144ccf1df_6.0.18362.418_none_e6c6b287130d565d;C:\Program Files\Android\Android Studio\jbr\bin\server;C:\Users\User-PC\.gradle\native\c067742578af261105cb4f569cf0c3c89f3d7b1fecec35dd04571415982c5e48\windows-amd64;C:\Users\User-PC\.gradle\native\38dada09dfb8b06ba9b0570ebf7e218e3eb74d4ef43ca46872605cf95ebc2f47\windows-amd64

VM Arguments:
jvm_args: --add-opens=java.base/java.util=ALL-UNNAMED --add-opens=java.base/java.lang=ALL-UNNAMED --add-opens=java.base/java.lang.invoke=ALL-UNNAMED --add-opens=java.prefs/java.util.prefs=ALL-UNNAMED --add-opens=java.base/java.nio.charset=ALL-UNNAMED --add-opens=java.base/java.net=ALL-UNNAMED --add-opens=java.base/java.util.concurrent.atomic=ALL-UNNAMED -Xmx2048m -Dfile.encoding=UTF-8 -Duser.country=EC -Duser.language=es -Duser.variant -javaagent:C:\Users\User-PC\.gradle\wrapper\dists\gradle-8.7-bin\bhs2wmbdwecv87pi65oeuq5iu\gradle-8.7\lib\agents\gradle-instrumentation-agent-8.7.jar 
java_command: org.gradle.launcher.daemon.bootstrap.GradleDaemon 8.7
java_class_path (initial): C:\Users\User-PC\.gradle\wrapper\dists\gradle-8.7-bin\bhs2wmbdwecv87pi65oeuq5iu\gradle-8.7\lib\gradle-launcher-8.7.jar
Launcher Type: SUN_STANDARD

[Global flags]
     intx CICompilerCount                          = 3                                         {product} {ergonomic}
     uint ConcGCThreads                            = 1                                         {product} {ergonomic}
     uint G1ConcRefinementThreads                  = 4                                         {product} {ergonomic}
   size_t G1HeapRegionSize                         = 1048576                                   {product} {ergonomic}
    uintx GCDrainStackTargetSize                   = 64                                        {product} {ergonomic}
   size_t InitialHeapSize                          = 65011712                                  {product} {ergonomic}
   size_t MarkStackSize                            = 4194304                                   {product} {ergonomic}
   size_t MaxHeapSize                              = 2147483648                                {product} {command line}
   size_t MaxNewSize                               = 1287651328                                {product} {ergonomic}
   size_t MinHeapDeltaBytes                        = 1048576                                   {product} {ergonomic}
   size_t MinHeapSize                              = 8388608                                   {product} {ergonomic}
    uintx NonNMethodCodeHeapSize                   = 5832780                                {pd product} {ergonomic}
    uintx NonProfiledCodeHeapSize                  = 122912730                              {pd product} {ergonomic}
    uintx ProfiledCodeHeapSize                     = 122912730                              {pd product} {ergonomic}
    uintx ReservedCodeCacheSize                    = 251658240                              {pd product} {ergonomic}
     bool SegmentedCodeCache                       = true                                      {product} {ergonomic}
   size_t SoftMaxHeapSize                          = 2147483648                             {manageable} {ergonomic}
     bool UseCompressedClassPointers               = true                           {product lp64_product} {ergonomic}
     bool UseCompressedOops                        = true                           {product lp64_product} {ergonomic}
     bool UseG1GC                                  = true                                      {product} {ergonomic}
     bool UseLargePagesIndividualAllocation        = false                                  {pd product} {ergonomic}

Logging:
Log output configuration:
 #0: stdout all=warning uptime,level,tags
 #1: stderr all=off uptime,level,tags

Environment Variables:
PATH=C:\Windows\system32;C:\Windows;C:\Windows\System32\Wbem;C:\Windows\System32\WindowsPowerShell\v1.0\;C:\Windows\System32\OpenSSH\;C:\Users\User-PC\AppData\Local\Programs\Python\Python37\;C:\Users\User-PC\AppData\Local\Programs\Python\Python37\Scripts\;C:\Users\User-PC\AppData\Local\DBeaver;C:\Users\User-PC\AppData\Local\Programs\Microsoft VS Code\bin;C:\Users\User-PC\AppData\Local\Microsoft\WindowsApps;C:\Users\User-PC\Desktop\ITSG VERO\PyCharm Community Edition 2022.3.2\bin;;C:\xampp\php;
USERNAME=User-PC
OS=Windows_NT
PROCESSOR_IDENTIFIER=Intel64 Family 6 Model 126 Stepping 5, GenuineIntel
TMP=C:\Users\User-PC\AppData\Local\Temp
TEMP=C:\Users\User-PC\AppData\Local\Temp



Periodic native trim disabled

JNI global refs:
JNI global refs: 24, weak refs: 0

JNI global refs memory usage: 843, weak refs: 841

OOME stack traces (most recent first):
Classloader memory used:
Loader org.gradle.internal.classloader.VisitableURLClassLoader                         : 2667K
Loader bootstrap                                                                       : 2339K
Loader org.gradle.initialization.MixInLegacyTypesClassLoader                           : 511K
Loader org.gradle.internal.classloader.VisitableURLClassLoader                         : 81120B
Loader jdk.internal.loader.ClassLoaders$PlatformClassLoader                            : 69580B
Loader jdk.internal.loader.ClassLoaders$AppClassLoader                                 : 28747B
Loader jdk.internal.reflect.DelegatingClassLoader                                      : 24056B
Loader org.gradle.groovy.scripts.internal.DefaultScriptCompilationHandler$ScriptClassLoader: 778B

Classes loaded by more than one classloader:
Class org.gradle.api.GradleException                                                  : loaded 3 times (x 80B)
Class org.gradle.util.GradleVersion                                                   : loaded 2 times (x 81B)
Class org.gradle.internal.classpath.ClassPath                                         : loaded 2 times (x 68B)
Class org.gradle.api.internal.classpath.DefaultModuleRegistry                         : loaded 2 times (x 84B)
Class org.gradle.internal.exceptions.NonGradleCauseExceptionsHolder                   : loaded 2 times (x 68B)
Class org.gradle.api.Action                                                           : loaded 2 times (x 68B)
Class org.gradle.api.internal.DefaultClassPathProvider                                : loaded 2 times (x 74B)
Class org.gradle.internal.installation.GradleInstallation$1                           : loaded 2 times (x 73B)
Class org.gradle.internal.exceptions.DefaultMultiCauseException                       : loaded 2 times (x 93B)
Class org.gradle.internal.time.MonotonicClock                                         : loaded 2 times (x 75B)
Class org.gradle.internal.classloader.FilteringClassLoader                            : loaded 2 times (x 103B)
Class org.gradle.internal.classpath.DefaultClassPath$ImmutableUniqueList$Builder      : loaded 2 times (x 73B)
Class org.gradle.internal.classloader.ClassLoaderVisitor                              : loaded 2 times (x 74B)
Class org.gradle.internal.time.DefaultCountdownTimer                                  : loaded 2 times (x 86B)
Class org.gradle.internal.service.DefaultServiceLocator                               : loaded 2 times (x 81B)
Class org.gradle.internal.service.UnknownServiceException                             : loaded 2 times (x 81B)
Class org.gradle.internal.classloader.DefaultClassLoaderFactory                       : loaded 2 times (x 80B)
Class org.gradle.internal.classloader.VisitableURLClassLoader$Spec                    : loaded 2 times (x 72B)
Class org.gradle.tooling.model.ProjectModel                                           : loaded 2 times (x 68B)
Class org.gradle.internal.installation.GradleInstallation                             : loaded 2 times (x 73B)
Class org.gradle.api.internal.classpath.ModuleRegistry                                : loaded 2 times (x 68B)
Class org.gradle.api.internal.ClassPathProvider                                       : loaded 2 times (x 68B)
Class org.gradle.internal.classloader.ClasspathUtil$1                                 : loaded 2 times (x 74B)
Class org.gradle.internal.classloader.ClassLoaderFactory                              : loaded 2 times (x 68B)
Class org.gradle.api.internal.classpath.ManifestUtil                                  : loaded 2 times (x 69B)
Class org.gradle.api.specs.Spec                                                       : loaded 2 times (x 68B)
Class org.gradle.internal.IoActions                                                   : loaded 2 times (x 69B)
Class org.gradle.api.internal.classpath.EffectiveClassPath                            : loaded 2 times (x 88B)
Class org.gradle.internal.exceptions.ResolutionProvider                               : loaded 2 times (x 68B)
Class org.gradle.internal.installation.CurrentGradleInstallation                      : loaded 2 times (x 71B)
Class org.gradle.internal.agents.InstrumentingClassLoader                             : loaded 2 times (x 68B)
Class org.gradle.internal.installation.CurrentGradleInstallationLocator               : loaded 2 times (x 69B)
Class org.gradle.api.internal.classpath.Module                                        : loaded 2 times (x 68B)
Class org.gradle.internal.service.CachingServiceLocator                               : loaded 2 times (x 80B)
Class org.gradle.internal.time.Timer                                                  : loaded 2 times (x 68B)
Class org.gradle.internal.classpath.DefaultClassPath                                  : loaded 2 times (x 88B)
Class org.gradle.internal.time.Time                                                   : loaded 2 times (x 69B)
Class org.gradle.internal.time.TimeSource$1                                           : loaded 2 times (x 75B)
Class org.gradle.internal.classloader.SystemClassLoaderSpec                           : loaded 2 times (x 69B)
Class kotlin.Function                                                                 : loaded 2 times (x 68B)
Class org.gradle.api.UncheckedIOException                                             : loaded 2 times (x 80B)
Class org.gradle.internal.time.CountdownTimer                                         : loaded 2 times (x 68B)
Class org.gradle.internal.time.Clock                                                  : loaded 2 times (x 68B)
Class org.gradle.internal.classloader.ClasspathUtil                                   : loaded 2 times (x 69B)
Class org.gradle.api.internal.DefaultClassPathRegistry                                : loaded 2 times (x 74B)
Class org.gradle.api.internal.classpath.DefaultModuleRegistry$DefaultModule           : loaded 2 times (x 84B)
Class org.gradle.internal.time.TimeSource                                             : loaded 2 times (x 68B)
Class org.gradle.api.internal.classpath.UnknownModuleException                        : loaded 2 times (x 80B)
Class org.gradle.internal.service.ServiceLookupException                              : loaded 2 times (x 80B)
Class org.gradle.cache.GlobalCache                                                    : loaded 2 times (x 68B)
Class [Lorg.gradle.api.internal.ClassPathProvider;                                    : loaded 2 times (x 67B)
Class org.gradle.internal.operations.MultipleBuildOperationFailures                   : loaded 2 times (x 93B)
Class org.gradle.util.internal.GUtil                                                  : loaded 2 times (x 69B)
Class org.gradle.internal.classloader.ClassLoaderSpec                                 : loaded 2 times (x 69B)
Class org.gradle.internal.classloader.VisitableURLClassLoader                         : loaded 2 times (x 115B)
Class org.gradle.internal.Cast                                                        : loaded 2 times (x 69B)
Class org.gradle.api.internal.ClassPathRegistry                                       : loaded 2 times (x 68B)
Class org.gradle.internal.classloader.VisitableURLClassLoader$InstrumentingVisitableURLClassLoader: loaded 2 times (x 121B)
Class org.gradle.internal.classloader.ClassLoaderHierarchy                            : loaded 2 times (x 68B)
Class org.gradle.internal.exceptions.MultiCauseException                              : loaded 2 times (x 68B)
Class org.gradle.internal.InternalTransformer                                         : loaded 2 times (x 68B)
Class org.gradle.internal.service.ServiceLocator                                      : loaded 2 times (x 68B)
Class org.gradle.internal.classpath.DefaultClassPath$ImmutableUniqueList              : loaded 2 times (x 159B)
Class org.gradle.internal.time.DefaultTimer                                           : loaded 2 times (x 78B)
Class org.gradle.internal.classpath.TransformedClassPath                              : loaded 2 times (x 94B)


---------------  S Y S T E M  ---------------

OS:
 Windows 10 , 64 bit Build 18362 (10.0.18362.329)
OS uptime: 0 days 11:01 hours

CPU: total 4 (initial active 4) (2 cores per cpu, 2 threads per core) family 6 model 126 stepping 5 microcode 0xa0, cx8, cmov, fxsr, ht, mmx, 3dnowpref, sse, sse2, sse3, ssse3, sse4.1, sse4.2, popcnt, lzcnt, tsc, tscinvbit, avx, avx2, aes, erms, clmul, bmi1, bmi2, adx, avx512f, avx512dq, avx512cd, avx512bw, avx512vl, sha, fma, vzeroupper, avx512_vpopcntdq, avx512_vpclmulqdq, avx512_vaes, avx512_vnni, clflush, clflushopt, avx512_vbmi2, avx512_vbmi
Processor Information for all 4 processors :
  Max Mhz: 1190, Current Mhz: 1190, Mhz Limit: 1190

Memory: 4k page, system-wide physical 3891M (291M free)
TotalPageFile size 9002M (AvailPageFile size 6M)
current process WorkingSet (physical memory assigned to process): 200M, peak: 204M
current process commit charge ("private bytes"): 247M, peak: 261M

vm_info: OpenJDK 64-Bit Server VM (17.0.10+0--11609105) for windows-amd64 JRE (17.0.10+0--11609105), built on Mar 21 2024 19:10:56 by "androidbuild" with MS VC++ 16.10 / 16.11 (VS2019)

END.
