#
# There is insufficient memory for the Java Runtime Environment to continue.
# Native memory allocation (malloc) failed to allocate 1878896 bytes for Chunk::new
# Possible reasons:
#   The system is out of physical RAM or swap space
#   The process is running with CompressedOops enabled, and the Java Heap may be blocking the growth of the native heap
# Possible solutions:
#   Reduce memory load on the system
#   Increase physical memory or swap space
#   Check if swap backing store is full
#   Decrease Java heap size (-Xmx/-Xms)
#   Decrease number of Java threads
#   Decrease Java thread stack sizes (-Xss)
#   Set larger code cache with -XX:ReservedCodeCacheSize=
#   JVM is running with Unscaled Compressed Oops mode in which the Java heap is
#     placed in the first 4GB address space. The Java Heap base address is the
#     maximum limit for the native heap growth. Please use -XX:HeapBaseMinAddress
#     to set the Java Heap base and to place the Java Heap above 4GB virtual address.
# This output file may be truncated or incomplete.
#
#  Out of Memory Error (arena.cpp:191), pid=7644, tid=7660
#
# JRE version: OpenJDK Runtime Environment (17.0.10) (build 17.0.10+0--11609105)
# Java VM: OpenJDK 64-Bit Server VM (17.0.10+0--11609105, mixed mode, tiered, compressed oops, compressed class ptrs, g1 gc, windows-amd64)
# No core dump will be written. Minidumps are not enabled by default on client versions of Windows
#

---------------  S U M M A R Y ------------

Command Line: --add-opens=java.base/java.util=ALL-UNNAMED --add-opens=java.base/java.lang=ALL-UNNAMED --add-opens=java.base/java.lang.invoke=ALL-UNNAMED --add-opens=java.prefs/java.util.prefs=ALL-UNNAMED --add-opens=java.base/java.nio.charset=ALL-UNNAMED --add-opens=java.base/java.net=ALL-UNNAMED --add-opens=java.base/java.util.concurrent.atomic=ALL-UNNAMED -Xmx2048m -Dfile.encoding=UTF-8 -Duser.country=EC -Duser.language=es -Duser.variant -javaagent:C:\Users\User-PC\.gradle\wrapper\dists\gradle-8.7-bin\bhs2wmbdwecv87pi65oeuq5iu\gradle-8.7\lib\agents\gradle-instrumentation-agent-8.7.jar org.gradle.launcher.daemon.bootstrap.GradleDaemon 8.7

Host: Intel(R) Core(TM) i3-1005G1 CPU @ 1.20GHz, 4 cores, 3G,  Windows 10 , 64 bit Build 18362 (10.0.18362.329)
Time: Sat Jul 20 10:12:31 2024 Hora est. Pacífico, Sudamérica elapsed time: 13.967321 seconds (0d 0h 0m 13s)

---------------  T H R E A D  ---------------

Current thread (0x00000292f4964040):  JavaThread "C2 CompilerThread0" daemon [_thread_in_native, id=7660, stack(0x000000b127b00000,0x000000b127c00000)]


Current CompileTask:
C2:  13967 4342       4       org.codehaus.groovy.runtime.metaclass.MetaMethodIndex::addMethodToList (128 bytes)

Stack: [0x000000b127b00000,0x000000b127c00000]
Native frames: (J=compiled Java code, j=interpreted, Vv=VM code, C=native code)
V  [jvm.dll+0x688de9]
V  [jvm.dll+0x8423da]
V  [jvm.dll+0x84401e]
V  [jvm.dll+0x844683]
V  [jvm.dll+0x24be0f]
V  [jvm.dll+0xac524]
V  [jvm.dll+0xacb6c]
V  [jvm.dll+0x36bd12]
V  [jvm.dll+0x33615a]
V  [jvm.dll+0x3355fa]
V  [jvm.dll+0x21daa1]
V  [jvm.dll+0x21cec1]
V  [jvm.dll+0x1a60ad]
V  [jvm.dll+0x22cd78]
V  [jvm.dll+0x22aeb0]
V  [jvm.dll+0x7f6877]
V  [jvm.dll+0x7f0c7a]
V  [jvm.dll+0x687c65]
C  [ucrtbase.dll+0x20e72]
C  [KERNEL32.DLL+0x17bd4]
C  [ntdll.dll+0x6ced1]


---------------  P R O C E S S  ---------------

Threads class SMR info:
_java_thread_list=0x00000292fc4b6140, length=41, elements={
0x00000292db100c00, 0x00000292f46e0a20, 0x00000292f46e2730, 0x00000292f46c7cc0,
0x00000292f46c8950, 0x00000292f46cb420, 0x00000292f46cbeb0, 0x00000292f4964040,
0x00000292f4965580, 0x00000292f46f96f0, 0x00000292f46463c0, 0x00000292f4c001c0,
0x00000292fa4a92d0, 0x00000292fa75f1b0, 0x00000292fa316880, 0x00000292fa4793d0,
0x00000292fa5d94c0, 0x00000292fa798040, 0x00000292fa797b30, 0x00000292fa79b2e0,
0x00000292fa799480, 0x00000292fa798550, 0x00000292fa798a60, 0x00000292fa799990,
0x00000292fa799ea0, 0x00000292fa798f70, 0x00000292fa79a3b0, 0x00000292fa79add0,
0x00000292fbd6c7c0, 0x00000292fbd6ff70, 0x00000292fbd70480, 0x00000292fbd6b380,
0x00000292fbd6fa60, 0x00000292fbd6dc00, 0x00000292fbd6eb30, 0x00000292fbd71dd0,
0x00000292fbd6f040, 0x00000292fbd6d1e0, 0x00000292fbd6d6f0, 0x00000292fbd70990,
0x00000292fbd6e110
}

Java Threads: ( => current thread )
  0x00000292db100c00 JavaThread "main" [_thread_blocked, id=9964, stack(0x000000b126e00000,0x000000b126f00000)]
  0x00000292f46e0a20 JavaThread "Reference Handler" daemon [_thread_blocked, id=12904, stack(0x000000b127500000,0x000000b127600000)]
  0x00000292f46e2730 JavaThread "Finalizer" daemon [_thread_blocked, id=7648, stack(0x000000b127600000,0x000000b127700000)]
  0x00000292f46c7cc0 JavaThread "Signal Dispatcher" daemon [_thread_blocked, id=11280, stack(0x000000b127700000,0x000000b127800000)]
  0x00000292f46c8950 JavaThread "Attach Listener" daemon [_thread_blocked, id=3224, stack(0x000000b127800000,0x000000b127900000)]
  0x00000292f46cb420 JavaThread "Service Thread" daemon [_thread_blocked, id=12420, stack(0x000000b127900000,0x000000b127a00000)]
  0x00000292f46cbeb0 JavaThread "Monitor Deflation Thread" daemon [_thread_blocked, id=7464, stack(0x000000b127a00000,0x000000b127b00000)]
=>0x00000292f4964040 JavaThread "C2 CompilerThread0" daemon [_thread_in_native, id=7660, stack(0x000000b127b00000,0x000000b127c00000)]
  0x00000292f4965580 JavaThread "C1 CompilerThread0" daemon [_thread_in_native, id=2540, stack(0x000000b127c00000,0x000000b127d00000)]
  0x00000292f46f96f0 JavaThread "Sweeper thread" daemon [_thread_blocked, id=9476, stack(0x000000b127d00000,0x000000b127e00000)]
  0x00000292f46463c0 JavaThread "Common-Cleaner" daemon [_thread_blocked, id=4364, stack(0x000000b127e00000,0x000000b127f00000)]
  0x00000292f4c001c0 JavaThread "Notification Thread" daemon [_thread_blocked, id=4216, stack(0x000000b127f00000,0x000000b128000000)]
  0x00000292fa4a92d0 JavaThread "Daemon health stats" [_thread_blocked, id=9988, stack(0x000000b128400000,0x000000b128500000)]
  0x00000292fa75f1b0 JavaThread "Incoming local TCP Connector on port 59762" [_thread_in_native, id=4384, stack(0x000000b128500000,0x000000b128600000)]
  0x00000292fa316880 JavaThread "Daemon periodic checks" [_thread_blocked, id=9856, stack(0x000000b128600000,0x000000b128700000)]
  0x00000292fa4793d0 JavaThread "Daemon" [_thread_blocked, id=13168, stack(0x000000b128700000,0x000000b128800000)]
  0x00000292fa5d94c0 JavaThread "Handler for socket connection from /127.0.0.1:59762 to /127.0.0.1:59763" [_thread_in_native, id=8496, stack(0x000000b128800000,0x000000b128900000)]
  0x00000292fa798040 JavaThread "Cancel handler" [_thread_blocked, id=11456, stack(0x000000b128900000,0x000000b128a00000)]
  0x00000292fa797b30 JavaThread "Daemon worker" [_thread_in_native, id=416, stack(0x000000b128a00000,0x000000b128b00000)]
  0x00000292fa79b2e0 JavaThread "Asynchronous log dispatcher for DefaultDaemonConnection: socket connection from /127.0.0.1:59762 to /127.0.0.1:59763" [_thread_blocked, id=2196, stack(0x000000b128b00000,0x000000b128c00000)]
  0x00000292fa799480 JavaThread "Stdin handler" [_thread_blocked, id=13052, stack(0x000000b128c00000,0x000000b128d00000)]
  0x00000292fa798550 JavaThread "Daemon client event forwarder" [_thread_blocked, id=10288, stack(0x000000b128d00000,0x000000b128e00000)]
  0x00000292fa798a60 JavaThread "Cache worker for journal cache (C:\Users\User-PC\.gradle\caches\journal-1)" [_thread_blocked, id=11724, stack(0x000000b128e00000,0x000000b128f00000)]
  0x00000292fa799990 JavaThread "File lock request listener" [_thread_in_native, id=6652, stack(0x000000b128f00000,0x000000b129000000)]
  0x00000292fa799ea0 JavaThread "Cache worker for file hash cache (C:\Users\User-PC\.gradle\caches\8.7\fileHashes)" [_thread_in_native, id=5080, stack(0x000000b129000000,0x000000b129100000)]
  0x00000292fa798f70 JavaThread "Cache worker for file hash cache (C:\Users\User-PC\AndroidStudioProjects\MIPETCARE\.gradle\8.7\fileHashes)" [_thread_blocked, id=11808, stack(0x000000b129100000,0x000000b129200000)]
  0x00000292fa79a3b0 JavaThread "File watcher server" daemon [_thread_in_native, id=9552, stack(0x000000b129200000,0x000000b129300000)]
  0x00000292fa79add0 JavaThread "File watcher consumer" daemon [_thread_blocked, id=8088, stack(0x000000b129300000,0x000000b129400000)]
  0x00000292fbd6c7c0 JavaThread "jar transforms" [_thread_blocked, id=6716, stack(0x000000b129400000,0x000000b129500000)]
  0x00000292fbd6ff70 JavaThread "jar transforms Thread 2" [_thread_blocked, id=3900, stack(0x000000b129500000,0x000000b129600000)]
  0x00000292fbd70480 JavaThread "jar transforms Thread 3" [_thread_blocked, id=104, stack(0x000000b129600000,0x000000b129700000)]
  0x00000292fbd6b380 JavaThread "jar transforms Thread 4" [_thread_blocked, id=9588, stack(0x000000b129700000,0x000000b129800000)]
  0x00000292fbd6fa60 JavaThread "Cache worker for checksums cache (C:\Users\User-PC\AndroidStudioProjects\MIPETCARE\.gradle\8.7\checksums)" [_thread_blocked, id=3444, stack(0x000000b129800000,0x000000b129900000)]
  0x00000292fbd6dc00 JavaThread "Cache worker for cache directory md-supplier (C:\Users\User-PC\.gradle\caches\8.7\md-supplier)" [_thread_blocked, id=2296, stack(0x000000b129900000,0x000000b129a00000)]
  0x00000292fbd6eb30 JavaThread "Cache worker for cache directory md-rule (C:\Users\User-PC\.gradle\caches\8.7\md-rule)" [_thread_blocked, id=12004, stack(0x000000b129a00000,0x000000b129b00000)]
  0x00000292fbd71dd0 JavaThread "Cache worker for file content cache (C:\Users\User-PC\.gradle\caches\8.7\fileContent)" [_thread_blocked, id=8264, stack(0x000000b129b00000,0x000000b129c00000)]
  0x00000292fbd6f040 JavaThread "Unconstrained build operations" [_thread_blocked, id=6152, stack(0x000000b129c00000,0x000000b129d00000)]
  0x00000292fbd6d1e0 JavaThread "Unconstrained build operations Thread 2" [_thread_blocked, id=13020, stack(0x000000b129d00000,0x000000b129e00000)]
  0x00000292fbd6d6f0 JavaThread "Unconstrained build operations Thread 3" [_thread_in_native, id=10932, stack(0x000000b129e00000,0x000000b129f00000)]
  0x00000292fbd70990 JavaThread "Unconstrained build operations Thread 4" [_thread_in_native, id=10360, stack(0x000000b129f00000,0x000000b12a000000)]
  0x00000292fbd6e110 JavaThread "Unconstrained build operations Thread 5" [_thread_in_native, id=12952, stack(0x000000b12a000000,0x000000b12a100000)]

Other Threads:
  0x00000292f46bc8c0 VMThread "VM Thread" [stack: 0x000000b127400000,0x000000b127500000] [id=3976]
  0x00000292f4c01e70 WatcherThread [stack: 0x000000b128000000,0x000000b128100000] [id=12372]
  0x00000292db15cdb0 GCTaskThread "GC Thread#0" [stack: 0x000000b126f00000,0x000000b127000000] [id=11488]
  0x00000292f4b951d0 GCTaskThread "GC Thread#1" [stack: 0x000000b128100000,0x000000b128200000] [id=11780]
  0x00000292f93afc90 GCTaskThread "GC Thread#2" [stack: 0x000000b128200000,0x000000b128300000] [id=7828]
  0x00000292f99452e0 GCTaskThread "GC Thread#3" [stack: 0x000000b128300000,0x000000b128400000] [id=1812]
  0x00000292db16ddd0 ConcurrentGCThread "G1 Main Marker" [stack: 0x000000b127000000,0x000000b127100000] [id=8424]
  0x00000292db170fa0 ConcurrentGCThread "G1 Conc#0" [stack: 0x000000b127100000,0x000000b127200000] [id=13036]
  0x00000292db1ad5f0 ConcurrentGCThread "G1 Refine#0" [stack: 0x000000b127200000,0x000000b127300000] [id=9900]
  0x00000292f45101f0 ConcurrentGCThread "G1 Service" [stack: 0x000000b127300000,0x000000b127400000] [id=8668]

Threads with active compile tasks:
C2 CompilerThread0    14060 4342       4       org.codehaus.groovy.runtime.metaclass.MetaMethodIndex::addMethodToList (128 bytes)

VM state: not at safepoint (normal execution)

VM Mutex/Monitor currently owned by a thread: None

Heap address: 0x0000000080000000, size: 2048 MB, Compressed Oops mode: 32-bit

CDS archive(s) not mapped
Compressed class space mapped at: 0x0000000100000000-0x0000000140000000, reserved size: 1073741824
Narrow klass base: 0x0000000000000000, Narrow klass shift: 3, Narrow klass range: 0x140000000

GC Precious Log:
 CPUs: 4 total, 4 available
 Memory: 3891M
 Large Page Support: Disabled
 NUMA Support: Disabled
 Compressed Oops: Enabled (32-bit)
 Heap Region Size: 1M
 Heap Min Capacity: 8M
 Heap Initial Capacity: 62M
 Heap Max Capacity: 2G
 Pre-touch: Disabled
 Parallel Workers: 4
 Concurrent Workers: 1
 Concurrent Refinement Workers: 4
 Periodic GC: Disabled

Heap:
 garbage-first heap   total 92160K, used 54743K [0x0000000080000000, 0x0000000100000000)
  region size 1024K, 8 young (8192K), 3 survivors (3072K)
 Metaspace       used 50653K, committed 51072K, reserved 1114112K
  class space    used 6844K, committed 7040K, reserved 1048576K

Heap Regions: E=young(eden), S=young(survivor), O=old, HS=humongous(starts), HC=humongous(continues), CS=collection set, F=free, OA=open archive, CA=closed archive, TAMS=top-at-mark-start (previous, next)
|   0|0x0000000080000000, 0x0000000080100000, 0x0000000080100000|100%| O|  |TAMS 0x0000000080100000, 0x0000000080000000| Untracked 
|   1|0x0000000080100000, 0x0000000080200000, 0x0000000080200000|100%|HS|  |TAMS 0x0000000080200000, 0x0000000080100000| Complete 
|   2|0x0000000080200000, 0x0000000080300000, 0x0000000080300000|100%|HC|  |TAMS 0x0000000080300000, 0x0000000080200000| Complete 
|   3|0x0000000080300000, 0x0000000080400000, 0x0000000080400000|100%|HC|  |TAMS 0x0000000080400000, 0x0000000080300000| Complete 
|   4|0x0000000080400000, 0x0000000080500000, 0x0000000080500000|100%|HC|  |TAMS 0x0000000080500000, 0x0000000080400000| Complete 
|   5|0x0000000080500000, 0x0000000080600000, 0x0000000080600000|100%| O|  |TAMS 0x0000000080600000, 0x0000000080500000| Untracked 
|   6|0x0000000080600000, 0x0000000080700000, 0x0000000080700000|100%| O|  |TAMS 0x0000000080700000, 0x0000000080600000| Untracked 
|   7|0x0000000080700000, 0x0000000080800000, 0x0000000080800000|100%| O|  |TAMS 0x0000000080800000, 0x0000000080700000| Untracked 
|   8|0x0000000080800000, 0x0000000080900000, 0x0000000080900000|100%| O|  |TAMS 0x0000000080900000, 0x0000000080800000| Untracked 
|   9|0x0000000080900000, 0x0000000080a00000, 0x0000000080a00000|100%| O|  |TAMS 0x0000000080a00000, 0x0000000080900000| Untracked 
|  10|0x0000000080a00000, 0x0000000080b00000, 0x0000000080b00000|100%| O|  |TAMS 0x0000000080b00000, 0x0000000080a00000| Untracked 
|  11|0x0000000080b00000, 0x0000000080c00000, 0x0000000080c00000|100%| O|  |TAMS 0x0000000080c00000, 0x0000000080b00000| Untracked 
|  12|0x0000000080c00000, 0x0000000080d00000, 0x0000000080d00000|100%| O|  |TAMS 0x0000000080d00000, 0x0000000080c00000| Untracked 
|  13|0x0000000080d00000, 0x0000000080e00000, 0x0000000080e00000|100%| O|  |TAMS 0x0000000080e00000, 0x0000000080d00000| Untracked 
|  14|0x0000000080e00000, 0x0000000080f00000, 0x0000000080f00000|100%| O|  |TAMS 0x0000000080f00000, 0x0000000080e00000| Untracked 
|  15|0x0000000080f00000, 0x0000000081000000, 0x0000000081000000|100%| O|  |TAMS 0x0000000081000000, 0x0000000080f00000| Untracked 
|  16|0x0000000081000000, 0x0000000081100000, 0x0000000081100000|100%| O|  |TAMS 0x0000000081100000, 0x0000000081000000| Untracked 
|  17|0x0000000081100000, 0x0000000081200000, 0x0000000081200000|100%| O|  |TAMS 0x0000000081200000, 0x0000000081100000| Untracked 
|  18|0x0000000081200000, 0x0000000081300000, 0x0000000081300000|100%| O|  |TAMS 0x0000000081300000, 0x0000000081200000| Untracked 
|  19|0x0000000081300000, 0x0000000081400000, 0x0000000081400000|100%| O|  |TAMS 0x0000000081400000, 0x0000000081300000| Untracked 
|  20|0x0000000081400000, 0x0000000081500000, 0x0000000081500000|100%| O|  |TAMS 0x0000000081500000, 0x0000000081400000| Untracked 
|  21|0x0000000081500000, 0x0000000081600000, 0x0000000081600000|100%|HS|  |TAMS 0x0000000081600000, 0x0000000081500000| Complete 
|  22|0x0000000081600000, 0x0000000081700000, 0x0000000081700000|100%|HC|  |TAMS 0x0000000081700000, 0x0000000081600000| Complete 
|  23|0x0000000081700000, 0x0000000081800000, 0x0000000081800000|100%|HC|  |TAMS 0x0000000081800000, 0x0000000081700000| Complete 
|  24|0x0000000081800000, 0x0000000081900000, 0x0000000081900000|100%|HC|  |TAMS 0x0000000081900000, 0x0000000081800000| Complete 
|  25|0x0000000081900000, 0x0000000081a00000, 0x0000000081a00000|100%|HC|  |TAMS 0x0000000081a00000, 0x0000000081900000| Complete 
|  26|0x0000000081a00000, 0x0000000081b00000, 0x0000000081b00000|100%| O|  |TAMS 0x0000000081b00000, 0x0000000081a00000| Untracked 
|  27|0x0000000081b00000, 0x0000000081c00000, 0x0000000081c00000|100%|HS|  |TAMS 0x0000000081c00000, 0x0000000081b00000| Complete 
|  28|0x0000000081c00000, 0x0000000081d00000, 0x0000000081d00000|100%|HC|  |TAMS 0x0000000081d00000, 0x0000000081c00000| Complete 
|  29|0x0000000081d00000, 0x0000000081e00000, 0x0000000081e00000|100%|HC|  |TAMS 0x0000000081e00000, 0x0000000081d00000| Complete 
|  30|0x0000000081e00000, 0x0000000081f00000, 0x0000000081f00000|100%| O|  |TAMS 0x0000000081f00000, 0x0000000081e00000| Untracked 
|  31|0x0000000081f00000, 0x0000000082000000, 0x0000000082000000|100%|HS|  |TAMS 0x0000000082000000, 0x0000000081f00000| Complete 
|  32|0x0000000082000000, 0x0000000082100000, 0x0000000082100000|100%|HC|  |TAMS 0x0000000082100000, 0x0000000082000000| Complete 
|  33|0x0000000082100000, 0x0000000082200000, 0x0000000082200000|100%|HC|  |TAMS 0x0000000082200000, 0x0000000082100000| Complete 
|  34|0x0000000082200000, 0x0000000082300000, 0x0000000082300000|100%| O|  |TAMS 0x0000000082300000, 0x0000000082200000| Untracked 
|  35|0x0000000082300000, 0x0000000082400000, 0x0000000082400000|100%| O|  |TAMS 0x0000000082400000, 0x0000000082300000| Untracked 
|  36|0x0000000082400000, 0x0000000082500000, 0x0000000082500000|100%| O|  |TAMS 0x0000000082500000, 0x0000000082400000| Untracked 
|  37|0x0000000082500000, 0x0000000082600000, 0x0000000082600000|100%| O|  |TAMS 0x0000000082600000, 0x0000000082500000| Untracked 
|  38|0x0000000082600000, 0x0000000082700000, 0x0000000082700000|100%|HS|  |TAMS 0x0000000082700000, 0x0000000082600000| Complete 
|  39|0x0000000082700000, 0x0000000082800000, 0x0000000082800000|100%| O|  |TAMS 0x0000000082800000, 0x0000000082700000| Untracked 
|  40|0x0000000082800000, 0x0000000082900000, 0x0000000082900000|100%| O|  |TAMS 0x0000000082900000, 0x0000000082800000| Untracked 
|  41|0x0000000082900000, 0x0000000082a00000, 0x0000000082a00000|100%| O|  |TAMS 0x0000000082a00000, 0x0000000082900000| Untracked 
|  42|0x0000000082a00000, 0x0000000082b00000, 0x0000000082b00000|100%| O|  |TAMS 0x0000000082b00000, 0x0000000082a00000| Untracked 
|  43|0x0000000082b00000, 0x0000000082c00000, 0x0000000082c00000|100%| O|  |TAMS 0x0000000082c00000, 0x0000000082b00000| Untracked 
|  44|0x0000000082c00000, 0x0000000082d00000, 0x0000000082d00000|100%| O|  |TAMS 0x0000000082d00000, 0x0000000082c00000| Untracked 
|  45|0x0000000082d00000, 0x0000000082e00000, 0x0000000082e00000|100%| O|  |TAMS 0x0000000082e00000, 0x0000000082d00000| Complete 
|  46|0x0000000082e00000, 0x0000000082e00000, 0x0000000082f00000|  0%| F|  |TAMS 0x0000000082e00000, 0x0000000082e00000| Untracked 
|  47|0x0000000082f00000, 0x0000000082f00000, 0x0000000083000000|  0%| F|  |TAMS 0x0000000082f00000, 0x0000000082f00000| Untracked 
|  48|0x0000000083000000, 0x0000000083000000, 0x0000000083100000|  0%| F|  |TAMS 0x0000000083000000, 0x0000000083000000| Untracked 
|  49|0x0000000083100000, 0x0000000083100000, 0x0000000083200000|  0%| F|  |TAMS 0x0000000083100000, 0x0000000083100000| Untracked 
|  50|0x0000000083200000, 0x0000000083200000, 0x0000000083300000|  0%| F|  |TAMS 0x0000000083200000, 0x0000000083200000| Untracked 
|  51|0x0000000083300000, 0x0000000083400000, 0x0000000083400000|100%| O|  |TAMS 0x0000000083400000, 0x0000000083300000| Untracked 
|  52|0x0000000083400000, 0x0000000083414200, 0x0000000083500000|  7%| O|  |TAMS 0x0000000083414200, 0x0000000083400000| Untracked 
|  53|0x0000000083500000, 0x0000000083500000, 0x0000000083600000|  0%| F|  |TAMS 0x0000000083500000, 0x0000000083500000| Untracked 
|  54|0x0000000083600000, 0x0000000083600000, 0x0000000083700000|  0%| F|  |TAMS 0x0000000083600000, 0x0000000083600000| Untracked 
|  55|0x0000000083700000, 0x0000000083700000, 0x0000000083800000|  0%| F|  |TAMS 0x0000000083700000, 0x0000000083700000| Untracked 
|  56|0x0000000083800000, 0x0000000083800000, 0x0000000083900000|  0%| F|  |TAMS 0x0000000083800000, 0x0000000083800000| Untracked 
|  57|0x0000000083900000, 0x0000000083900000, 0x0000000083a00000|  0%| F|  |TAMS 0x0000000083900000, 0x0000000083900000| Untracked 
|  58|0x0000000083a00000, 0x0000000083a00000, 0x0000000083b00000|  0%| F|  |TAMS 0x0000000083a00000, 0x0000000083a00000| Untracked 
|  59|0x0000000083b00000, 0x0000000083b00000, 0x0000000083c00000|  0%| F|  |TAMS 0x0000000083b00000, 0x0000000083b00000| Untracked 
|  60|0x0000000083c00000, 0x0000000083c00000, 0x0000000083d00000|  0%| F|  |TAMS 0x0000000083c00000, 0x0000000083c00000| Untracked 
|  61|0x0000000083d00000, 0x0000000083d00000, 0x0000000083e00000|  0%| F|  |TAMS 0x0000000083d00000, 0x0000000083d00000| Untracked 
|  62|0x0000000083e00000, 0x0000000083e00000, 0x0000000083f00000|  0%| F|  |TAMS 0x0000000083e00000, 0x0000000083e00000| Untracked 
|  63|0x0000000083f00000, 0x0000000083f61af8, 0x0000000084000000| 38%| S|CS|TAMS 0x0000000083f00000, 0x0000000083f00000| Complete 
|  64|0x0000000084000000, 0x0000000084100000, 0x0000000084100000|100%| S|CS|TAMS 0x0000000084000000, 0x0000000084000000| Complete 
|  65|0x0000000084100000, 0x0000000084200000, 0x0000000084200000|100%| S|CS|TAMS 0x0000000084100000, 0x0000000084100000| Complete 
|  66|0x0000000084200000, 0x0000000084200000, 0x0000000084300000|  0%| F|  |TAMS 0x0000000084200000, 0x0000000084200000| Untracked 
|  67|0x0000000084300000, 0x0000000084300000, 0x0000000084400000|  0%| F|  |TAMS 0x0000000084300000, 0x0000000084300000| Untracked 
|  68|0x0000000084400000, 0x0000000084400000, 0x0000000084500000|  0%| F|  |TAMS 0x0000000084400000, 0x0000000084400000| Untracked 
|  69|0x0000000084500000, 0x0000000084500000, 0x0000000084600000|  0%| F|  |TAMS 0x0000000084500000, 0x0000000084500000| Untracked 
|  70|0x0000000084600000, 0x0000000084600000, 0x0000000084700000|  0%| F|  |TAMS 0x0000000084600000, 0x0000000084600000| Untracked 
|  71|0x0000000084700000, 0x0000000084700000, 0x0000000084800000|  0%| F|  |TAMS 0x0000000084700000, 0x0000000084700000| Untracked 
|  72|0x0000000084800000, 0x0000000084800000, 0x0000000084900000|  0%| F|  |TAMS 0x0000000084800000, 0x0000000084800000| Untracked 
|  73|0x0000000084900000, 0x0000000084900000, 0x0000000084a00000|  0%| F|  |TAMS 0x0000000084900000, 0x0000000084900000| Untracked 
|  74|0x0000000084a00000, 0x0000000084a00000, 0x0000000084b00000|  0%| F|  |TAMS 0x0000000084a00000, 0x0000000084a00000| Untracked 
|  75|0x0000000084b00000, 0x0000000084b00000, 0x0000000084c00000|  0%| F|  |TAMS 0x0000000084b00000, 0x0000000084b00000| Untracked 
|  76|0x0000000084c00000, 0x0000000084c00000, 0x0000000084d00000|  0%| F|  |TAMS 0x0000000084c00000, 0x0000000084c00000| Untracked 
|  77|0x0000000084d00000, 0x0000000084d00000, 0x0000000084e00000|  0%| F|  |TAMS 0x0000000084d00000, 0x0000000084d00000| Untracked 
|  78|0x0000000084e00000, 0x0000000084e00000, 0x0000000084f00000|  0%| F|  |TAMS 0x0000000084e00000, 0x0000000084e00000| Untracked 
|  79|0x0000000084f00000, 0x0000000084f00000, 0x0000000085000000|  0%| F|  |TAMS 0x0000000084f00000, 0x0000000084f00000| Untracked 
|  80|0x0000000085000000, 0x0000000085000000, 0x0000000085100000|  0%| F|  |TAMS 0x0000000085000000, 0x0000000085000000| Untracked 
|  81|0x0000000085100000, 0x0000000085100000, 0x0000000085200000|  0%| F|  |TAMS 0x0000000085100000, 0x0000000085100000| Untracked 
|  82|0x0000000085200000, 0x0000000085200000, 0x0000000085300000|  0%| F|  |TAMS 0x0000000085200000, 0x0000000085200000| Untracked 
|  83|0x0000000085300000, 0x0000000085300000, 0x0000000085400000|  0%| F|  |TAMS 0x0000000085300000, 0x0000000085300000| Untracked 
|  84|0x0000000085400000, 0x0000000085400000, 0x0000000085500000|  0%| F|  |TAMS 0x0000000085400000, 0x0000000085400000| Untracked 
|  85|0x0000000085500000, 0x000000008557cb78, 0x0000000085600000| 48%| E|  |TAMS 0x0000000085500000, 0x0000000085500000| Complete 
|  86|0x0000000085600000, 0x0000000085700000, 0x0000000085700000|100%| E|CS|TAMS 0x0000000085600000, 0x0000000085600000| Complete 
|  87|0x0000000085700000, 0x0000000085800000, 0x0000000085800000|100%| E|CS|TAMS 0x0000000085700000, 0x0000000085700000| Complete 
|  88|0x0000000085800000, 0x0000000085900000, 0x0000000085900000|100%| E|CS|TAMS 0x0000000085800000, 0x0000000085800000| Complete 
|  89|0x0000000085900000, 0x0000000085a00000, 0x0000000085a00000|100%| E|CS|TAMS 0x0000000085900000, 0x0000000085900000| Complete 

Card table byte_map: [0x00000292ed9d0000,0x00000292eddd0000] _byte_map_base: 0x00000292ed5d0000

Marking Bits (Prev, Next): (CMBitMap*) 0x00000292db15d3d0, (CMBitMap*) 0x00000292db15d410
 Prev Bits: [0x00000292ee1d0000, 0x00000292f01d0000)
 Next Bits: [0x00000292f01d0000, 0x00000292f21d0000)

Polling page: 0x00000292d9010000

Metaspace:

Usage:
  Non-class:     42.78 MB used.
      Class:      6.68 MB used.
       Both:     49.47 MB used.

Virtual space:
  Non-class space:       64.00 MB reserved,      43.00 MB ( 67%) committed,  1 nodes.
      Class space:        1.00 GB reserved,       6.88 MB ( <1%) committed,  1 nodes.
             Both:        1.06 GB reserved,      49.88 MB (  5%) committed. 

Chunk freelists:
   Non-Class:  5.01 MB
       Class:  9.08 MB
        Both:  14.09 MB

MaxMetaspaceSize: unlimited
CompressedClassSpaceSize: 1.00 GB
Initial GC threshold: 21.00 MB
Current GC threshold: 83.06 MB
CDS: off
MetaspaceReclaimPolicy: balanced
 - commit_granule_bytes: 65536.
 - commit_granule_words: 8192.
 - virtual_space_node_default_size: 8388608.
 - enlarge_chunks_in_place: 1.
 - new_chunks_are_fully_committed: 0.
 - uncommit_free_chunks: 1.
 - use_allocation_guard: 0.
 - handle_deallocations: 1.


Internal statistics:

num_allocs_failed_limit: 3.
num_arena_births: 484.
num_arena_deaths: 0.
num_vsnodes_births: 2.
num_vsnodes_deaths: 0.
num_space_committed: 798.
num_space_uncommitted: 0.
num_chunks_returned_to_freelist: 3.
num_chunks_taken_from_freelist: 2123.
num_chunk_merges: 3.
num_chunk_splits: 1347.
num_chunks_enlarged: 910.
num_inconsistent_stats: 0.

CodeHeap 'non-profiled nmethods': size=120000Kb used=2429Kb max_used=2429Kb free=117570Kb
 bounds [0x00000292e60a0000, 0x00000292e6310000, 0x00000292ed5d0000]
CodeHeap 'profiled nmethods': size=120000Kb used=9419Kb max_used=9419Kb free=110580Kb
 bounds [0x00000292de5d0000, 0x00000292def10000, 0x00000292e5b00000]
CodeHeap 'non-nmethods': size=5760Kb used=2318Kb max_used=2361Kb free=3442Kb
 bounds [0x00000292e5b00000, 0x00000292e5d70000, 0x00000292e60a0000]
 total_blobs=5277 nmethods=4460 adapters=728
 compilation: enabled
              stopped_count=0, restarted_count=0
 full_count=0

Compilation events (20 events):
Event: 13.913 Thread 0x00000292f4965580 nmethod 4369 0x00000292deed2310 code [0x00000292deed24c0, 0x00000292deed2608]
Event: 13.913 Thread 0x00000292f4965580 4372       3       com.google.common.cache.LocalCache$Segment::expireEntries (113 bytes)
Event: 13.914 Thread 0x00000292f4965580 nmethod 4372 0x00000292deed2710 code [0x00000292deed29a0, 0x00000292deed3568]
Event: 13.914 Thread 0x00000292f4965580 4373   !   3       com.google.common.cache.LocalCache$Segment::get (122 bytes)
Event: 13.915 Thread 0x00000292f4965580 nmethod 4373 0x00000292deed3910 code [0x00000292deed3d00, 0x00000292deed5648]
Event: 13.916 Thread 0x00000292f4965580 4374       3       sun.nio.fs.WindowsFileAttributes::isSymbolicLink (15 bytes)
Event: 13.917 Thread 0x00000292f4965580 nmethod 4374 0x00000292deed6210 code [0x00000292deed63a0, 0x00000292deed6518]
Event: 13.919 Thread 0x00000292f4965580 4375       3       java.io.DataInputStream::readByte (6 bytes)
Event: 13.919 Thread 0x00000292f4965580 nmethod 4375 0x00000292deed6590 code [0x00000292deed6760, 0x00000292deed6a98]
Event: 13.921 Thread 0x00000292f4965580 4376       3       org.gradle.internal.snapshot.SnapshotUtil::getMetadataFromChildren (21 bytes)
Event: 13.921 Thread 0x00000292f4965580 nmethod 4376 0x00000292deed6c10 code [0x00000292deed6de0, 0x00000292deed7248]
Event: 13.926 Thread 0x00000292f4965580 4377       3       java.util.Optional::map (30 bytes)
Event: 13.926 Thread 0x00000292f4965580 nmethod 4377 0x00000292deed7410 code [0x00000292deed7620, 0x00000292deed7cf8]
Event: 13.957 Thread 0x00000292f4965580 4378       1       com.google.common.collect.MapMakerInternalMap$AbstractStrongKeyEntry::getHash (5 bytes)
Event: 13.957 Thread 0x00000292f4965580 nmethod 4378 0x00000292e62fc510 code [0x00000292e62fc6a0, 0x00000292e62fc778]
Event: 13.958 Thread 0x00000292f4965580 4379       3       com.google.common.collect.MapMakerInternalMap$Segment::getEntry (80 bytes)
Event: 13.959 Thread 0x00000292f4965580 nmethod 4379 0x00000292deed7f10 code [0x00000292deed81c0, 0x00000292deed9208]
Event: 13.960 Thread 0x00000292f4965580 4380       3       org.gradle.internal.instantiation.generator.AbstractClassGenerator$PropertyMetadata::addGetter (129 bytes)
Event: 13.961 Thread 0x00000292f4965580 nmethod 4380 0x00000292deed9690 code [0x00000292deed9960, 0x00000292deedaae8]
Event: 13.961 Thread 0x00000292f4965580 4381       3       org.gradle.internal.instantiation.generator.AbstractClassGenerator$DslMixInPropertyType::visitProperty (33 bytes)

GC Heap History (20 events):
Event: 9.637 GC heap before
{Heap before GC invocations=14 (full 0):
 garbage-first heap   total 70656K, used 48156K [0x0000000080000000, 0x0000000100000000)
  region size 1024K, 10 young (10240K), 1 survivors (1024K)
 Metaspace       used 33502K, committed 33856K, reserved 1114112K
  class space    used 4541K, committed 4672K, reserved 1048576K
}
Event: 9.638 GC heap after
{Heap after GC invocations=15 (full 0):
 garbage-first heap   total 70656K, used 40432K [0x0000000080000000, 0x0000000100000000)
  region size 1024K, 2 young (2048K), 2 survivors (2048K)
 Metaspace       used 33502K, committed 33856K, reserved 1114112K
  class space    used 4541K, committed 4672K, reserved 1048576K
}
Event: 10.085 GC heap before
{Heap before GC invocations=15 (full 0):
 garbage-first heap   total 70656K, used 51696K [0x0000000080000000, 0x0000000100000000)
  region size 1024K, 13 young (13312K), 2 survivors (2048K)
 Metaspace       used 34659K, committed 35008K, reserved 1114112K
  class space    used 4750K, committed 4928K, reserved 1048576K
}
Event: 10.087 GC heap after
{Heap after GC invocations=16 (full 0):
 garbage-first heap   total 70656K, used 40915K [0x0000000080000000, 0x0000000100000000)
  region size 1024K, 2 young (2048K), 2 survivors (2048K)
 Metaspace       used 34659K, committed 35008K, reserved 1114112K
  class space    used 4750K, committed 4928K, reserved 1048576K
}
Event: 10.398 GC heap before
{Heap before GC invocations=17 (full 0):
 garbage-first heap   total 73728K, used 53203K [0x0000000080000000, 0x0000000100000000)
  region size 1024K, 14 young (14336K), 2 survivors (2048K)
 Metaspace       used 36133K, committed 36480K, reserved 1114112K
  class space    used 4989K, committed 5120K, reserved 1048576K
}
Event: 10.401 GC heap after
{Heap after GC invocations=18 (full 0):
 garbage-first heap   total 73728K, used 41484K [0x0000000080000000, 0x0000000100000000)
  region size 1024K, 2 young (2048K), 2 survivors (2048K)
 Metaspace       used 36133K, committed 36480K, reserved 1114112K
  class space    used 4989K, committed 5120K, reserved 1048576K
}
Event: 10.861 GC heap before
{Heap before GC invocations=18 (full 0):
 garbage-first heap   total 73728K, used 54796K [0x0000000080000000, 0x0000000100000000)
  region size 1024K, 16 young (16384K), 2 survivors (2048K)
 Metaspace       used 38325K, committed 38784K, reserved 1114112K
  class space    used 5340K, committed 5568K, reserved 1048576K
}
Event: 10.864 GC heap after
{Heap after GC invocations=19 (full 0):
 garbage-first heap   total 73728K, used 42049K [0x0000000080000000, 0x0000000100000000)
  region size 1024K, 2 young (2048K), 2 survivors (2048K)
 Metaspace       used 38325K, committed 38784K, reserved 1114112K
  class space    used 5340K, committed 5568K, reserved 1048576K
}
Event: 11.371 GC heap before
{Heap before GC invocations=20 (full 0):
 garbage-first heap   total 73728K, used 57409K [0x0000000080000000, 0x0000000100000000)
  region size 1024K, 17 young (17408K), 2 survivors (2048K)
 Metaspace       used 40984K, committed 41408K, reserved 1114112K
  class space    used 5635K, committed 5824K, reserved 1048576K
}
Event: 11.378 GC heap after
{Heap after GC invocations=21 (full 0):
 garbage-first heap   total 73728K, used 43811K [0x0000000080000000, 0x0000000100000000)
  region size 1024K, 3 young (3072K), 3 survivors (3072K)
 Metaspace       used 40984K, committed 41408K, reserved 1114112K
  class space    used 5635K, committed 5824K, reserved 1048576K
}
Event: 11.878 GC heap before
{Heap before GC invocations=21 (full 0):
 garbage-first heap   total 73728K, used 57123K [0x0000000080000000, 0x0000000100000000)
  region size 1024K, 17 young (17408K), 3 survivors (3072K)
 Metaspace       used 44542K, committed 44928K, reserved 1114112K
  class space    used 6023K, committed 6208K, reserved 1048576K
}
Event: 11.885 GC heap after
{Heap after GC invocations=22 (full 0):
 garbage-first heap   total 73728K, used 45602K [0x0000000080000000, 0x0000000100000000)
  region size 1024K, 2 young (2048K), 2 survivors (2048K)
 Metaspace       used 44542K, committed 44928K, reserved 1114112K
  class space    used 6023K, committed 6208K, reserved 1048576K
}
Event: 11.984 GC heap before
{Heap before GC invocations=23 (full 0):
 garbage-first heap   total 80896K, used 58914K [0x0000000080000000, 0x0000000100000000)
  region size 1024K, 15 young (15360K), 2 survivors (2048K)
 Metaspace       used 44578K, committed 44992K, reserved 1114112K
  class space    used 6023K, committed 6208K, reserved 1048576K
}
Event: 11.988 GC heap after
{Heap after GC invocations=24 (full 0):
 garbage-first heap   total 80896K, used 46806K [0x0000000080000000, 0x0000000100000000)
  region size 1024K, 2 young (2048K), 2 survivors (2048K)
 Metaspace       used 44578K, committed 44992K, reserved 1114112K
  class space    used 6023K, committed 6208K, reserved 1048576K
}
Event: 12.117 GC heap before
{Heap before GC invocations=24 (full 0):
 garbage-first heap   total 80896K, used 54998K [0x0000000080000000, 0x0000000100000000)
  region size 1024K, 12 young (12288K), 2 survivors (2048K)
 Metaspace       used 45067K, committed 45504K, reserved 1114112K
  class space    used 6071K, committed 6272K, reserved 1048576K
}
Event: 12.120 GC heap after
{Heap after GC invocations=25 (full 0):
 garbage-first heap   total 80896K, used 48707K [0x0000000080000000, 0x0000000100000000)
  region size 1024K, 2 young (2048K), 2 survivors (2048K)
 Metaspace       used 45067K, committed 45504K, reserved 1114112K
  class space    used 6071K, committed 6272K, reserved 1048576K
}
Event: 12.687 GC heap before
{Heap before GC invocations=26 (full 0):
 garbage-first heap   total 92160K, used 70211K [0x0000000080000000, 0x0000000100000000)
  region size 1024K, 18 young (18432K), 2 survivors (2048K)
 Metaspace       used 48007K, committed 48384K, reserved 1114112K
  class space    used 6389K, committed 6592K, reserved 1048576K
}
Event: 12.692 GC heap after
{Heap after GC invocations=27 (full 0):
 garbage-first heap   total 92160K, used 49553K [0x0000000080000000, 0x0000000100000000)
  region size 1024K, 2 young (2048K), 2 survivors (2048K)
 Metaspace       used 48007K, committed 48384K, reserved 1114112K
  class space    used 6389K, committed 6592K, reserved 1048576K
}
Event: 13.637 GC heap before
{Heap before GC invocations=27 (full 0):
 garbage-first heap   total 92160K, used 71057K [0x0000000080000000, 0x0000000100000000)
  region size 1024K, 24 young (24576K), 2 survivors (2048K)
 Metaspace       used 50487K, committed 50944K, reserved 1114112K
  class space    used 6824K, committed 7040K, reserved 1048576K
}
Event: 13.643 GC heap after
{Heap after GC invocations=28 (full 0):
 garbage-first heap   total 92160K, used 50647K [0x0000000080000000, 0x0000000100000000)
  region size 1024K, 3 young (3072K), 3 survivors (3072K)
 Metaspace       used 50487K, committed 50944K, reserved 1114112K
  class space    used 6824K, committed 7040K, reserved 1048576K
}

Dll operation events (3 events):
Event: 0.040 Loaded shared library C:\Program Files\Android\Android Studio\jbr\bin\java.dll
Event: 0.442 Loaded shared library C:\Program Files\Android\Android Studio\jbr\bin\zip.dll
Event: 1.242 Loaded shared library C:\Program Files\Android\Android Studio\jbr\bin\verify.dll

Deoptimization events (20 events):
Event: 13.568 Thread 0x00000292fa797b30 Uncommon trap: trap_request=0xffffffde fr.pc=0x00000292e61a6eb8 relative=0x0000000000001118
Event: 13.568 Thread 0x00000292fa797b30 Uncommon trap: reason=class_check action=maybe_recompile pc=0x00000292e61a6eb8 method=java.util.concurrent.ConcurrentHashMap.putVal(Ljava/lang/Object;Ljava/lang/Object;Z)Ljava/lang/Object; @ 159 c2
Event: 13.568 Thread 0x00000292fa797b30 DEOPT PACKING pc=0x00000292e61a6eb8 sp=0x000000b128af7080
Event: 13.568 Thread 0x00000292fa797b30 DEOPT UNPACKING pc=0x00000292e5b5a1a3 sp=0x000000b128af7000 mode 2
Event: 13.568 Thread 0x00000292fa797b30 Uncommon trap: trap_request=0xffffff54 fr.pc=0x00000292e620c35c relative=0x0000000000004ddc
Event: 13.568 Thread 0x00000292fa797b30 Uncommon trap: reason=speculate_null_assert action=make_not_entrant pc=0x00000292e620c35c method=java.lang.invoke.MethodType$ConcurrentWeakInternSet.add(Ljava/lang/Object;)Ljava/lang/Object; @ 47 c2
Event: 13.568 Thread 0x00000292fa797b30 DEOPT PACKING pc=0x00000292e620c35c sp=0x000000b128af7130
Event: 13.568 Thread 0x00000292fa797b30 DEOPT UNPACKING pc=0x00000292e5b5a1a3 sp=0x000000b128af70c8 mode 2
Event: 13.628 Thread 0x00000292fbd6f040 Uncommon trap: trap_request=0xffffffde fr.pc=0x00000292e61a7028 relative=0x0000000000001288
Event: 13.628 Thread 0x00000292fbd6f040 Uncommon trap: reason=class_check action=maybe_recompile pc=0x00000292e61a7028 method=java.util.concurrent.ConcurrentHashMap.putVal(Ljava/lang/Object;Ljava/lang/Object;Z)Ljava/lang/Object; @ 242 c2
Event: 13.628 Thread 0x00000292fbd6f040 DEOPT PACKING pc=0x00000292e61a7028 sp=0x000000b129cfd4a0
Event: 13.628 Thread 0x00000292fbd6f040 DEOPT UNPACKING pc=0x00000292e5b5a1a3 sp=0x000000b129cfd410 mode 2
Event: 13.632 Thread 0x00000292fa797b30 Uncommon trap: trap_request=0xffffffde fr.pc=0x00000292e61fc298 relative=0x0000000000000078
Event: 13.632 Thread 0x00000292fa797b30 Uncommon trap: reason=class_check action=maybe_recompile pc=0x00000292e61fc298 method=java.util.Collections$SetFromMap.remove(Ljava/lang/Object;)Z @ 5 c2
Event: 13.632 Thread 0x00000292fa797b30 DEOPT PACKING pc=0x00000292e61fc298 sp=0x000000b128af8900
Event: 13.632 Thread 0x00000292fa797b30 DEOPT UNPACKING pc=0x00000292e5b5a1a3 sp=0x000000b128af8898 mode 2
Event: 13.633 Thread 0x00000292fa797b30 Uncommon trap: trap_request=0xffffffde fr.pc=0x00000292e61fc298 relative=0x0000000000000078
Event: 13.633 Thread 0x00000292fa797b30 Uncommon trap: reason=class_check action=maybe_recompile pc=0x00000292e61fc298 method=java.util.Collections$SetFromMap.remove(Ljava/lang/Object;)Z @ 5 c2
Event: 13.633 Thread 0x00000292fa797b30 DEOPT PACKING pc=0x00000292e61fc298 sp=0x000000b128af8900
Event: 13.633 Thread 0x00000292fa797b30 DEOPT UNPACKING pc=0x00000292e5b5a1a3 sp=0x000000b128af8898 mode 2

Classes unloaded (0 events):
No events

Classes redefined (0 events):
No events

Internal exceptions (20 events):
Event: 12.541 Thread 0x00000292fa797b30 Exception <a 'java/lang/NoSuchMethodError'{0x0000000085048608}: 'java.lang.Object java.lang.invoke.DirectMethodHandle$Holder.invokeSpecial(java.lang.Object, java.lang.Object, java.lang.Object, java.lang.Object, java.lang.Object, int)'> (0x0000000085048608) 
thrown [s\src\hotspot\share\interpreter\linkResolver.cpp, line 771]
Event: 12.542 Thread 0x00000292fa797b30 Exception <a 'java/lang/NoSuchMethodError'{0x000000008504d2e0}: 'java.lang.Object java.lang.invoke.Invokers$Holder.linkToTargetMethod(java.lang.Object, java.lang.Object, java.lang.Object, int, java.lang.Object)'> (0x000000008504d2e0) 
thrown [s\src\hotspot\share\interpreter\linkResolver.cpp, line 771]
Event: 12.586 Thread 0x00000292fa797b30 Exception <a 'java/lang/NoSuchMethodError'{0x0000000084d32b28}: 'int java.lang.invoke.DirectMethodHandle$Holder.invokeInterface(java.lang.Object, java.lang.Object, java.lang.Object, java.lang.Object)'> (0x0000000084d32b28) 
thrown [s\src\hotspot\share\interpreter\linkResolver.cpp, line 771]
Event: 12.790 Thread 0x00000292fa797b30 Implicit null exception at 0x00000292e6284a6c to 0x00000292e6284b14
Event: 12.798 Thread 0x00000292fa797b30 Exception <a 'java/lang/ClassNotFoundException'{0x00000000857d1f78}: org/gradle/api/internal/artifacts/dsl/dependencies/DefaultDependencyHandler_DecoratedBeanInfo> (0x00000000857d1f78) 
thrown [s\src\hotspot\share\classfile\systemDictionary.cpp, line 256]
Event: 12.799 Thread 0x00000292fa797b30 Exception <a 'java/lang/ClassNotFoundException'{0x00000000857e9db8}: org/gradle/api/internal/artifacts/dsl/dependencies/DefaultDependencyHandlerBeanInfo> (0x00000000857e9db8) 
thrown [s\src\hotspot\share\classfile\systemDictionary.cpp, line 256]
Event: 12.800 Thread 0x00000292fa797b30 Exception <a 'java/lang/ClassNotFoundException'{0x0000000085601f08}: org/gradle/api/internal/artifacts/dsl/dependencies/DefaultDependencyHandlerCustomizer> (0x0000000085601f08) 
thrown [s\src\hotspot\share\classfile\systemDictionary.cpp, line 256]
Event: 12.803 Thread 0x00000292fa797b30 Exception <a 'java/lang/ClassNotFoundException'{0x0000000085644368}: org/gradle/api/internal/artifacts/dsl/dependencies/DefaultDependencyHandler_DecoratedCustomizer> (0x0000000085644368) 
thrown [s\src\hotspot\share\classfile\systemDictionary.cpp, line 256]
Event: 12.806 Thread 0x00000292fa797b30 Exception <a 'java/lang/ClassNotFoundException'{0x0000000085688c10}: sync_studio_tooling884_4sbvito4aaod3cge3rg6orgcd$_run_closure1BeanInfo> (0x0000000085688c10) 
thrown [s\src\hotspot\share\classfile\systemDictionary.cpp, line 256]
Event: 12.807 Thread 0x00000292fa797b30 Exception <a 'java/lang/ClassNotFoundException'{0x000000008568fbf8}: sync_studio_tooling884_4sbvito4aaod3cge3rg6orgcd$_run_closure1Customizer> (0x000000008568fbf8) 
thrown [s\src\hotspot\share\classfile\systemDictionary.cpp, line 256]
Event: 13.005 Thread 0x00000292fa797b30 Exception <a 'java/lang/NoSuchMethodError'{0x00000000852756a8}: 'java.lang.Object java.lang.invoke.DirectMethodHandle$Holder.newInvokeSpecial(java.lang.Object, int, java.lang.Object)'> (0x00000000852756a8) 
thrown [s\src\hotspot\share\interpreter\linkResolver.cpp, line 771]
Event: 13.116 Thread 0x00000292fa797b30 Exception <a 'java/lang/NoSuchMethodError'{0x00000000850b5078}: 'void java.lang.invoke.DirectMethodHandle$Holder.invokeInterface(java.lang.Object, java.lang.Object)'> (0x00000000850b5078) 
thrown [s\src\hotspot\share\interpreter\linkResolver.cpp, line 771]
Event: 13.496 Thread 0x00000292fa797b30 Exception <a 'java/lang/NoSuchMethodError'{0x000000008442ed58}: 'java.lang.Object java.lang.invoke.DirectMethodHandle$Holder.newInvokeSpecial(java.lang.Object, java.lang.Object, java.lang.Object, java.lang.Object, int, java.lang.Object)'> (0x000000008442ed58) 
thrown [s\src\hotspot\share\interpreter\linkResolver.cpp, line 771]
Event: 13.501 Thread 0x00000292fa797b30 Exception <a 'java/lang/NoSuchMethodError'{0x0000000084437be8}: 'java.lang.Object java.lang.invoke.Invokers$Holder.linkToTargetMethod(java.lang.Object, java.lang.Object, java.lang.Object, int, java.lang.Object, java.lang.Object)'> (0x0000000084437be8) 
thrown [s\src\hotspot\share\interpreter\linkResolver.cpp, line 771]
Event: 13.748 Thread 0x00000292fbd6b380 Exception <a 'sun/nio/fs/WindowsException'{0x00000000859afe98}> (0x00000000859afe98) 
thrown [s\src\hotspot\share\prims\jni.cpp, line 517]
Event: 13.748 Thread 0x00000292fbd6b380 Exception <a 'sun/nio/fs/WindowsException'{0x00000000859b0488}> (0x00000000859b0488) 
thrown [s\src\hotspot\share\prims\jni.cpp, line 517]
Event: 13.769 Thread 0x00000292fbd6b380 Exception <a 'sun/nio/fs/WindowsException'{0x00000000859ed7c0}> (0x00000000859ed7c0) 
thrown [s\src\hotspot\share\prims\jni.cpp, line 517]
Event: 13.774 Thread 0x00000292fbd6b380 Exception <a 'sun/nio/fs/WindowsException'{0x00000000859ed930}> (0x00000000859ed930) 
thrown [s\src\hotspot\share\prims\jni.cpp, line 517]
Event: 13.814 Thread 0x00000292fa797b30 Exception <a 'java/lang/ClassNotFoundException'{0x000000008583fb98}: sync_studio_tooling884_4sbvito4aaod3cge3rg6orgcdBeanInfo> (0x000000008583fb98) 
thrown [s\src\hotspot\share\classfile\systemDictionary.cpp, line 256]
Event: 13.814 Thread 0x00000292fa797b30 Exception <a 'java/lang/ClassNotFoundException'{0x0000000085846668}: sync_studio_tooling884_4sbvito4aaod3cge3rg6orgcdCustomizer> (0x0000000085846668) 
thrown [s\src\hotspot\share\classfile\systemDictionary.cpp, line 256]

VM Operations (20 events):
Event: 12.369 Executing VM operation: HandshakeAllThreads
Event: 12.369 Executing VM operation: HandshakeAllThreads done
Event: 12.570 Executing VM operation: HandshakeAllThreads
Event: 12.571 Executing VM operation: HandshakeAllThreads done
Event: 12.580 Executing VM operation: HandshakeAllThreads
Event: 12.581 Executing VM operation: HandshakeAllThreads done
Event: 12.585 Executing VM operation: HandshakeAllThreads
Event: 12.585 Executing VM operation: HandshakeAllThreads done
Event: 12.687 Executing VM operation: G1CollectForAllocation
Event: 12.694 Executing VM operation: G1CollectForAllocation done
Event: 12.736 Executing VM operation: HandshakeAllThreads
Event: 12.736 Executing VM operation: HandshakeAllThreads done
Event: 13.432 Executing VM operation: HandshakeAllThreads
Event: 13.432 Executing VM operation: HandshakeAllThreads done
Event: 13.637 Executing VM operation: G1CollectForAllocation
Event: 13.644 Executing VM operation: G1CollectForAllocation done
Event: 13.690 Executing VM operation: G1PauseRemark
Event: 13.695 Executing VM operation: G1PauseRemark done
Event: 13.717 Executing VM operation: G1PauseCleanup
Event: 13.717 Executing VM operation: G1PauseCleanup done

Events (20 events):
Event: 13.432 loading class java/util/stream/ReferencePipeline$StatefulOp done
Event: 13.432 loading class java/util/stream/DistinctOps$1 done
Event: 13.433 loading class java/util/stream/DistinctOps$1$2
Event: 13.434 loading class java/util/stream/DistinctOps$1$2 done
Event: 13.469 loading class sun/reflect/ReflectionFactory
Event: 13.470 loading class sun/reflect/ReflectionFactory done
Event: 13.470 loading class sun/reflect/ReflectionFactory$1
Event: 13.470 loading class sun/reflect/ReflectionFactory$1 done
Event: 13.561 Thread 0x00000292fbd6f040 Thread added: 0x00000292fbd6f040
Event: 13.566 Thread 0x00000292fbd6d1e0 Thread added: 0x00000292fbd6d1e0
Event: 13.615 loading class sun/nio/ch/ChannelInputStream
Event: 13.616 loading class sun/nio/ch/ChannelInputStream done
Event: 13.645 loading class java/util/stream/SortedOps
Event: 13.647 loading class java/util/stream/SortedOps done
Event: 13.647 loading class java/util/stream/SortedOps$OfRef
Event: 13.647 loading class java/util/stream/SortedOps$OfRef done
Event: 13.648 loading class java/util/stream/SortedOps$SizedRefSortingSink
Event: 13.648 loading class java/util/stream/SortedOps$AbstractRefSortingSink
Event: 13.648 loading class java/util/stream/SortedOps$AbstractRefSortingSink done
Event: 13.649 loading class java/util/stream/SortedOps$SizedRefSortingSink done


Dynamic libraries:
0x00007ff6eeeb0000 - 0x00007ff6eeeba000 	C:\Program Files\Android\Android Studio\jbr\bin\java.exe
0x00007ffe7f480000 - 0x00007ffe7f670000 	C:\Windows\SYSTEM32\ntdll.dll
0x00007ffe6ac50000 - 0x00007ffe6ac6a000 	C:\Program Files\Avast Software\Avast\aswhook.dll
0x00007ffe7ddd0000 - 0x00007ffe7de82000 	C:\Windows\System32\KERNEL32.DLL
0x00007ffe7c6b0000 - 0x00007ffe7c953000 	C:\Windows\System32\KERNELBASE.dll
0x00007ffe7d470000 - 0x00007ffe7d56a000 	C:\Windows\System32\ucrtbase.dll
0x00007ffe73d70000 - 0x00007ffe73d8b000 	C:\Program Files\Android\Android Studio\jbr\bin\VCRUNTIME140.dll
0x00007ffe6a2b0000 - 0x00007ffe6a2c7000 	C:\Program Files\Android\Android Studio\jbr\bin\jli.dll
0x00007ffe7d570000 - 0x00007ffe7d704000 	C:\Windows\System32\USER32.dll
0x00007ffe7c600000 - 0x00007ffe7c621000 	C:\Windows\System32\win32u.dll
0x00007ffe7f150000 - 0x00007ffe7f176000 	C:\Windows\System32\GDI32.dll
0x00007ffe7d0e0000 - 0x00007ffe7d274000 	C:\Windows\System32\gdi32full.dll
0x00007ffe7c500000 - 0x00007ffe7c59e000 	C:\Windows\System32\msvcp_win.dll
0x00007ffe691d0000 - 0x00007ffe69455000 	C:\Windows\WinSxS\amd64_microsoft.windows.common-controls_6595b64144ccf1df_6.0.18362.418_none_e6c6b287130d565d\COMCTL32.dll
0x00007ffe7f3e0000 - 0x00007ffe7f47e000 	C:\Windows\System32\msvcrt.dll
0x00007ffe7da90000 - 0x00007ffe7ddc6000 	C:\Windows\System32\combase.dll
0x00007ffe7e6b0000 - 0x00007ffe7e7d0000 	C:\Windows\System32\RPCRT4.dll
0x00007ffe7d3f0000 - 0x00007ffe7d470000 	C:\Windows\System32\bcryptPrimitives.dll
0x00007ffe7f330000 - 0x00007ffe7f35e000 	C:\Windows\System32\IMM32.DLL
0x00007ffe77bc0000 - 0x00007ffe77bcc000 	C:\Program Files\Android\Android Studio\jbr\bin\vcruntime140_1.dll
0x00007ffe5dab0000 - 0x00007ffe5db3d000 	C:\Program Files\Android\Android Studio\jbr\bin\msvcp140.dll
0x00007ffe24780000 - 0x00007ffe25403000 	C:\Program Files\Android\Android Studio\jbr\bin\server\jvm.dll
0x00007ffe7eab0000 - 0x00007ffe7eb53000 	C:\Windows\System32\ADVAPI32.dll
0x00007ffe7ea10000 - 0x00007ffe7eaa7000 	C:\Windows\System32\sechost.dll
0x00007ffe7c3a0000 - 0x00007ffe7c3ea000 	C:\Windows\System32\POWRPROF.dll
0x00007ffe7c390000 - 0x00007ffe7c3a0000 	C:\Windows\System32\UMPDC.dll
0x00007ffe69720000 - 0x00007ffe69729000 	C:\Windows\SYSTEM32\WSOCK32.dll
0x00007ffe73d20000 - 0x00007ffe73d2a000 	C:\Windows\SYSTEM32\VERSION.dll
0x00007ffe7e830000 - 0x00007ffe7e89f000 	C:\Windows\System32\WS2_32.dll
0x00007ffe79e40000 - 0x00007ffe79e64000 	C:\Windows\SYSTEM32\WINMM.dll
0x00007ffe79e10000 - 0x00007ffe79e3d000 	C:\Windows\SYSTEM32\WINMMBASE.dll
0x00007ffe7c660000 - 0x00007ffe7c6aa000 	C:\Windows\System32\cfgmgr32.dll
0x00007ffe7c3f0000 - 0x00007ffe7c401000 	C:\Windows\System32\kernel.appcore.dll
0x00007ffe77bb0000 - 0x00007ffe77bba000 	C:\Program Files\Android\Android Studio\jbr\bin\jimage.dll
0x00007ffe7acc0000 - 0x00007ffe7aeb4000 	C:\Windows\SYSTEM32\DBGHELP.DLL
0x00007ffe6e4e0000 - 0x00007ffe6e50a000 	C:\Windows\SYSTEM32\dbgcore.DLL
0x00007ffe6a530000 - 0x00007ffe6a53e000 	C:\Program Files\Android\Android Studio\jbr\bin\instrument.dll
0x00007ffe6aa00000 - 0x00007ffe6aa25000 	C:\Program Files\Android\Android Studio\jbr\bin\java.dll
0x00007ffe75dc0000 - 0x00007ffe75dd8000 	C:\Program Files\Android\Android Studio\jbr\bin\zip.dll
0x00007ffe7dfc0000 - 0x00007ffe7e6a5000 	C:\Windows\System32\SHELL32.dll
0x00007ffe7deb0000 - 0x00007ffe7df59000 	C:\Windows\System32\shcore.dll
0x00007ffe7c960000 - 0x00007ffe7d0df000 	C:\Windows\System32\windows.storage.dll
0x00007ffe7c410000 - 0x00007ffe7c42f000 	C:\Windows\System32\profapi.dll
0x00007ffe7d790000 - 0x00007ffe7d7e2000 	C:\Windows\System32\shlwapi.dll
0x00007ffe7d3d0000 - 0x00007ffe7d3e7000 	C:\Windows\System32\cryptsp.dll
0x00007ffe73d50000 - 0x00007ffe73d69000 	C:\Program Files\Android\Android Studio\jbr\bin\net.dll
0x00007ffe72630000 - 0x00007ffe72720000 	C:\Windows\SYSTEM32\WINHTTP.dll
0x00007ffe7bba0000 - 0x00007ffe7bc07000 	C:\Windows\system32\mswsock.dll
0x00007ffe71330000 - 0x00007ffe71346000 	C:\Program Files\Android\Android Studio\jbr\bin\nio.dll
0x00007ffe6a540000 - 0x00007ffe6a550000 	C:\Program Files\Android\Android Studio\jbr\bin\verify.dll
0x00007ffe5db40000 - 0x00007ffe5db67000 	C:\Users\User-PC\.gradle\native\c067742578af261105cb4f569cf0c3c89f3d7b1fecec35dd04571415982c5e48\windows-amd64\native-platform.dll
0x00007ffe3c860000 - 0x00007ffe3c9a4000 	C:\Users\User-PC\.gradle\native\38dada09dfb8b06ba9b0570ebf7e218e3eb74d4ef43ca46872605cf95ebc2f47\windows-amd64\native-platform-file-events.dll
0x00007ffe6ab20000 - 0x00007ffe6ab29000 	C:\Program Files\Android\Android Studio\jbr\bin\management.dll
0x00007ffe6a550000 - 0x00007ffe6a55b000 	C:\Program Files\Android\Android Studio\jbr\bin\management_ext.dll
0x00007ffe7f3d0000 - 0x00007ffe7f3d8000 	C:\Windows\System32\PSAPI.DLL
0x00007ffe7b710000 - 0x00007ffe7b743000 	C:\Windows\system32\rsaenh.dll
0x00007ffe7c630000 - 0x00007ffe7c656000 	C:\Windows\System32\bcrypt.dll
0x00007ffe7c2b0000 - 0x00007ffe7c2d5000 	C:\Windows\SYSTEM32\USERENV.dll
0x00007ffe7bd70000 - 0x00007ffe7bd7c000 	C:\Windows\SYSTEM32\CRYPTBASE.dll
0x00007ffe7b8b0000 - 0x00007ffe7b8ea000 	C:\Windows\SYSTEM32\IPHLPAPI.DLL
0x00007ffe7ea00000 - 0x00007ffe7ea08000 	C:\Windows\System32\NSI.dll
0x00007ffe71550000 - 0x00007ffe71566000 	C:\Windows\SYSTEM32\dhcpcsvc6.DLL
0x00007ffe73d00000 - 0x00007ffe73d1c000 	C:\Windows\SYSTEM32\dhcpcsvc.DLL
0x00007ffe7b8f0000 - 0x00007ffe7b9ba000 	C:\Windows\SYSTEM32\DNSAPI.dll
0x00007ffe6c0d0000 - 0x00007ffe6c0d9000 	C:\Program Files\Android\Android Studio\jbr\bin\extnet.dll
0x00007ffe74c10000 - 0x00007ffe74c17000 	C:\Windows\system32\wshunix.dll

dbghelp: loaded successfully - version: 4.0.5 - missing functions: none
symbol engine: initialized successfully - sym options: 0x614 - pdb path: .;C:\Program Files\Android\Android Studio\jbr\bin;C:\Windows\SYSTEM32;C:\Program Files\Avast Software\Avast;C:\Windows\WinSxS\amd64_microsoft.windows.common-controls_6595b64144ccf1df_6.0.18362.418_none_e6c6b287130d565d;C:\Program Files\Android\Android Studio\jbr\bin\server;C:\Users\User-PC\.gradle\native\c067742578af261105cb4f569cf0c3c89f3d7b1fecec35dd04571415982c5e48\windows-amd64;C:\Users\User-PC\.gradle\native\38dada09dfb8b06ba9b0570ebf7e218e3eb74d4ef43ca46872605cf95ebc2f47\windows-amd64

VM Arguments:
jvm_args: --add-opens=java.base/java.util=ALL-UNNAMED --add-opens=java.base/java.lang=ALL-UNNAMED --add-opens=java.base/java.lang.invoke=ALL-UNNAMED --add-opens=java.prefs/java.util.prefs=ALL-UNNAMED --add-opens=java.base/java.nio.charset=ALL-UNNAMED --add-opens=java.base/java.net=ALL-UNNAMED --add-opens=java.base/java.util.concurrent.atomic=ALL-UNNAMED -Xmx2048m -Dfile.encoding=UTF-8 -Duser.country=EC -Duser.language=es -Duser.variant -javaagent:C:\Users\User-PC\.gradle\wrapper\dists\gradle-8.7-bin\bhs2wmbdwecv87pi65oeuq5iu\gradle-8.7\lib\agents\gradle-instrumentation-agent-8.7.jar 
java_command: org.gradle.launcher.daemon.bootstrap.GradleDaemon 8.7
java_class_path (initial): C:\Users\User-PC\.gradle\wrapper\dists\gradle-8.7-bin\bhs2wmbdwecv87pi65oeuq5iu\gradle-8.7\lib\gradle-launcher-8.7.jar
Launcher Type: SUN_STANDARD

[Global flags]
     intx CICompilerCount                          = 3                                         {product} {ergonomic}
     uint ConcGCThreads                            = 1                                         {product} {ergonomic}
     uint G1ConcRefinementThreads                  = 4                                         {product} {ergonomic}
   size_t G1HeapRegionSize                         = 1048576                                   {product} {ergonomic}
    uintx GCDrainStackTargetSize                   = 64                                        {product} {ergonomic}
   size_t InitialHeapSize                          = 65011712                                  {product} {ergonomic}
   size_t MarkStackSize                            = 4194304                                   {product} {ergonomic}
   size_t MaxHeapSize                              = 2147483648                                {product} {command line}
   size_t MaxNewSize                               = 1287651328                                {product} {ergonomic}
   size_t MinHeapDeltaBytes                        = 1048576                                   {product} {ergonomic}
   size_t MinHeapSize                              = 8388608                                   {product} {ergonomic}
    uintx NonNMethodCodeHeapSize                   = 5832780                                {pd product} {ergonomic}
    uintx NonProfiledCodeHeapSize                  = 122912730                              {pd product} {ergonomic}
    uintx ProfiledCodeHeapSize                     = 122912730                              {pd product} {ergonomic}
    uintx ReservedCodeCacheSize                    = 251658240                              {pd product} {ergonomic}
     bool SegmentedCodeCache                       = true                                      {product} {ergonomic}
   size_t SoftMaxHeapSize                          = 2147483648                             {manageable} {ergonomic}
     bool UseCompressedClassPointers               = true                           {product lp64_product} {ergonomic}
     bool UseCompressedOops                        = true                           {product lp64_product} {ergonomic}
     bool UseG1GC                                  = true                                      {product} {ergonomic}
     bool UseLargePagesIndividualAllocation        = false                                  {pd product} {ergonomic}

Logging:
Log output configuration:
 #0: stdout all=warning uptime,level,tags
 #1: stderr all=off uptime,level,tags

Environment Variables:
PATH=C:\Windows\system32;C:\Windows;C:\Windows\System32\Wbem;C:\Windows\System32\WindowsPowerShell\v1.0\;C:\Windows\System32\OpenSSH\;C:\Users\User-PC\AppData\Local\Programs\Python\Python37\;C:\Users\User-PC\AppData\Local\Programs\Python\Python37\Scripts\;C:\Users\User-PC\AppData\Local\DBeaver;C:\Users\User-PC\AppData\Local\Programs\Microsoft VS Code\bin;C:\Users\User-PC\AppData\Local\Microsoft\WindowsApps;C:\Users\User-PC\Desktop\ITSG VERO\PyCharm Community Edition 2022.3.2\bin;;C:\xampp\php;
USERNAME=User-PC
OS=Windows_NT
PROCESSOR_IDENTIFIER=Intel64 Family 6 Model 126 Stepping 5, GenuineIntel
TMP=C:\Users\User-PC\AppData\Local\Temp
TEMP=C:\Users\User-PC\AppData\Local\Temp



Periodic native trim disabled

JNI global refs:
JNI global refs: 26, weak refs: 3

JNI global refs memory usage: 843, weak refs: 841

OOME stack traces (most recent first):
Classloader memory used:
Loader org.gradle.internal.classloader.VisitableURLClassLoader                         : 3001K
Loader bootstrap                                                                       : 2379K
Loader org.gradle.initialization.MixInLegacyTypesClassLoader                           : 742K
Loader org.gradle.internal.classloader.VisitableURLClassLoader                         : 81121B
Loader jdk.internal.loader.ClassLoaders$PlatformClassLoader                            : 68952B
Loader jdk.internal.loader.ClassLoaders$AppClassLoader                                 : 28767B
Loader jdk.internal.reflect.DelegatingClassLoader                                      : 26264B
Loader org.gradle.groovy.scripts.internal.DefaultScriptCompilationHandler$ScriptClassLoader: 8593B
Loader org.codehaus.groovy.runtime.callsite.CallSiteClassLoader                        : 876B

Classes loaded by more than one classloader:
Class org.gradle.api.GradleException                                                  : loaded 3 times (x 80B)
Class org.gradle.util.GradleVersion                                                   : loaded 2 times (x 81B)
Class org.gradle.internal.classpath.ClassPath                                         : loaded 2 times (x 68B)
Class org.gradle.api.internal.classpath.DefaultModuleRegistry                         : loaded 2 times (x 84B)
Class org.gradle.internal.exceptions.NonGradleCauseExceptionsHolder                   : loaded 2 times (x 68B)
Class org.gradle.api.Action                                                           : loaded 2 times (x 68B)
Class org.gradle.api.internal.DefaultClassPathProvider                                : loaded 2 times (x 74B)
Class org.gradle.internal.installation.GradleInstallation$1                           : loaded 2 times (x 73B)
Class org.gradle.internal.exceptions.DefaultMultiCauseException                       : loaded 2 times (x 93B)
Class org.gradle.internal.time.MonotonicClock                                         : loaded 2 times (x 75B)
Class org.gradle.internal.classloader.FilteringClassLoader                            : loaded 2 times (x 103B)
Class org.gradle.internal.classpath.DefaultClassPath$ImmutableUniqueList$Builder      : loaded 2 times (x 73B)
Class org.gradle.internal.classloader.ClassLoaderVisitor                              : loaded 2 times (x 74B)
Class org.gradle.internal.time.DefaultCountdownTimer                                  : loaded 2 times (x 86B)
Class org.gradle.internal.service.DefaultServiceLocator                               : loaded 2 times (x 81B)
Class org.gradle.internal.service.UnknownServiceException                             : loaded 2 times (x 81B)
Class org.gradle.internal.classloader.DefaultClassLoaderFactory                       : loaded 2 times (x 80B)
Class org.gradle.internal.classloader.VisitableURLClassLoader$Spec                    : loaded 2 times (x 72B)
Class org.gradle.tooling.model.ProjectModel                                           : loaded 2 times (x 68B)
Class org.gradle.internal.installation.GradleInstallation                             : loaded 2 times (x 73B)
Class org.gradle.api.internal.classpath.ModuleRegistry                                : loaded 2 times (x 68B)
Class org.gradle.api.internal.ClassPathProvider                                       : loaded 2 times (x 68B)
Class org.gradle.internal.classloader.ClasspathUtil$1                                 : loaded 2 times (x 74B)
Class org.gradle.internal.classloader.ClassLoaderFactory                              : loaded 2 times (x 68B)
Class org.gradle.api.internal.classpath.ManifestUtil                                  : loaded 2 times (x 69B)
Class org.gradle.api.specs.Spec                                                       : loaded 2 times (x 68B)
Class org.gradle.internal.IoActions                                                   : loaded 2 times (x 69B)
Class org.gradle.api.internal.classpath.EffectiveClassPath                            : loaded 2 times (x 88B)
Class org.gradle.internal.exceptions.ResolutionProvider                               : loaded 2 times (x 68B)
Class org.gradle.internal.installation.CurrentGradleInstallation                      : loaded 2 times (x 71B)
Class org.gradle.internal.agents.InstrumentingClassLoader                             : loaded 2 times (x 68B)
Class org.gradle.internal.installation.CurrentGradleInstallationLocator               : loaded 2 times (x 69B)
Class org.gradle.api.internal.classpath.Module                                        : loaded 2 times (x 68B)
Class org.gradle.internal.service.CachingServiceLocator                               : loaded 2 times (x 80B)
Class org.gradle.internal.time.Timer                                                  : loaded 2 times (x 68B)
Class org.gradle.internal.classpath.DefaultClassPath                                  : loaded 2 times (x 88B)
Class org.gradle.internal.time.Time                                                   : loaded 2 times (x 69B)
Class org.gradle.internal.time.TimeSource$1                                           : loaded 2 times (x 75B)
Class org.gradle.internal.classloader.SystemClassLoaderSpec                           : loaded 2 times (x 69B)
Class kotlin.Function                                                                 : loaded 2 times (x 68B)
Class sync_studio_tooling884_4sbvito4aaod3cge3rg6orgcd$_run_closure1                  : loaded 2 times (x 137B)
Class org.gradle.api.UncheckedIOException                                             : loaded 2 times (x 80B)
Class org.gradle.internal.time.CountdownTimer                                         : loaded 2 times (x 68B)
Class org.gradle.internal.time.Clock                                                  : loaded 2 times (x 68B)
Class org.gradle.internal.classloader.ClasspathUtil                                   : loaded 2 times (x 69B)
Class org.gradle.api.internal.DefaultClassPathRegistry                                : loaded 2 times (x 74B)
Class org.gradle.api.internal.classpath.DefaultModuleRegistry$DefaultModule           : loaded 2 times (x 84B)
Class org.gradle.internal.time.TimeSource                                             : loaded 2 times (x 68B)
Class org.gradle.api.internal.classpath.UnknownModuleException                        : loaded 2 times (x 80B)
Class org.gradle.internal.service.ServiceLookupException                              : loaded 2 times (x 80B)
Class org.gradle.cache.GlobalCache                                                    : loaded 2 times (x 68B)
Class [Lorg.gradle.api.internal.ClassPathProvider;                                    : loaded 2 times (x 67B)
Class org.gradle.internal.operations.MultipleBuildOperationFailures                   : loaded 2 times (x 93B)
Class org.gradle.util.internal.GUtil                                                  : loaded 2 times (x 69B)
Class org.gradle.internal.classloader.ClassLoaderSpec                                 : loaded 2 times (x 69B)
Class sync_studio_tooling884_4sbvito4aaod3cge3rg6orgcd                                : loaded 2 times (x 177B)
Class org.gradle.internal.classloader.VisitableURLClassLoader                         : loaded 2 times (x 115B)
Class org.gradle.internal.Cast                                                        : loaded 2 times (x 69B)
Class org.gradle.api.internal.ClassPathRegistry                                       : loaded 2 times (x 68B)
Class org.gradle.internal.classloader.VisitableURLClassLoader$InstrumentingVisitableURLClassLoader: loaded 2 times (x 121B)
Class org.gradle.internal.classloader.ClassLoaderHierarchy                            : loaded 2 times (x 68B)
Class org.gradle.internal.exceptions.MultiCauseException                              : loaded 2 times (x 68B)
Class org.gradle.internal.InternalTransformer                                         : loaded 2 times (x 68B)
Class org.gradle.internal.service.ServiceLocator                                      : loaded 2 times (x 68B)
Class org.gradle.internal.classpath.DefaultClassPath$ImmutableUniqueList              : loaded 2 times (x 159B)
Class org.gradle.internal.time.DefaultTimer                                           : loaded 2 times (x 78B)
Class org.gradle.internal.classpath.TransformedClassPath                              : loaded 2 times (x 94B)


---------------  S Y S T E M  ---------------

OS:
 Windows 10 , 64 bit Build 18362 (10.0.18362.329)
OS uptime: 0 days 10:53 hours

CPU: total 4 (initial active 4) (2 cores per cpu, 2 threads per core) family 6 model 126 stepping 5 microcode 0xa0, cx8, cmov, fxsr, ht, mmx, 3dnowpref, sse, sse2, sse3, ssse3, sse4.1, sse4.2, popcnt, lzcnt, tsc, tscinvbit, avx, avx2, aes, erms, clmul, bmi1, bmi2, adx, avx512f, avx512dq, avx512cd, avx512bw, avx512vl, sha, fma, vzeroupper, avx512_vpopcntdq, avx512_vpclmulqdq, avx512_vaes, avx512_vnni, clflush, clflushopt, avx512_vbmi2, avx512_vbmi
Processor Information for all 4 processors :
  Max Mhz: 1190, Current Mhz: 1190, Mhz Limit: 1190

Memory: 4k page, system-wide physical 3891M (260M free)
TotalPageFile size 9002M (AvailPageFile size 4M)
current process WorkingSet (physical memory assigned to process): 243M, peak: 245M
current process commit charge ("private bytes"): 270M, peak: 274M

vm_info: OpenJDK 64-Bit Server VM (17.0.10+0--11609105) for windows-amd64 JRE (17.0.10+0--11609105), built on Mar 21 2024 19:10:56 by "androidbuild" with MS VC++ 16.10 / 16.11 (VS2019)

END.
