#
# There is insufficient memory for the Java Runtime Environment to continue.
# Native memory allocation (malloc) failed to allocate 262160 bytes for Chunk::new
# Possible reasons:
#   The system is out of physical RAM or swap space
#   The process is running with CompressedOops enabled, and the Java Heap may be blocking the growth of the native heap
# Possible solutions:
#   Reduce memory load on the system
#   Increase physical memory or swap space
#   Check if swap backing store is full
#   Decrease Java heap size (-Xmx/-Xms)
#   Decrease number of Java threads
#   Decrease Java thread stack sizes (-Xss)
#   Set larger code cache with -XX:ReservedCodeCacheSize=
#   JVM is running with Unscaled Compressed Oops mode in which the Java heap is
#     placed in the first 4GB address space. The Java Heap base address is the
#     maximum limit for the native heap growth. Please use -XX:HeapBaseMinAddress
#     to set the Java Heap base and to place the Java Heap above 4GB virtual address.
# This output file may be truncated or incomplete.
#
#  Out of Memory Error (arena.cpp:191), pid=6456, tid=12872
#
# JRE version: OpenJDK Runtime Environment (17.0.10) (build 17.0.10+0--11609105)
# Java VM: OpenJDK 64-Bit Server VM (17.0.10+0--11609105, mixed mode, tiered, compressed oops, compressed class ptrs, g1 gc, windows-amd64)
# No core dump will be written. Minidumps are not enabled by default on client versions of Windows
#

---------------  S U M M A R Y ------------

Command Line: --add-opens=java.base/java.util=ALL-UNNAMED --add-opens=java.base/java.lang=ALL-UNNAMED --add-opens=java.base/java.lang.invoke=ALL-UNNAMED --add-opens=java.prefs/java.util.prefs=ALL-UNNAMED --add-opens=java.base/java.nio.charset=ALL-UNNAMED --add-opens=java.base/java.net=ALL-UNNAMED --add-opens=java.base/java.util.concurrent.atomic=ALL-UNNAMED -Xmx2048m -Dfile.encoding=UTF-8 -Duser.country=EC -Duser.language=es -Duser.variant -javaagent:C:\Users\User-PC\.gradle\wrapper\dists\gradle-8.7-bin\bhs2wmbdwecv87pi65oeuq5iu\gradle-8.7\lib\agents\gradle-instrumentation-agent-8.7.jar org.gradle.launcher.daemon.bootstrap.GradleDaemon 8.7

Host: Intel(R) Core(TM) i3-1005G1 CPU @ 1.20GHz, 4 cores, 3G,  Windows 10 , 64 bit Build 18362 (10.0.18362.329)
Time: Sat Jul 20 10:19:13 2024 Hora est. Pacífico, Sudamérica elapsed time: 28.656772 seconds (0d 0h 0m 28s)

---------------  T H R E A D  ---------------

Current thread (0x000001e21f3b4f90):  JavaThread "C2 CompilerThread0" daemon [_thread_in_native, id=12872, stack(0x0000005151e00000,0x0000005151f00000)]


Current CompileTask:
C2:  28656 5871       4       java.lang.invoke.MethodType::makeImpl (109 bytes)

Stack: [0x0000005151e00000,0x0000005151f00000]
Native frames: (J=compiled Java code, j=interpreted, Vv=VM code, C=native code)
V  [jvm.dll+0x688de9]
V  [jvm.dll+0x8423da]
V  [jvm.dll+0x84401e]
V  [jvm.dll+0x844683]
V  [jvm.dll+0x24be0f]
V  [jvm.dll+0xac524]
V  [jvm.dll+0xacb6c]
V  [jvm.dll+0x6adfd2]
V  [jvm.dll+0x6ae413]
V  [jvm.dll+0x6b00b2]
V  [jvm.dll+0x6ae9da]
V  [jvm.dll+0x226499]
V  [jvm.dll+0x21f64e]
V  [jvm.dll+0x21cdb1]
V  [jvm.dll+0x1a60ad]
V  [jvm.dll+0x22cd78]
V  [jvm.dll+0x22aeb0]
V  [jvm.dll+0x7f6877]
V  [jvm.dll+0x7f0c7a]
V  [jvm.dll+0x687c65]
C  [ucrtbase.dll+0x20e72]
C  [KERNEL32.DLL+0x17bd4]
C  [ntdll.dll+0x6ced1]


---------------  P R O C E S S  ---------------

Threads class SMR info:
_java_thread_list=0x000001e22664ccb0, length=39, elements={
0x000001e205b4e530, 0x000001e21f10d540, 0x000001e21f10fb30, 0x000001e21f3a9490,
0x000001e21f3ae290, 0x000001e21f3af3f0, 0x000001e21f3b3a50, 0x000001e21f3b4f90,
0x000001e21f3b61e0, 0x000001e21f3c6300, 0x000001e21f515f90, 0x000001e21f68e590,
0x000001e2240e6910, 0x000001e2246de930, 0x000001e224d6c890, 0x000001e21f822040,
0x000001e21f822520, 0x000001e224e537e0, 0x000001e224e54c20, 0x000001e224e528b0,
0x000001e224e55130, 0x000001e224e55b50, 0x000001e224e52dc0, 0x000001e224e55640,
0x000001e224e532d0, 0x000001e224e54200, 0x000001e224e54710, 0x000001e224bfb320,
0x000001e224bfae10, 0x000001e224bf99d0, 0x000001e224bfc250, 0x000001e224bfb830,
0x000001e224bf8080, 0x000001e224bfc760, 0x000001e224bf8aa0, 0x000001e224bfa3f0,
0x000001e224bf7150, 0x000001e224bfdba0, 0x000001e224bfcc70
}

Java Threads: ( => current thread )
  0x000001e205b4e530 JavaThread "main" [_thread_blocked, id=4664, stack(0x0000005151100000,0x0000005151200000)]
  0x000001e21f10d540 JavaThread "Reference Handler" daemon [_thread_blocked, id=2192, stack(0x0000005151800000,0x0000005151900000)]
  0x000001e21f10fb30 JavaThread "Finalizer" daemon [_thread_blocked, id=11244, stack(0x0000005151900000,0x0000005151a00000)]
  0x000001e21f3a9490 JavaThread "Signal Dispatcher" daemon [_thread_blocked, id=8608, stack(0x0000005151a00000,0x0000005151b00000)]
  0x000001e21f3ae290 JavaThread "Attach Listener" daemon [_thread_blocked, id=12660, stack(0x0000005151b00000,0x0000005151c00000)]
  0x000001e21f3af3f0 JavaThread "Service Thread" daemon [_thread_blocked, id=12860, stack(0x0000005151c00000,0x0000005151d00000)]
  0x000001e21f3b3a50 JavaThread "Monitor Deflation Thread" daemon [_thread_blocked, id=3376, stack(0x0000005151d00000,0x0000005151e00000)]
=>0x000001e21f3b4f90 JavaThread "C2 CompilerThread0" daemon [_thread_in_native, id=12872, stack(0x0000005151e00000,0x0000005151f00000)]
  0x000001e21f3b61e0 JavaThread "C1 CompilerThread0" daemon [_thread_blocked, id=4676, stack(0x0000005151f00000,0x0000005152000000)]
  0x000001e21f3c6300 JavaThread "Sweeper thread" daemon [_thread_blocked, id=1660, stack(0x0000005152000000,0x0000005152100000)]
  0x000001e21f515f90 JavaThread "Common-Cleaner" daemon [_thread_blocked, id=11308, stack(0x0000005152100000,0x0000005152200000)]
  0x000001e21f68e590 JavaThread "Notification Thread" daemon [_thread_blocked, id=13032, stack(0x0000005152200000,0x0000005152300000)]
  0x000001e2240e6910 JavaThread "Daemon health stats" [_thread_blocked, id=13112, stack(0x0000005152700000,0x0000005152800000)]
  0x000001e2246de930 JavaThread "Incoming local TCP Connector on port 59836" [_thread_in_native, id=8696, stack(0x0000005152800000,0x0000005152900000)]
  0x000001e224d6c890 JavaThread "Daemon periodic checks" [_thread_blocked, id=10052, stack(0x0000005152900000,0x0000005152a00000)]
  0x000001e21f822040 JavaThread "Daemon" [_thread_blocked, id=12428, stack(0x0000005152a00000,0x0000005152b00000)]
  0x000001e21f822520 JavaThread "Handler for socket connection from /127.0.0.1:59836 to /127.0.0.1:59837" [_thread_in_native, id=12324, stack(0x0000005152b00000,0x0000005152c00000)]
  0x000001e224e537e0 JavaThread "Cancel handler" [_thread_blocked, id=3616, stack(0x0000005152c00000,0x0000005152d00000)]
  0x000001e224e54c20 JavaThread "Daemon worker" [_thread_in_Java, id=428, stack(0x0000005152d00000,0x0000005152e00000)]
  0x000001e224e528b0 JavaThread "Asynchronous log dispatcher for DefaultDaemonConnection: socket connection from /127.0.0.1:59836 to /127.0.0.1:59837" [_thread_blocked, id=4084, stack(0x0000005152e00000,0x0000005152f00000)]
  0x000001e224e55130 JavaThread "Stdin handler" [_thread_blocked, id=12332, stack(0x0000005152f00000,0x0000005153000000)]
  0x000001e224e55b50 JavaThread "Daemon client event forwarder" [_thread_blocked, id=8244, stack(0x0000005153000000,0x0000005153100000)]
  0x000001e224e52dc0 JavaThread "Cache worker for journal cache (C:\Users\User-PC\.gradle\caches\journal-1)" [_thread_blocked, id=4256, stack(0x0000005153100000,0x0000005153200000)]
  0x000001e224e55640 JavaThread "File lock request listener" [_thread_in_native, id=3940, stack(0x0000005153200000,0x0000005153300000)]
  0x000001e224e532d0 JavaThread "Cache worker for file hash cache (C:\Users\User-PC\.gradle\caches\8.7\fileHashes)" [_thread_blocked, id=12604, stack(0x0000005153300000,0x0000005153400000)]
  0x000001e224e54200 JavaThread "Cache worker for file hash cache (C:\Users\User-PC\AndroidStudioProjects\MIPETCARE\.gradle\8.7\fileHashes)" [_thread_blocked, id=9464, stack(0x0000005153400000,0x0000005153500000)]
  0x000001e224e54710 JavaThread "File watcher server" daemon [_thread_in_native, id=6372, stack(0x0000005153500000,0x0000005153600000)]
  0x000001e224bfb320 JavaThread "File watcher consumer" daemon [_thread_blocked, id=11012, stack(0x0000005153600000,0x0000005153700000)]
  0x000001e224bfae10 JavaThread "Cache worker for checksums cache (C:\Users\User-PC\AndroidStudioProjects\MIPETCARE\.gradle\8.7\checksums)" [_thread_blocked, id=11696, stack(0x0000005153700000,0x0000005153800000)]
  0x000001e224bf99d0 JavaThread "Cache worker for cache directory md-supplier (C:\Users\User-PC\.gradle\caches\8.7\md-supplier)" [_thread_blocked, id=8280, stack(0x0000005153800000,0x0000005153900000)]
  0x000001e224bfc250 JavaThread "Cache worker for cache directory md-rule (C:\Users\User-PC\.gradle\caches\8.7\md-rule)" [_thread_blocked, id=7852, stack(0x0000005153900000,0x0000005153a00000)]
  0x000001e224bfb830 JavaThread "Cache worker for file content cache (C:\Users\User-PC\.gradle\caches\8.7\fileContent)" [_thread_blocked, id=8576, stack(0x0000005153a00000,0x0000005153b00000)]
  0x000001e224bf8080 JavaThread "Cache worker for Build Output Cleanup Cache (C:\Users\User-PC\AndroidStudioProjects\MIPETCARE\.gradle\buildOutputCleanup)" [_thread_blocked, id=5720, stack(0x0000005153b00000,0x0000005153c00000)]
  0x000001e224bfc760 JavaThread "Unconstrained build operations" [_thread_blocked, id=2180, stack(0x0000005153c00000,0x0000005153d00000)]
  0x000001e224bf8aa0 JavaThread "Unconstrained build operations Thread 2" [_thread_blocked, id=6436, stack(0x0000005153d00000,0x0000005153e00000)]
  0x000001e224bfa3f0 JavaThread "Unconstrained build operations Thread 3" [_thread_blocked, id=2116, stack(0x0000005153e00000,0x0000005153f00000)]
  0x000001e224bf7150 JavaThread "Unconstrained build operations Thread 4" [_thread_in_native, id=12804, stack(0x0000005153f00000,0x0000005154000000)]
  0x000001e224bfdba0 JavaThread "Unconstrained build operations Thread 5" [_thread_blocked, id=8328, stack(0x0000005154000000,0x0000005154100000)]
  0x000001e224bfcc70 JavaThread "Unconstrained build operations Thread 6" [_thread_in_native, id=7404, stack(0x0000005154100000,0x0000005154200000)]

Other Threads:
  0x000001e21f105a50 VMThread "VM Thread" [stack: 0x0000005151700000,0x0000005151800000] [id=7016]
  0x000001e21f6494b0 WatcherThread [stack: 0x0000005152300000,0x0000005152400000] [id=6224]
  0x000001e205baac00 GCTaskThread "GC Thread#0" [stack: 0x0000005151200000,0x0000005151300000] [id=10064]
  0x000001e21f960870 GCTaskThread "GC Thread#1" [stack: 0x0000005152400000,0x0000005152500000] [id=1692]
  0x000001e21f985770 GCTaskThread "GC Thread#2" [stack: 0x0000005152500000,0x0000005152600000] [id=11704]
  0x000001e22401c050 GCTaskThread "GC Thread#3" [stack: 0x0000005152600000,0x0000005152700000] [id=2628]
  0x000001e205bbbb50 ConcurrentGCThread "G1 Main Marker" [stack: 0x0000005151300000,0x0000005151400000] [id=6252]
  0x000001e205bbcd10 ConcurrentGCThread "G1 Conc#0" [stack: 0x0000005151400000,0x0000005151500000] [id=11388]
  0x000001e21ef60090 ConcurrentGCThread "G1 Refine#0" [stack: 0x0000005151500000,0x0000005151600000] [id=5100]
  0x000001e21ef61ad0 ConcurrentGCThread "G1 Service" [stack: 0x0000005151600000,0x0000005151700000] [id=5716]

Threads with active compile tasks:
C2 CompilerThread0    28717 5871       4       java.lang.invoke.MethodType::makeImpl (109 bytes)

VM state: not at safepoint (normal execution)

VM Mutex/Monitor currently owned by a thread: None

Heap address: 0x0000000080000000, size: 2048 MB, Compressed Oops mode: 32-bit

CDS archive(s) not mapped
Compressed class space mapped at: 0x0000000100000000-0x0000000140000000, reserved size: 1073741824
Narrow klass base: 0x0000000000000000, Narrow klass shift: 3, Narrow klass range: 0x140000000

GC Precious Log:
 CPUs: 4 total, 4 available
 Memory: 3891M
 Large Page Support: Disabled
 NUMA Support: Disabled
 Compressed Oops: Enabled (32-bit)
 Heap Region Size: 1M
 Heap Min Capacity: 8M
 Heap Initial Capacity: 62M
 Heap Max Capacity: 2G
 Pre-touch: Disabled
 Parallel Workers: 4
 Concurrent Workers: 1
 Concurrent Refinement Workers: 4
 Periodic GC: Disabled

Heap:
 garbage-first heap   total 66560K, used 46711K [0x0000000080000000, 0x0000000100000000)
  region size 1024K, 13 young (13312K), 3 survivors (3072K)
 Metaspace       used 56321K, committed 56896K, reserved 1114112K
  class space    used 7732K, committed 8000K, reserved 1048576K

Heap Regions: E=young(eden), S=young(survivor), O=old, HS=humongous(starts), HC=humongous(continues), CS=collection set, F=free, OA=open archive, CA=closed archive, TAMS=top-at-mark-start (previous, next)
|   0|0x0000000080000000, 0x0000000080100000, 0x0000000080100000|100%| O|  |TAMS 0x0000000080100000, 0x0000000080000000| Untracked 
|   1|0x0000000080100000, 0x0000000080200000, 0x0000000080200000|100%| O|  |TAMS 0x0000000080200000, 0x0000000080100000| Untracked 
|   2|0x0000000080200000, 0x0000000080300000, 0x0000000080300000|100%|HS|  |TAMS 0x0000000080300000, 0x0000000080200000| Complete 
|   3|0x0000000080300000, 0x0000000080400000, 0x0000000080400000|100%|HC|  |TAMS 0x0000000080400000, 0x0000000080300000| Complete 
|   4|0x0000000080400000, 0x0000000080500000, 0x0000000080500000|100%|HC|  |TAMS 0x0000000080500000, 0x0000000080400000| Complete 
|   5|0x0000000080500000, 0x0000000080600000, 0x0000000080600000|100%|HC|  |TAMS 0x0000000080600000, 0x0000000080500000| Complete 
|   6|0x0000000080600000, 0x0000000080700000, 0x0000000080700000|100%| O|  |TAMS 0x0000000080700000, 0x0000000080600000| Untracked 
|   7|0x0000000080700000, 0x0000000080800000, 0x0000000080800000|100%| O|  |TAMS 0x0000000080800000, 0x0000000080700000| Untracked 
|   8|0x0000000080800000, 0x0000000080900000, 0x0000000080900000|100%| O|  |TAMS 0x0000000080900000, 0x0000000080800000| Untracked 
|   9|0x0000000080900000, 0x0000000080a00000, 0x0000000080a00000|100%| O|  |TAMS 0x0000000080a00000, 0x0000000080900000| Untracked 
|  10|0x0000000080a00000, 0x0000000080b00000, 0x0000000080b00000|100%| O|  |TAMS 0x0000000080b00000, 0x0000000080a00000| Untracked 
|  11|0x0000000080b00000, 0x0000000080c00000, 0x0000000080c00000|100%| O|  |TAMS 0x0000000080c00000, 0x0000000080b00000| Untracked 
|  12|0x0000000080c00000, 0x0000000080d00000, 0x0000000080d00000|100%| O|  |TAMS 0x0000000080d00000, 0x0000000080c00000| Untracked 
|  13|0x0000000080d00000, 0x0000000080e00000, 0x0000000080e00000|100%| O|  |TAMS 0x0000000080e00000, 0x0000000080d00000| Untracked 
|  14|0x0000000080e00000, 0x0000000080f00000, 0x0000000080f00000|100%| O|  |TAMS 0x0000000080f00000, 0x0000000080e00000| Untracked 
|  15|0x0000000080f00000, 0x0000000081000000, 0x0000000081000000|100%| O|  |TAMS 0x0000000081000000, 0x0000000080f00000| Untracked 
|  16|0x0000000081000000, 0x0000000081100000, 0x0000000081100000|100%| O|  |TAMS 0x0000000081100000, 0x0000000081000000| Untracked 
|  17|0x0000000081100000, 0x0000000081200000, 0x0000000081200000|100%| O|  |TAMS 0x0000000081200000, 0x0000000081100000| Untracked 
|  18|0x0000000081200000, 0x0000000081300000, 0x0000000081300000|100%| O|  |TAMS 0x0000000081300000, 0x0000000081200000| Untracked 
|  19|0x0000000081300000, 0x0000000081400000, 0x0000000081400000|100%| O|  |TAMS 0x0000000081400000, 0x0000000081300000| Untracked 
|  20|0x0000000081400000, 0x0000000081500000, 0x0000000081500000|100%| O|  |TAMS 0x0000000081500000, 0x0000000081400000| Untracked 
|  21|0x0000000081500000, 0x0000000081600000, 0x0000000081600000|100%| O|  |TAMS 0x0000000081600000, 0x0000000081500000| Untracked 
|  22|0x0000000081600000, 0x0000000081700000, 0x0000000081700000|100%| O|  |TAMS 0x0000000081700000, 0x0000000081600000| Untracked 
|  23|0x0000000081700000, 0x0000000081800000, 0x0000000081800000|100%| O|  |TAMS 0x0000000081800000, 0x0000000081700000| Untracked 
|  24|0x0000000081800000, 0x0000000081900000, 0x0000000081900000|100%| O|  |TAMS 0x0000000081900000, 0x0000000081800000| Untracked 
|  25|0x0000000081900000, 0x0000000081a00000, 0x0000000081a00000|100%| O|  |TAMS 0x0000000081a00000, 0x0000000081900000| Untracked 
|  26|0x0000000081a00000, 0x0000000081b00000, 0x0000000081b00000|100%| O|  |TAMS 0x0000000081b00000, 0x0000000081a00000| Untracked 
|  27|0x0000000081b00000, 0x0000000081c00000, 0x0000000081c00000|100%| O|  |TAMS 0x0000000081c00000, 0x0000000081b00000| Untracked 
|  28|0x0000000081c00000, 0x0000000081d00000, 0x0000000081d00000|100%| O|  |TAMS 0x0000000081d00000, 0x0000000081c00000| Untracked 
|  29|0x0000000081d00000, 0x0000000081e00000, 0x0000000081e00000|100%| O|  |TAMS 0x0000000081e00000, 0x0000000081d00000| Untracked 
|  30|0x0000000081e00000, 0x0000000081f00000, 0x0000000081f00000|100%| O|  |TAMS 0x0000000081f00000, 0x0000000081e00000| Untracked 
|  31|0x0000000081f00000, 0x0000000082000000, 0x0000000082000000|100%| O|  |TAMS 0x0000000082000000, 0x0000000081f00000| Untracked 
|  32|0x0000000082000000, 0x0000000082100000, 0x0000000082100000|100%| O|  |TAMS 0x0000000082100000, 0x0000000082000000| Untracked 
|  33|0x0000000082100000, 0x0000000082200000, 0x0000000082200000|100%| O|  |TAMS 0x000000008215b600, 0x0000000082100000| Untracked 
|  34|0x0000000082200000, 0x000000008229de00, 0x0000000082300000| 61%| O|  |TAMS 0x0000000082200000, 0x0000000082200000| Untracked 
|  35|0x0000000082300000, 0x0000000082300000, 0x0000000082400000|  0%| F|  |TAMS 0x0000000082300000, 0x0000000082300000| Untracked 
|  36|0x0000000082400000, 0x0000000082400000, 0x0000000082500000|  0%| F|  |TAMS 0x0000000082400000, 0x0000000082400000| Untracked 
|  37|0x0000000082500000, 0x0000000082500000, 0x0000000082600000|  0%| F|  |TAMS 0x0000000082500000, 0x0000000082500000| Untracked 
|  38|0x0000000082600000, 0x0000000082600000, 0x0000000082700000|  0%| F|  |TAMS 0x0000000082600000, 0x0000000082600000| Untracked 
|  39|0x0000000082700000, 0x0000000082700000, 0x0000000082800000|  0%| F|  |TAMS 0x0000000082700000, 0x0000000082700000| Untracked 
|  40|0x0000000082800000, 0x0000000082800000, 0x0000000082900000|  0%| F|  |TAMS 0x0000000082800000, 0x0000000082800000| Untracked 
|  41|0x0000000082900000, 0x0000000082900000, 0x0000000082a00000|  0%| F|  |TAMS 0x0000000082900000, 0x0000000082900000| Untracked 
|  42|0x0000000082a00000, 0x0000000082b00000, 0x0000000082b00000|100%| S|CS|TAMS 0x0000000082a00000, 0x0000000082a00000| Complete 
|  43|0x0000000082b00000, 0x0000000082c00000, 0x0000000082c00000|100%| S|CS|TAMS 0x0000000082b00000, 0x0000000082b00000| Complete 
|  44|0x0000000082c00000, 0x0000000082d00000, 0x0000000082d00000|100%| S|CS|TAMS 0x0000000082c00000, 0x0000000082c00000| Complete 
|  45|0x0000000082d00000, 0x0000000082d00000, 0x0000000082e00000|  0%| F|  |TAMS 0x0000000082d00000, 0x0000000082d00000| Untracked 
|  46|0x0000000082e00000, 0x0000000082e00000, 0x0000000082f00000|  0%| F|  |TAMS 0x0000000082e00000, 0x0000000082e00000| Untracked 
|  47|0x0000000082f00000, 0x0000000082f00000, 0x0000000083000000|  0%| F|  |TAMS 0x0000000082f00000, 0x0000000082f00000| Untracked 
|  48|0x0000000083000000, 0x0000000083000000, 0x0000000083100000|  0%| F|  |TAMS 0x0000000083000000, 0x0000000083000000| Untracked 
|  49|0x0000000083100000, 0x0000000083100000, 0x0000000083200000|  0%| F|  |TAMS 0x0000000083100000, 0x0000000083100000| Untracked 
|  50|0x0000000083200000, 0x0000000083200000, 0x0000000083300000|  0%| F|  |TAMS 0x0000000083200000, 0x0000000083200000| Untracked 
|  51|0x0000000083300000, 0x0000000083300000, 0x0000000083400000|  0%| F|  |TAMS 0x0000000083300000, 0x0000000083300000| Untracked 
|  52|0x0000000083400000, 0x0000000083400000, 0x0000000083500000|  0%| F|  |TAMS 0x0000000083400000, 0x0000000083400000| Untracked 
|  53|0x0000000083500000, 0x0000000083500000, 0x0000000083600000|  0%| F|  |TAMS 0x0000000083500000, 0x0000000083500000| Untracked 
|  54|0x0000000083600000, 0x0000000083600000, 0x0000000083700000|  0%| F|  |TAMS 0x0000000083600000, 0x0000000083600000| Untracked 
|  55|0x0000000083700000, 0x000000008378eea0, 0x0000000083800000| 55%| E|  |TAMS 0x0000000083700000, 0x0000000083700000| Complete 
|  56|0x0000000083800000, 0x0000000083900000, 0x0000000083900000|100%| E|  |TAMS 0x0000000083800000, 0x0000000083800000| Complete 
|  57|0x0000000083900000, 0x0000000083a00000, 0x0000000083a00000|100%| E|CS|TAMS 0x0000000083900000, 0x0000000083900000| Complete 
|  58|0x0000000083a00000, 0x0000000083b00000, 0x0000000083b00000|100%| E|CS|TAMS 0x0000000083a00000, 0x0000000083a00000| Complete 
|  59|0x0000000083b00000, 0x0000000083c00000, 0x0000000083c00000|100%| E|CS|TAMS 0x0000000083b00000, 0x0000000083b00000| Complete 
|  60|0x0000000083c00000, 0x0000000083d00000, 0x0000000083d00000|100%| E|CS|TAMS 0x0000000083c00000, 0x0000000083c00000| Complete 
|  61|0x0000000083d00000, 0x0000000083e00000, 0x0000000083e00000|100%| E|CS|TAMS 0x0000000083d00000, 0x0000000083d00000| Complete 
|  62|0x0000000083e00000, 0x0000000083f00000, 0x0000000083f00000|100%| E|CS|TAMS 0x0000000083e00000, 0x0000000083e00000| Complete 
|  63|0x0000000083f00000, 0x0000000084000000, 0x0000000084000000|100%| E|CS|TAMS 0x0000000083f00000, 0x0000000083f00000| Complete 
|  64|0x0000000084000000, 0x0000000084100000, 0x0000000084100000|100%| E|CS|TAMS 0x0000000084000000, 0x0000000084000000| Complete 

Card table byte_map: [0x000001e218420000,0x000001e218820000] _byte_map_base: 0x000001e218020000

Marking Bits (Prev, Next): (CMBitMap*) 0x000001e205bab260, (CMBitMap*) 0x000001e205bab220
 Prev Bits: [0x000001e21ac20000, 0x000001e21cc20000)
 Next Bits: [0x000001e218c20000, 0x000001e21ac20000)

Polling page: 0x000001e203b10000

Metaspace:

Usage:
  Non-class:     47.45 MB used.
      Class:      7.55 MB used.
       Both:     55.00 MB used.

Virtual space:
  Non-class space:       64.00 MB reserved,      47.75 MB ( 75%) committed,  1 nodes.
      Class space:        1.00 GB reserved,       7.81 MB ( <1%) committed,  1 nodes.
             Both:        1.06 GB reserved,      55.56 MB (  5%) committed. 

Chunk freelists:
   Non-Class:  176.00 KB
       Class:  8.22 MB
        Both:  8.39 MB

MaxMetaspaceSize: unlimited
CompressedClassSpaceSize: 1.00 GB
Initial GC threshold: 21.00 MB
Current GC threshold: 91.88 MB
CDS: off
MetaspaceReclaimPolicy: balanced
 - commit_granule_bytes: 65536.
 - commit_granule_words: 8192.
 - virtual_space_node_default_size: 8388608.
 - enlarge_chunks_in_place: 1.
 - new_chunks_are_fully_committed: 0.
 - uncommit_free_chunks: 1.
 - use_allocation_guard: 0.
 - handle_deallocations: 1.


Internal statistics:

num_allocs_failed_limit: 6.
num_arena_births: 624.
num_arena_deaths: 0.
num_vsnodes_births: 2.
num_vsnodes_deaths: 0.
num_space_committed: 889.
num_space_uncommitted: 0.
num_chunks_returned_to_freelist: 6.
num_chunks_taken_from_freelist: 2510.
num_chunk_merges: 6.
num_chunk_splits: 1641.
num_chunks_enlarged: 1096.
num_inconsistent_stats: 0.

CodeHeap 'non-profiled nmethods': size=120000Kb used=2867Kb max_used=3186Kb free=117132Kb
 bounds [0x000001e210af0000, 0x000001e210e10000, 0x000001e218020000]
CodeHeap 'profiled nmethods': size=120000Kb used=10501Kb max_used=11381Kb free=109498Kb
 bounds [0x000001e209020000, 0x000001e209b40000, 0x000001e210550000]
CodeHeap 'non-nmethods': size=5760Kb used=1640Kb max_used=1671Kb free=4120Kb
 bounds [0x000001e210550000, 0x000001e2107c0000, 0x000001e210af0000]
 total_blobs=6264 nmethods=5563 adapters=613
 compilation: enabled
              stopped_count=0, restarted_count=0
 full_count=0

Compilation events (20 events):
Event: 28.636 Thread 0x000001e21f3b61e0 5959       3       com.google.common.cache.LocalCache$LoadingValueReference::isActive (10 bytes)
Event: 28.636 Thread 0x000001e21f3b61e0 nmethod 5959 0x000001e209361d90 code [0x000001e209361f40, 0x000001e209362108]
Event: 28.636 Thread 0x000001e21f3b61e0 5960       3       com.google.common.cache.LocalCache$LoadingValueReference::get (10 bytes)
Event: 28.636 Thread 0x000001e21f3b61e0 nmethod 5960 0x000001e209122b10 code [0x000001e209122cc0, 0x000001e209122e88]
Event: 28.637 Thread 0x000001e21f3b61e0 5961       3       com.google.common.collect.ImmutableSortedMap::get (27 bytes)
Event: 28.638 Thread 0x000001e21f3b61e0 nmethod 5961 0x000001e209123890 code [0x000001e209123a40, 0x000001e209123cb8]
Event: 28.638 Thread 0x000001e21f3b61e0 5962   !   3       com.google.common.collect.RegularImmutableSortedSet::indexOf (35 bytes)
Event: 28.638 Thread 0x000001e21f3b61e0 nmethod 5962 0x000001e209164b10 code [0x000001e209164ce0, 0x000001e209164f68]
Event: 28.638 Thread 0x000001e21f3b61e0 5963       3       com.google.common.collect.ImmutableMap$Builder::<init> (6 bytes)
Event: 28.638 Thread 0x000001e21f3b61e0 nmethod 5963 0x000001e20932af90 code [0x000001e20932b140, 0x000001e20932b418]
Event: 28.639 Thread 0x000001e21f3b61e0 5964       3       java.util.function.Function::identity (6 bytes)
Event: 28.639 Thread 0x000001e21f3b61e0 nmethod 5964 0x000001e209582190 code [0x000001e209582340, 0x000001e2095825b8]
Event: 28.640 Thread 0x000001e21f3b61e0 5965       3       java.util.ArrayDeque::removeLast (19 bytes)
Event: 28.640 Thread 0x000001e21f3b61e0 nmethod 5965 0x000001e20920fd10 code [0x000001e20920fec0, 0x000001e209210118]
Event: 28.641 Thread 0x000001e21f3b61e0 5966       3       org.gradle.internal.vfs.impl.AbstractVirtualFileSystem::findSnapshot (11 bytes)
Event: 28.642 Thread 0x000001e21f3b61e0 nmethod 5966 0x000001e209354310 code [0x000001e2093544c0, 0x000001e209354688]
Event: 28.642 Thread 0x000001e21f3b61e0 5967       3       org.gradle.internal.snapshot.SnapshotHierarchy$$Lambda$516/0x00000001005d0e20::<init> (10 bytes)
Event: 28.642 Thread 0x000001e21f3b61e0 nmethod 5967 0x000001e2092a6b90 code [0x000001e2092a6d20, 0x000001e2092a6ed8]
Event: 28.642 Thread 0x000001e21f3b61e0 5968       3       org.gradle.internal.snapshot.SnapshotHierarchy::findSnapshot (38 bytes)
Event: 28.643 Thread 0x000001e21f3b61e0 nmethod 5968 0x000001e2092d8310 code [0x000001e2092d8660, 0x000001e2092d9d08]

GC Heap History (20 events):
Event: 21.114 GC heap before
{Heap before GC invocations=13 (full 0):
 garbage-first heap   total 63488K, used 47281K [0x0000000080000000, 0x0000000100000000)
  region size 1024K, 25 young (25600K), 2 survivors (2048K)
 Metaspace       used 41150K, committed 41536K, reserved 1114112K
  class space    used 5459K, committed 5632K, reserved 1048576K
}
Event: 21.121 GC heap after
{Heap after GC invocations=14 (full 0):
 garbage-first heap   total 63488K, used 28253K [0x0000000080000000, 0x0000000100000000)
  region size 1024K, 4 young (4096K), 4 survivors (4096K)
 Metaspace       used 41150K, committed 41536K, reserved 1114112K
  class space    used 5459K, committed 5632K, reserved 1048576K
}
Event: 21.675 GC heap before
{Heap before GC invocations=14 (full 0):
 garbage-first heap   total 63488K, used 48733K [0x0000000080000000, 0x0000000100000000)
  region size 1024K, 24 young (24576K), 4 survivors (4096K)
 Metaspace       used 42048K, committed 42432K, reserved 1114112K
  class space    used 5583K, committed 5760K, reserved 1048576K
}
Event: 21.683 GC heap after
{Heap after GC invocations=15 (full 0):
 garbage-first heap   total 63488K, used 30270K [0x0000000080000000, 0x0000000100000000)
  region size 1024K, 2 young (2048K), 2 survivors (2048K)
 Metaspace       used 42048K, committed 42432K, reserved 1114112K
  class space    used 5583K, committed 5760K, reserved 1048576K
}
Event: 22.225 GC heap before
{Heap before GC invocations=15 (full 0):
 garbage-first heap   total 63488K, used 48702K [0x0000000080000000, 0x0000000100000000)
  region size 1024K, 21 young (21504K), 2 survivors (2048K)
 Metaspace       used 42996K, committed 43456K, reserved 1114112K
  class space    used 5722K, committed 5952K, reserved 1048576K
}
Event: 22.228 GC heap after
{Heap after GC invocations=16 (full 0):
 garbage-first heap   total 63488K, used 30732K [0x0000000080000000, 0x0000000100000000)
  region size 1024K, 1 young (1024K), 1 survivors (1024K)
 Metaspace       used 42996K, committed 43456K, reserved 1114112K
  class space    used 5722K, committed 5952K, reserved 1048576K
}
Event: 23.095 GC heap before
{Heap before GC invocations=17 (full 0):
 garbage-first heap   total 63488K, used 50188K [0x0000000080000000, 0x0000000100000000)
  region size 1024K, 20 young (20480K), 1 survivors (1024K)
 Metaspace       used 45415K, committed 45952K, reserved 1114112K
  class space    used 6146K, committed 6400K, reserved 1048576K
}
Event: 23.099 GC heap after
{Heap after GC invocations=18 (full 0):
 garbage-first heap   total 63488K, used 32407K [0x0000000080000000, 0x0000000100000000)
  region size 1024K, 3 young (3072K), 3 survivors (3072K)
 Metaspace       used 45415K, committed 45952K, reserved 1114112K
  class space    used 6146K, committed 6400K, reserved 1048576K
}
Event: 23.861 GC heap before
{Heap before GC invocations=18 (full 0):
 garbage-first heap   total 63488K, used 49815K [0x0000000080000000, 0x0000000100000000)
  region size 1024K, 20 young (20480K), 3 survivors (3072K)
 Metaspace       used 47508K, committed 48000K, reserved 1114112K
  class space    used 6480K, committed 6720K, reserved 1048576K
}
Event: 23.865 GC heap after
{Heap after GC invocations=19 (full 0):
 garbage-first heap   total 63488K, used 33307K [0x0000000080000000, 0x0000000100000000)
  region size 1024K, 1 young (1024K), 1 survivors (1024K)
 Metaspace       used 47508K, committed 48000K, reserved 1114112K
  class space    used 6480K, committed 6720K, reserved 1048576K
}
Event: 24.875 GC heap before
{Heap before GC invocations=20 (full 0):
 garbage-first heap   total 63488K, used 50715K [0x0000000080000000, 0x0000000100000000)
  region size 1024K, 18 young (18432K), 1 survivors (1024K)
 Metaspace       used 49975K, committed 50432K, reserved 1114112K
  class space    used 6859K, committed 7040K, reserved 1048576K
}
Event: 24.879 GC heap after
{Heap after GC invocations=21 (full 0):
 garbage-first heap   total 63488K, used 34193K [0x0000000080000000, 0x0000000100000000)
  region size 1024K, 2 young (2048K), 2 survivors (2048K)
 Metaspace       used 49975K, committed 50432K, reserved 1114112K
  class space    used 6859K, committed 7040K, reserved 1048576K
}
Event: 25.863 GC heap before
{Heap before GC invocations=21 (full 0):
 garbage-first heap   total 63488K, used 51601K [0x0000000080000000, 0x0000000100000000)
  region size 1024K, 19 young (19456K), 2 survivors (2048K)
 Metaspace       used 52014K, committed 52480K, reserved 1114112K
  class space    used 7218K, committed 7424K, reserved 1048576K
}
Event: 25.869 GC heap after
{Heap after GC invocations=22 (full 0):
 garbage-first heap   total 63488K, used 35045K [0x0000000080000000, 0x0000000100000000)
  region size 1024K, 2 young (2048K), 2 survivors (2048K)
 Metaspace       used 52014K, committed 52480K, reserved 1114112K
  class space    used 7218K, committed 7424K, reserved 1048576K
}
Event: 26.063 GC heap before
{Heap before GC invocations=23 (full 0):
 garbage-first heap   total 63488K, used 38117K [0x0000000080000000, 0x0000000100000000)
  region size 1024K, 7 young (7168K), 2 survivors (2048K)
 Metaspace       used 52398K, committed 52864K, reserved 1114112K
  class space    used 7273K, committed 7488K, reserved 1048576K
}
Event: 26.072 GC heap after
{Heap after GC invocations=24 (full 0):
 garbage-first heap   total 63488K, used 35613K [0x0000000080000000, 0x0000000100000000)
  region size 1024K, 2 young (2048K), 2 survivors (2048K)
 Metaspace       used 52398K, committed 52864K, reserved 1114112K
  class space    used 7273K, committed 7488K, reserved 1048576K
}
Event: 27.024 GC heap before
{Heap before GC invocations=25 (full 0):
 garbage-first heap   total 66560K, used 53021K [0x0000000080000000, 0x0000000100000000)
  region size 1024K, 17 young (17408K), 2 survivors (2048K)
 Metaspace       used 54708K, committed 55296K, reserved 1114112K
  class space    used 7519K, committed 7808K, reserved 1048576K
}
Event: 27.029 GC heap after
{Heap after GC invocations=26 (full 0):
 garbage-first heap   total 66560K, used 36179K [0x0000000080000000, 0x0000000100000000)
  region size 1024K, 2 young (2048K), 2 survivors (2048K)
 Metaspace       used 54708K, committed 55296K, reserved 1114112K
  class space    used 7519K, committed 7808K, reserved 1048576K
}
Event: 28.223 GC heap before
{Heap before GC invocations=26 (full 0):
 garbage-first heap   total 66560K, used 54611K [0x0000000080000000, 0x0000000100000000)
  region size 1024K, 20 young (20480K), 2 survivors (2048K)
 Metaspace       used 55921K, committed 56448K, reserved 1114112K
  class space    used 7666K, committed 7936K, reserved 1048576K
}
Event: 28.240 GC heap after
{Heap after GC invocations=27 (full 0):
 garbage-first heap   total 66560K, used 38519K [0x0000000080000000, 0x0000000100000000)
  region size 1024K, 3 young (3072K), 3 survivors (3072K)
 Metaspace       used 55921K, committed 56448K, reserved 1114112K
  class space    used 7666K, committed 7936K, reserved 1048576K
}

Dll operation events (3 events):
Event: 0.029 Loaded shared library C:\Program Files\Android\Android Studio\jbr\bin\java.dll
Event: 0.536 Loaded shared library C:\Program Files\Android\Android Studio\jbr\bin\zip.dll
Event: 1.287 Loaded shared library C:\Program Files\Android\Android Studio\jbr\bin\verify.dll

Deoptimization events (20 events):
Event: 28.510 Thread 0x000001e224bf7150 Uncommon trap: trap_request=0xffffff54 fr.pc=0x000001e210c68fcc relative=0x0000000000004dcc
Event: 28.510 Thread 0x000001e224bf7150 Uncommon trap: reason=speculate_null_assert action=make_not_entrant pc=0x000001e210c68fcc method=java.lang.invoke.MethodType$ConcurrentWeakInternSet.add(Ljava/lang/Object;)Ljava/lang/Object; @ 47 c2
Event: 28.510 Thread 0x000001e224bf7150 DEOPT PACKING pc=0x000001e210c68fcc sp=0x0000005153ffd420
Event: 28.510 Thread 0x000001e224bf7150 DEOPT UNPACKING pc=0x000001e2105aa1a3 sp=0x0000005153ffd3b8 mode 2
Event: 28.518 Thread 0x000001e224bfdba0 Uncommon trap: trap_request=0xffffff45 fr.pc=0x000001e210dae240 relative=0x0000000000001560
Event: 28.518 Thread 0x000001e224bfdba0 Uncommon trap: reason=unstable_if action=reinterpret pc=0x000001e210dae240 method=java.util.concurrent.ConcurrentHashMap.addCount(JI)V @ 34 c2
Event: 28.518 Thread 0x000001e224bfdba0 DEOPT PACKING pc=0x000001e210dae240 sp=0x00000051540fe2b0
Event: 28.518 Thread 0x000001e224bfdba0 DEOPT UNPACKING pc=0x000001e2105aa1a3 sp=0x00000051540fe188 mode 2
Event: 28.522 Thread 0x000001e224bf7150 DEOPT PACKING pc=0x000001e209470e54 sp=0x0000005153ffdd20
Event: 28.522 Thread 0x000001e224bf7150 DEOPT UNPACKING pc=0x000001e2105aace3 sp=0x0000005153ffd278 mode 0
Event: 28.539 Thread 0x000001e224e54c20 Uncommon trap: trap_request=0xffffff45 fr.pc=0x000001e210e0b754 relative=0x0000000000000154
Event: 28.539 Thread 0x000001e224e54c20 Uncommon trap: reason=unstable_if action=reinterpret pc=0x000001e210e0b754 method=org.gradle.internal.snapshot.VfsRelativePath.isPrefix(Ljava/lang/String;ILjava/lang/String;ILorg/gradle/internal/snapshot/CaseSensitivity;)Z @ 101 c2
Event: 28.539 Thread 0x000001e224e54c20 DEOPT PACKING pc=0x000001e210e0b754 sp=0x0000005152df6ac0
Event: 28.539 Thread 0x000001e224e54c20 DEOPT UNPACKING pc=0x000001e2105aa1a3 sp=0x0000005152df6a48 mode 2
Event: 28.557 Thread 0x000001e224bfcc70 Uncommon trap: trap_request=0xffffff45 fr.pc=0x000001e210dae224 relative=0x0000000000001544
Event: 28.557 Thread 0x000001e224bfcc70 Uncommon trap: reason=unstable_if action=reinterpret pc=0x000001e210dae224 method=java.util.concurrent.ConcurrentHashMap.addCount(JI)V @ 7 c2
Event: 28.557 Thread 0x000001e224bfcc70 DEOPT PACKING pc=0x000001e210dae224 sp=0x00000051541fe5c0
Event: 28.557 Thread 0x000001e224bfcc70 DEOPT UNPACKING pc=0x000001e2105aa1a3 sp=0x00000051541fe498 mode 2
Event: 28.635 Thread 0x000001e224e532d0 DEOPT PACKING pc=0x000001e2097ec2c3 sp=0x00000051533fe7e0
Event: 28.635 Thread 0x000001e224e532d0 DEOPT UNPACKING pc=0x000001e2105aace3 sp=0x00000051533fdc68 mode 0

Classes unloaded (0 events):
No events

Classes redefined (0 events):
No events

Internal exceptions (20 events):
Event: 26.393 Thread 0x000001e224e54c20 Exception <a 'java/lang/NoSuchMethodError'{0x0000000083f7aa58}: 'java.lang.Object java.lang.invoke.DelegatingMethodHandle$Holder.reinvoke_L(java.lang.Object, java.lang.Object, java.lang.Object, java.lang.Object, java.lang.Object, java.lang.Object, java.lang.Object, java.lang.Object, java.lang.Object, java.lang.Object, java.lang.Object, java.lang.Object, java.lang.Object, java.lang.Object, java.lang.Object, java.lang.Object, java.lang.Object, java.lang.Object, java.lang.Object, java.lang.Object, java.lang.O
Event: 26.394 Thread 0x000001e224e54c20 Exception <a 'java/lang/NoSuchMethodError'{0x0000000083f864a0}: 'java.lang.Object java.lang.invoke.Invokers$Holder.invoker(java.lang.Object, java.lang.Object, java.lang.Object, java.lang.Object, java.lang.Object, java.lang.Object, java.lang.Object, java.lang.Object, java.lang.Object, java.lang.Object, java.lang.Object, java.lang.Object, java.lang.Object, java.lang.Object, java.lang.Object, java.lang.Object, java.lang.Object, java.lang.Object, java.lang.Object, java.lang.Object, java.lang.Object, java.lang.
Event: 26.394 Thread 0x000001e224e54c20 Exception <a 'java/lang/NoSuchMethodError'{0x0000000083f8d0a0}: 'java.lang.Object java.lang.invoke.DelegatingMethodHandle$Holder.delegate(java.lang.Object, java.lang.Object, java.lang.Object, java.lang.Object, java.lang.Object, java.lang.Object, java.lang.Object, java.lang.Object, java.lang.Object, java.lang.Object, java.lang.Object, java.lang.Object, java.lang.Object, java.lang.Object, java.lang.Object, java.lang.Object, java.lang.Object, java.lang.Object, java.lang.Object, java.lang.Object, java.lang.Obj
Event: 26.426 Thread 0x000001e224e54c20 Exception <a 'java/lang/NoSuchMethodError'{0x0000000083e737d8}: 'java.lang.Object java.lang.invoke.DirectMethodHandle$Holder.invokeStatic(java.lang.Object, java.lang.Object, java.lang.Object, java.lang.Object, java.lang.Object, java.lang.Object, java.lang.Object, java.lang.Object, java.lang.Object, java.lang.Object, java.lang.Object, java.lang.Object, java.lang.Object, java.lang.Object, java.lang.Object, java.lang.Object, java.lang.Object, java.lang.Object, java.lang.Object, java.lang.Object, java.lang.Obj
Event: 26.758 Thread 0x000001e224e54c20 Exception <a 'java/lang/NoSuchMethodError'{0x00000000836e7f38}: static Lorg/gradle/api/internal/catalog/DefaultVersionCatalog;.<clinit>()V> (0x00000000836e7f38) 
thrown [s\src\hotspot\share\prims\jni.cpp, line 1108]
Event: 26.774 Thread 0x000001e224e54c20 Exception <a 'java/lang/NoSuchMethodError'{0x0000000083537d58}: static [Ljava/lang/Object;.<clinit>()V> (0x0000000083537d58) 
thrown [s\src\hotspot\share\prims\jni.cpp, line 1108]
Event: 26.776 Thread 0x000001e224e54c20 Exception <a 'java/lang/NoSuchMethodError'{0x000000008355d4f0}: static Lorg/gradle/api/internal/catalog/DependencyModel;.<clinit>()V> (0x000000008355d4f0) 
thrown [s\src\hotspot\share\prims\jni.cpp, line 1108]
Event: 26.776 Thread 0x000001e224e54c20 Exception <a 'java/lang/NoSuchMethodError'{0x0000000083560c50}: static Lorg/gradle/api/internal/catalog/AbstractContextAwareModel;.<clinit>()V> (0x0000000083560c50) 
thrown [s\src\hotspot\share\prims\jni.cpp, line 1108]
Event: 26.777 Thread 0x000001e224e54c20 Exception <a 'java/lang/NoSuchMethodError'{0x000000008357a380}: static Lorg/gradle/api/internal/artifacts/dependencies/AbstractVersionConstraint;.<clinit>()V> (0x000000008357a380) 
thrown [s\src\hotspot\share\prims\jni.cpp, line 1108]
Event: 26.803 Thread 0x000001e224e54c20 Exception <a 'java/lang/NoSuchMethodError'{0x0000000083428d18}: static Lorg/gradle/api/internal/catalog/PluginModel;.<clinit>()V> (0x0000000083428d18) 
thrown [s\src\hotspot\share\prims\jni.cpp, line 1108]
Event: 26.805 Thread 0x000001e224e54c20 Exception <a 'java/lang/NoSuchMethodError'{0x000000008343ddd0}: static Lorg/gradle/api/internal/catalog/VersionModel;.<clinit>()V> (0x000000008343ddd0) 
thrown [s\src\hotspot\share\prims\jni.cpp, line 1108]
Event: 26.808 Thread 0x000001e224e54c20 Exception <a 'java/lang/NoSuchMethodError'{0x0000000083462cf8}: 'void java.lang.invoke.DirectMethodHandle$Holder.invokeSpecial(java.lang.Object, java.lang.Object, java.lang.Object, int)'> (0x0000000083462cf8) 
thrown [s\src\hotspot\share\interpreter\linkResolver.cpp, line 771]
Event: 26.992 Thread 0x000001e224e54c20 Exception <a 'java/lang/NoSuchMethodError'{0x00000000831e0b78}: 'int java.lang.invoke.DirectMethodHandle$Holder.invokeSpecialIFC(java.lang.Object, java.lang.Object, java.lang.Object)'> (0x00000000831e0b78) 
thrown [s\src\hotspot\share\interpreter\linkResolver.cpp, line 771]
Event: 27.161 Thread 0x000001e224e54c20 Exception <a 'java/lang/NoSuchMethodError'{0x0000000083e8e7c8}: 'java.lang.Object java.lang.invoke.DirectMethodHandle$Holder.newInvokeSpecial(java.lang.Object, java.lang.Object, java.lang.Object, java.lang.Object, java.lang.Object, int)'> (0x0000000083e8e7c8) 
thrown [s\src\hotspot\share\interpreter\linkResolver.cpp, line 771]
Event: 27.161 Thread 0x000001e224e54c20 Exception <a 'java/lang/NoSuchMethodError'{0x0000000083e93c20}: 'java.lang.Object java.lang.invoke.DirectMethodHandle$Holder.invokeSpecial(java.lang.Object, java.lang.Object, java.lang.Object, java.lang.Object, java.lang.Object, java.lang.Object, int)'> (0x0000000083e93c20) 
thrown [s\src\hotspot\share\interpreter\linkResolver.cpp, line 771]
Event: 27.162 Thread 0x000001e224e54c20 Exception <a 'java/lang/NoSuchMethodError'{0x0000000083e98a00}: 'java.lang.Object java.lang.invoke.Invokers$Holder.linkToTargetMethod(java.lang.Object, java.lang.Object, java.lang.Object, java.lang.Object, int, java.lang.Object)'> (0x0000000083e98a00) 
thrown [s\src\hotspot\share\interpreter\linkResolver.cpp, line 771]
Event: 27.175 Thread 0x000001e224e54c20 Exception <a 'java/lang/NoSuchMethodError'{0x0000000083ecc3a8}: 'java.lang.Object java.lang.invoke.DirectMethodHandle$Holder.invokeSpecial(java.lang.Object, java.lang.Object, java.lang.Object, java.lang.Object, java.lang.Object, long)'> (0x0000000083ecc3a8) 
thrown [s\src\hotspot\share\interpreter\linkResolver.cpp, line 771]
Event: 27.188 Thread 0x000001e224e54c20 Exception <a 'java/lang/NoSuchMethodError'{0x0000000083eef7b0}: 'void java.lang.invoke.DirectMethodHandle$Holder.invokeStatic(java.lang.Object, java.lang.Object, java.lang.Object, int, java.lang.Object)'> (0x0000000083eef7b0) 
thrown [s\src\hotspot\share\interpreter\linkResolver.cpp, line 771]
Event: 28.411 Thread 0x000001e224e54c20 Exception <a 'java/lang/NoSuchMethodError'{0x0000000083e1e688}: 'java.lang.Object java.lang.invoke.DirectMethodHandle$Holder.newInvokeSpecial(java.lang.Object, java.lang.Object, java.lang.Object, java.lang.Object, int, java.lang.Object)'> (0x0000000083e1e688) 
thrown [s\src\hotspot\share\interpreter\linkResolver.cpp, line 771]
Event: 28.411 Thread 0x000001e224e54c20 Exception <a 'java/lang/NoSuchMethodError'{0x0000000083e239e0}: 'java.lang.Object java.lang.invoke.Invokers$Holder.linkToTargetMethod(java.lang.Object, java.lang.Object, java.lang.Object, int, java.lang.Object, java.lang.Object)'> (0x0000000083e239e0) 
thrown [s\src\hotspot\share\interpreter\linkResolver.cpp, line 771]

VM Operations (20 events):
Event: 26.760 Executing VM operation: HandshakeAllThreads
Event: 26.760 Executing VM operation: HandshakeAllThreads done
Event: 26.840 Executing VM operation: HandshakeAllThreads
Event: 26.840 Executing VM operation: HandshakeAllThreads done
Event: 27.024 Executing VM operation: G1CollectForAllocation
Event: 27.029 Executing VM operation: G1CollectForAllocation done
Event: 27.773 Executing VM operation: ICBufferFull
Event: 27.773 Executing VM operation: ICBufferFull done
Event: 27.961 Executing VM operation: HandshakeAllThreads
Event: 27.961 Executing VM operation: HandshakeAllThreads done
Event: 28.223 Executing VM operation: G1CollectForAllocation
Event: 28.241 Executing VM operation: G1CollectForAllocation done
Event: 28.308 Executing VM operation: G1PauseRemark
Event: 28.318 Executing VM operation: G1PauseRemark done
Event: 28.344 Executing VM operation: G1PauseCleanup
Event: 28.345 Executing VM operation: G1PauseCleanup done
Event: 28.518 Executing VM operation: HandshakeAllThreads
Event: 28.519 Executing VM operation: HandshakeAllThreads done
Event: 28.539 Executing VM operation: HandshakeAllThreads
Event: 28.539 Executing VM operation: HandshakeAllThreads done

Events (20 events):
Event: 28.544 Thread 0x000001e21f3c6300 flushing nmethod 0x000001e209426b10
Event: 28.544 Thread 0x000001e21f3c6300 flushing nmethod 0x000001e209428090
Event: 28.544 Thread 0x000001e21f3c6300 flushing nmethod 0x000001e20942a190
Event: 28.544 Thread 0x000001e21f3c6300 flushing nmethod 0x000001e209448390
Event: 28.544 Thread 0x000001e21f3c6300 flushing nmethod 0x000001e209467310
Event: 28.544 Thread 0x000001e21f3c6300 flushing nmethod 0x000001e20949ed10
Event: 28.544 Thread 0x000001e21f3c6300 flushing nmethod 0x000001e20949f090
Event: 28.544 Thread 0x000001e21f3c6300 flushing nmethod 0x000001e20949f410
Event: 28.544 Thread 0x000001e21f3c6300 flushing nmethod 0x000001e20949f790
Event: 28.544 Thread 0x000001e21f3c6300 flushing nmethod 0x000001e2094a8d10
Event: 28.544 Thread 0x000001e21f3c6300 flushing nmethod 0x000001e2094f5510
Event: 28.544 Thread 0x000001e21f3c6300 flushing nmethod 0x000001e2094fec10
Event: 28.545 Thread 0x000001e21f3c6300 flushing nmethod 0x000001e20951d390
Event: 28.545 Thread 0x000001e21f3c6300 flushing nmethod 0x000001e209539990
Event: 28.545 Thread 0x000001e21f3c6300 flushing nmethod 0x000001e20953ad10
Event: 28.545 Thread 0x000001e21f3c6300 flushing nmethod 0x000001e209581b10
Event: 28.545 Thread 0x000001e21f3c6300 flushing nmethod 0x000001e209582190
Event: 28.545 Thread 0x000001e21f3c6300 flushing nmethod 0x000001e209582490
Event: 28.545 Thread 0x000001e21f3c6300 flushing nmethod 0x000001e2095a9090
Event: 28.545 Thread 0x000001e21f3c6300 flushing nmethod 0x000001e2095c5d10


Dynamic libraries:
0x00007ff797670000 - 0x00007ff79767a000 	C:\Program Files\Android\Android Studio\jbr\bin\java.exe
0x00007ffe7f480000 - 0x00007ffe7f670000 	C:\Windows\SYSTEM32\ntdll.dll
0x00007ffe6ac50000 - 0x00007ffe6ac6a000 	C:\Program Files\Avast Software\Avast\aswhook.dll
0x00007ffe7ddd0000 - 0x00007ffe7de82000 	C:\Windows\System32\KERNEL32.DLL
0x00007ffe7c6b0000 - 0x00007ffe7c953000 	C:\Windows\System32\KERNELBASE.dll
0x00007ffe7d470000 - 0x00007ffe7d56a000 	C:\Windows\System32\ucrtbase.dll
0x00007ffe6a420000 - 0x00007ffe6a43b000 	C:\Program Files\Android\Android Studio\jbr\bin\VCRUNTIME140.dll
0x00007ffe6a2b0000 - 0x00007ffe6a2c7000 	C:\Program Files\Android\Android Studio\jbr\bin\jli.dll
0x00007ffe7d570000 - 0x00007ffe7d704000 	C:\Windows\System32\USER32.dll
0x00007ffe7c600000 - 0x00007ffe7c621000 	C:\Windows\System32\win32u.dll
0x00007ffe7f150000 - 0x00007ffe7f176000 	C:\Windows\System32\GDI32.dll
0x00007ffe7d0e0000 - 0x00007ffe7d274000 	C:\Windows\System32\gdi32full.dll
0x00007ffe691d0000 - 0x00007ffe69455000 	C:\Windows\WinSxS\amd64_microsoft.windows.common-controls_6595b64144ccf1df_6.0.18362.418_none_e6c6b287130d565d\COMCTL32.dll
0x00007ffe7c500000 - 0x00007ffe7c59e000 	C:\Windows\System32\msvcp_win.dll
0x00007ffe7f3e0000 - 0x00007ffe7f47e000 	C:\Windows\System32\msvcrt.dll
0x00007ffe7da90000 - 0x00007ffe7ddc6000 	C:\Windows\System32\combase.dll
0x00007ffe7e6b0000 - 0x00007ffe7e7d0000 	C:\Windows\System32\RPCRT4.dll
0x00007ffe7d3f0000 - 0x00007ffe7d470000 	C:\Windows\System32\bcryptPrimitives.dll
0x00007ffe7f330000 - 0x00007ffe7f35e000 	C:\Windows\System32\IMM32.DLL
0x00007ffe71350000 - 0x00007ffe7135c000 	C:\Program Files\Android\Android Studio\jbr\bin\vcruntime140_1.dll
0x00007ffe4b2d0000 - 0x00007ffe4b35d000 	C:\Program Files\Android\Android Studio\jbr\bin\msvcp140.dll
0x00007ffe24780000 - 0x00007ffe25403000 	C:\Program Files\Android\Android Studio\jbr\bin\server\jvm.dll
0x00007ffe7eab0000 - 0x00007ffe7eb53000 	C:\Windows\System32\ADVAPI32.dll
0x00007ffe7ea10000 - 0x00007ffe7eaa7000 	C:\Windows\System32\sechost.dll
0x00007ffe7c3a0000 - 0x00007ffe7c3ea000 	C:\Windows\System32\POWRPROF.dll
0x00007ffe7c390000 - 0x00007ffe7c3a0000 	C:\Windows\System32\UMPDC.dll
0x00007ffe73d20000 - 0x00007ffe73d2a000 	C:\Windows\SYSTEM32\VERSION.dll
0x00007ffe69720000 - 0x00007ffe69729000 	C:\Windows\SYSTEM32\WSOCK32.dll
0x00007ffe7e830000 - 0x00007ffe7e89f000 	C:\Windows\System32\WS2_32.dll
0x00007ffe79e40000 - 0x00007ffe79e64000 	C:\Windows\SYSTEM32\WINMM.dll
0x00007ffe79e10000 - 0x00007ffe79e3d000 	C:\Windows\SYSTEM32\winmmbase.dll
0x00007ffe7c660000 - 0x00007ffe7c6aa000 	C:\Windows\System32\cfgmgr32.dll
0x00007ffe7c3f0000 - 0x00007ffe7c401000 	C:\Windows\System32\kernel.appcore.dll
0x00007ffe77bb0000 - 0x00007ffe77bba000 	C:\Program Files\Android\Android Studio\jbr\bin\jimage.dll
0x00007ffe7acc0000 - 0x00007ffe7aeb4000 	C:\Windows\SYSTEM32\DBGHELP.DLL
0x00007ffe6e4e0000 - 0x00007ffe6e50a000 	C:\Windows\SYSTEM32\dbgcore.DLL
0x00007ffe6a530000 - 0x00007ffe6a53e000 	C:\Program Files\Android\Android Studio\jbr\bin\instrument.dll
0x00007ffe6aa00000 - 0x00007ffe6aa25000 	C:\Program Files\Android\Android Studio\jbr\bin\java.dll
0x00007ffe75dc0000 - 0x00007ffe75dd8000 	C:\Program Files\Android\Android Studio\jbr\bin\zip.dll
0x00007ffe7dfc0000 - 0x00007ffe7e6a5000 	C:\Windows\System32\SHELL32.dll
0x00007ffe7deb0000 - 0x00007ffe7df59000 	C:\Windows\System32\shcore.dll
0x00007ffe7c960000 - 0x00007ffe7d0df000 	C:\Windows\System32\windows.storage.dll
0x00007ffe7c410000 - 0x00007ffe7c42f000 	C:\Windows\System32\profapi.dll
0x00007ffe7d790000 - 0x00007ffe7d7e2000 	C:\Windows\System32\shlwapi.dll
0x00007ffe7d3d0000 - 0x00007ffe7d3e7000 	C:\Windows\System32\cryptsp.dll
0x00007ffe73d50000 - 0x00007ffe73d69000 	C:\Program Files\Android\Android Studio\jbr\bin\net.dll
0x00007ffe72630000 - 0x00007ffe72720000 	C:\Windows\SYSTEM32\WINHTTP.dll
0x00007ffe7bba0000 - 0x00007ffe7bc07000 	C:\Windows\system32\mswsock.dll
0x00007ffe71330000 - 0x00007ffe71346000 	C:\Program Files\Android\Android Studio\jbr\bin\nio.dll
0x00007ffe6a540000 - 0x00007ffe6a550000 	C:\Program Files\Android\Android Studio\jbr\bin\verify.dll
0x00007ffe5db40000 - 0x00007ffe5db67000 	C:\Users\User-PC\.gradle\native\c067742578af261105cb4f569cf0c3c89f3d7b1fecec35dd04571415982c5e48\windows-amd64\native-platform.dll
0x00007ffe2d510000 - 0x00007ffe2d654000 	C:\Users\User-PC\.gradle\native\38dada09dfb8b06ba9b0570ebf7e218e3eb74d4ef43ca46872605cf95ebc2f47\windows-amd64\native-platform-file-events.dll
0x00007ffe6ab20000 - 0x00007ffe6ab29000 	C:\Program Files\Android\Android Studio\jbr\bin\management.dll
0x00007ffe6a550000 - 0x00007ffe6a55b000 	C:\Program Files\Android\Android Studio\jbr\bin\management_ext.dll
0x00007ffe7f3d0000 - 0x00007ffe7f3d8000 	C:\Windows\System32\PSAPI.DLL
0x00007ffe7b710000 - 0x00007ffe7b743000 	C:\Windows\system32\rsaenh.dll
0x00007ffe7c630000 - 0x00007ffe7c656000 	C:\Windows\System32\bcrypt.dll
0x00007ffe7c2b0000 - 0x00007ffe7c2d5000 	C:\Windows\SYSTEM32\USERENV.dll
0x00007ffe7bd70000 - 0x00007ffe7bd7c000 	C:\Windows\SYSTEM32\CRYPTBASE.dll
0x00007ffe7b8b0000 - 0x00007ffe7b8ea000 	C:\Windows\SYSTEM32\IPHLPAPI.DLL
0x00007ffe7ea00000 - 0x00007ffe7ea08000 	C:\Windows\System32\NSI.dll
0x00007ffe71550000 - 0x00007ffe71566000 	C:\Windows\SYSTEM32\dhcpcsvc6.DLL
0x00007ffe73d00000 - 0x00007ffe73d1c000 	C:\Windows\SYSTEM32\dhcpcsvc.DLL
0x00007ffe7b8f0000 - 0x00007ffe7b9ba000 	C:\Windows\SYSTEM32\DNSAPI.dll
0x00007ffe6c0d0000 - 0x00007ffe6c0d9000 	C:\Program Files\Android\Android Studio\jbr\bin\extnet.dll
0x00007ffe74c10000 - 0x00007ffe74c17000 	C:\Windows\system32\wshunix.dll

dbghelp: loaded successfully - version: 4.0.5 - missing functions: none
symbol engine: initialized successfully - sym options: 0x614 - pdb path: .;C:\Program Files\Android\Android Studio\jbr\bin;C:\Windows\SYSTEM32;C:\Program Files\Avast Software\Avast;C:\Windows\WinSxS\amd64_microsoft.windows.common-controls_6595b64144ccf1df_6.0.18362.418_none_e6c6b287130d565d;C:\Program Files\Android\Android Studio\jbr\bin\server;C:\Users\User-PC\.gradle\native\c067742578af261105cb4f569cf0c3c89f3d7b1fecec35dd04571415982c5e48\windows-amd64;C:\Users\User-PC\.gradle\native\38dada09dfb8b06ba9b0570ebf7e218e3eb74d4ef43ca46872605cf95ebc2f47\windows-amd64

VM Arguments:
jvm_args: --add-opens=java.base/java.util=ALL-UNNAMED --add-opens=java.base/java.lang=ALL-UNNAMED --add-opens=java.base/java.lang.invoke=ALL-UNNAMED --add-opens=java.prefs/java.util.prefs=ALL-UNNAMED --add-opens=java.base/java.nio.charset=ALL-UNNAMED --add-opens=java.base/java.net=ALL-UNNAMED --add-opens=java.base/java.util.concurrent.atomic=ALL-UNNAMED -Xmx2048m -Dfile.encoding=UTF-8 -Duser.country=EC -Duser.language=es -Duser.variant -javaagent:C:\Users\User-PC\.gradle\wrapper\dists\gradle-8.7-bin\bhs2wmbdwecv87pi65oeuq5iu\gradle-8.7\lib\agents\gradle-instrumentation-agent-8.7.jar 
java_command: org.gradle.launcher.daemon.bootstrap.GradleDaemon 8.7
java_class_path (initial): C:\Users\User-PC\.gradle\wrapper\dists\gradle-8.7-bin\bhs2wmbdwecv87pi65oeuq5iu\gradle-8.7\lib\gradle-launcher-8.7.jar
Launcher Type: SUN_STANDARD

[Global flags]
     intx CICompilerCount                          = 3                                         {product} {ergonomic}
     uint ConcGCThreads                            = 1                                         {product} {ergonomic}
     uint G1ConcRefinementThreads                  = 4                                         {product} {ergonomic}
   size_t G1HeapRegionSize                         = 1048576                                   {product} {ergonomic}
    uintx GCDrainStackTargetSize                   = 64                                        {product} {ergonomic}
   size_t InitialHeapSize                          = 65011712                                  {product} {ergonomic}
   size_t MarkStackSize                            = 4194304                                   {product} {ergonomic}
   size_t MaxHeapSize                              = 2147483648                                {product} {command line}
   size_t MaxNewSize                               = 1287651328                                {product} {ergonomic}
   size_t MinHeapDeltaBytes                        = 1048576                                   {product} {ergonomic}
   size_t MinHeapSize                              = 8388608                                   {product} {ergonomic}
    uintx NonNMethodCodeHeapSize                   = 5832780                                {pd product} {ergonomic}
    uintx NonProfiledCodeHeapSize                  = 122912730                              {pd product} {ergonomic}
    uintx ProfiledCodeHeapSize                     = 122912730                              {pd product} {ergonomic}
    uintx ReservedCodeCacheSize                    = 251658240                              {pd product} {ergonomic}
     bool SegmentedCodeCache                       = true                                      {product} {ergonomic}
   size_t SoftMaxHeapSize                          = 2147483648                             {manageable} {ergonomic}
     bool UseCompressedClassPointers               = true                           {product lp64_product} {ergonomic}
     bool UseCompressedOops                        = true                           {product lp64_product} {ergonomic}
     bool UseG1GC                                  = true                                      {product} {ergonomic}
     bool UseLargePagesIndividualAllocation        = false                                  {pd product} {ergonomic}

Logging:
Log output configuration:
 #0: stdout all=warning uptime,level,tags
 #1: stderr all=off uptime,level,tags

Environment Variables:
PATH=C:\Windows\system32;C:\Windows;C:\Windows\System32\Wbem;C:\Windows\System32\WindowsPowerShell\v1.0\;C:\Windows\System32\OpenSSH\;C:\Users\User-PC\AppData\Local\Programs\Python\Python37\;C:\Users\User-PC\AppData\Local\Programs\Python\Python37\Scripts\;C:\Users\User-PC\AppData\Local\DBeaver;C:\Users\User-PC\AppData\Local\Programs\Microsoft VS Code\bin;C:\Users\User-PC\AppData\Local\Microsoft\WindowsApps;C:\Users\User-PC\Desktop\ITSG VERO\PyCharm Community Edition 2022.3.2\bin;;C:\xampp\php;
USERNAME=User-PC
OS=Windows_NT
PROCESSOR_IDENTIFIER=Intel64 Family 6 Model 126 Stepping 5, GenuineIntel
TMP=C:\Users\User-PC\AppData\Local\Temp
TEMP=C:\Users\User-PC\AppData\Local\Temp



Periodic native trim disabled

JNI global refs:
JNI global refs: 25, weak refs: 5

JNI global refs memory usage: 843, weak refs: 841

OOME stack traces (most recent first):
Classloader memory used:
Loader org.gradle.internal.classloader.VisitableURLClassLoader                         : 3396K
Loader bootstrap                                                                       : 2437K
Loader org.gradle.initialization.MixInLegacyTypesClassLoader                           : 1080K
Loader jdk.internal.loader.ClassLoaders$PlatformClassLoader                            : 68649B
Loader jdk.internal.loader.ClassLoaders$AppClassLoader                                 : 28764B
Loader jdk.internal.reflect.DelegatingClassLoader                                      : 17092B
Loader org.gradle.internal.classloader.VisitableURLClassLoader                         : 15186B

Classes loaded by more than one classloader:
Class Program                                                                         : loaded 3 times (x 70B)
Class org.gradle.internal.classpath.ClassPath                                         : loaded 2 times (x 68B)
Class org.gradle.api.internal.classpath.DefaultModuleRegistry                         : loaded 2 times (x 84B)
Class Settings_gradle$1$1                                                             : loaded 2 times (x 72B)
Class org.gradle.api.Action                                                           : loaded 2 times (x 68B)
Class org.gradle.api.internal.DefaultClassPathProvider                                : loaded 2 times (x 74B)
Class org.gradle.internal.installation.GradleInstallation$1                           : loaded 2 times (x 73B)
Class org.gradle.internal.classloader.FilteringClassLoader                            : loaded 2 times (x 103B)
Class org.gradle.internal.classpath.DefaultClassPath$ImmutableUniqueList$Builder      : loaded 2 times (x 73B)
Class org.gradle.internal.classloader.ClassLoaderVisitor                              : loaded 2 times (x 74B)
Class org.gradle.internal.service.DefaultServiceLocator                               : loaded 2 times (x 81B)
Class org.gradle.internal.service.UnknownServiceException                             : loaded 2 times (x 81B)
Class org.gradle.internal.classloader.DefaultClassLoaderFactory                       : loaded 2 times (x 80B)
Class org.gradle.internal.classloader.VisitableURLClassLoader$Spec                    : loaded 2 times (x 72B)
Class org.gradle.api.GradleException                                                  : loaded 2 times (x 80B)
Class org.gradle.api.internal.classpath.ModuleRegistry                                : loaded 2 times (x 68B)
Class org.gradle.api.internal.ClassPathProvider                                       : loaded 2 times (x 68B)
Class org.gradle.internal.classloader.ClasspathUtil$1                                 : loaded 2 times (x 74B)
Class org.gradle.internal.classloader.ClassLoaderFactory                              : loaded 2 times (x 68B)
Class org.gradle.api.internal.classpath.ManifestUtil                                  : loaded 2 times (x 69B)
Class org.gradle.api.specs.Spec                                                       : loaded 2 times (x 68B)
Class org.gradle.internal.IoActions                                                   : loaded 2 times (x 69B)
Class org.gradle.api.internal.classpath.EffectiveClassPath                            : loaded 2 times (x 88B)
Class org.gradle.internal.installation.CurrentGradleInstallation                      : loaded 2 times (x 71B)
Class org.gradle.internal.agents.InstrumentingClassLoader                             : loaded 2 times (x 68B)
Class org.gradle.internal.installation.CurrentGradleInstallationLocator               : loaded 2 times (x 69B)
Class org.gradle.api.internal.classpath.Module                                        : loaded 2 times (x 68B)
Class org.gradle.internal.service.CachingServiceLocator                               : loaded 2 times (x 80B)
Class org.gradle.internal.classpath.DefaultClassPath                                  : loaded 2 times (x 88B)
Class org.gradle.internal.classloader.SystemClassLoaderSpec                           : loaded 2 times (x 69B)
Class org.gradle.api.UncheckedIOException                                             : loaded 2 times (x 80B)
Class org.gradle.internal.installation.GradleInstallation                             : loaded 2 times (x 73B)
Class org.gradle.internal.classloader.ClasspathUtil                                   : loaded 2 times (x 69B)
Class org.gradle.api.internal.DefaultClassPathRegistry                                : loaded 2 times (x 74B)
Class org.gradle.api.internal.classpath.DefaultModuleRegistry$DefaultModule           : loaded 2 times (x 84B)
Class org.gradle.api.internal.classpath.UnknownModuleException                        : loaded 2 times (x 80B)
Class org.gradle.internal.service.ServiceLookupException                              : loaded 2 times (x 80B)
Class org.gradle.cache.GlobalCache                                                    : loaded 2 times (x 68B)
Class [Lorg.gradle.api.internal.ClassPathProvider;                                    : loaded 2 times (x 67B)
Class org.gradle.util.internal.GUtil                                                  : loaded 2 times (x 69B)
Class org.gradle.internal.classloader.ClassLoaderSpec                                 : loaded 2 times (x 69B)
Class org.gradle.internal.classloader.VisitableURLClassLoader                         : loaded 2 times (x 115B)
Class org.gradle.internal.Cast                                                        : loaded 2 times (x 69B)
Class org.gradle.api.internal.ClassPathRegistry                                       : loaded 2 times (x 68B)
Class org.gradle.internal.classloader.VisitableURLClassLoader$InstrumentingVisitableURLClassLoader: loaded 2 times (x 121B)
Class org.gradle.internal.classloader.ClassLoaderHierarchy                            : loaded 2 times (x 68B)
Class org.gradle.internal.InternalTransformer                                         : loaded 2 times (x 68B)
Class org.gradle.internal.service.ServiceLocator                                      : loaded 2 times (x 68B)
Class Settings_gradle$1                                                               : loaded 2 times (x 72B)
Class org.gradle.internal.classpath.DefaultClassPath$ImmutableUniqueList              : loaded 2 times (x 159B)
Class org.gradle.internal.classpath.TransformedClassPath                              : loaded 2 times (x 94B)
Class Settings_gradle                                                                 : loaded 2 times (x 126B)


---------------  S Y S T E M  ---------------

OS:
 Windows 10 , 64 bit Build 18362 (10.0.18362.329)
OS uptime: 0 days 10:59 hours

CPU: total 4 (initial active 4) (2 cores per cpu, 2 threads per core) family 6 model 126 stepping 5 microcode 0xa0, cx8, cmov, fxsr, ht, mmx, 3dnowpref, sse, sse2, sse3, ssse3, sse4.1, sse4.2, popcnt, lzcnt, tsc, tscinvbit, avx, avx2, aes, erms, clmul, bmi1, bmi2, adx, avx512f, avx512dq, avx512cd, avx512bw, avx512vl, sha, fma, vzeroupper, avx512_vpopcntdq, avx512_vpclmulqdq, avx512_vaes, avx512_vnni, clflush, clflushopt, avx512_vbmi2, avx512_vbmi
Processor Information for all 4 processors :
  Max Mhz: 1190, Current Mhz: 1190, Mhz Limit: 1190

Memory: 4k page, system-wide physical 3891M (210M free)
TotalPageFile size 9002M (AvailPageFile size 5M)
current process WorkingSet (physical memory assigned to process): 224M, peak: 224M
current process commit charge ("private bytes"): 251M, peak: 252M

vm_info: OpenJDK 64-Bit Server VM (17.0.10+0--11609105) for windows-amd64 JRE (17.0.10+0--11609105), built on Mar 21 2024 19:10:56 by "androidbuild" with MS VC++ 16.10 / 16.11 (VS2019)

END.
