#
# There is insufficient memory for the Java Runtime Environment to continue.
# Native memory allocation (mmap) failed to map 65011712 bytes for G1 virtual space
# Possible reasons:
#   The system is out of physical RAM or swap space
#   The process is running with CompressedOops enabled, and the Java Heap may be blocking the growth of the native heap
# Possible solutions:
#   Reduce memory load on the system
#   Increase physical memory or swap space
#   Check if swap backing store is full
#   Decrease Java heap size (-Xmx/-Xms)
#   Decrease number of Java threads
#   Decrease Java thread stack sizes (-Xss)
#   Set larger code cache with -XX:ReservedCodeCacheSize=
#   JVM is running with Unscaled Compressed Oops mode in which the Java heap is
#     placed in the first 4GB address space. The Java Heap base address is the
#     maximum limit for the native heap growth. Please use -XX:HeapBaseMinAddress
#     to set the Java Heap base and to place the Java Heap above 4GB virtual address.
# This output file may be truncated or incomplete.
#
#  Out of Memory Error (os_windows.cpp:3825), pid=4404, tid=12696
#
# JRE version: OpenJDK Runtime Environment (17.0.10) (build 17.0.10+0--11609105)
# Java VM: OpenJDK 64-Bit Server VM (17.0.10+0--11609105, mixed mode, tiered, compressed oops, compressed class ptrs, g1 gc, windows-amd64)
# No core dump will be written. Minidumps are not enabled by default on client versions of Windows
#

---------------  S U M M A R Y ------------

Command Line: --add-opens=java.base/java.util=ALL-UNNAMED --add-opens=java.base/java.lang=ALL-UNNAMED --add-opens=java.base/java.lang.invoke=ALL-UNNAMED --add-opens=java.prefs/java.util.prefs=ALL-UNNAMED --add-opens=java.base/java.nio.charset=ALL-UNNAMED --add-opens=java.base/java.net=ALL-UNNAMED --add-opens=java.base/java.util.concurrent.atomic=ALL-UNNAMED -Xmx2048m -Dfile.encoding=UTF-8 -Duser.country=EC -Duser.language=es -Duser.variant -javaagent:C:\Users\User-PC\.gradle\wrapper\dists\gradle-8.7-bin\bhs2wmbdwecv87pi65oeuq5iu\gradle-8.7\lib\agents\gradle-instrumentation-agent-8.7.jar org.gradle.launcher.daemon.bootstrap.GradleDaemon 8.7

Host: Intel(R) Core(TM) i3-1005G1 CPU @ 1.20GHz, 4 cores, 3G,  Windows 10 , 64 bit Build 18362 (10.0.18362.329)
Time: Sat Jul 20 10:19:56 2024 Hora est. Pacífico, Sudamérica elapsed time: 18.846555 seconds (0d 0h 0m 18s)

---------------  T H R E A D  ---------------

Current thread (0x0000027a7e523130):  VMThread "VM Thread" [stack: 0x000000e546000000,0x000000e546100000] [id=12696]

Stack: [0x000000e546000000,0x000000e546100000]
Native frames: (J=compiled Java code, j=interpreted, Vv=VM code, C=native code)
V  [jvm.dll+0x688de9]
V  [jvm.dll+0x8423da]
V  [jvm.dll+0x84401e]
V  [jvm.dll+0x844683]
V  [jvm.dll+0x24be0f]
V  [jvm.dll+0x685bb9]
V  [jvm.dll+0x67a46a]
V  [jvm.dll+0x30cbab]
V  [jvm.dll+0x314056]
V  [jvm.dll+0x363dce]
V  [jvm.dll+0x363fff]
V  [jvm.dll+0x2e2978]
V  [jvm.dll+0x2e0b54]
V  [jvm.dll+0x2e015c]
V  [jvm.dll+0x32502b]
V  [jvm.dll+0x848d7b]
V  [jvm.dll+0x849ac1]
V  [jvm.dll+0x849fdd]
V  [jvm.dll+0x84a3b4]
V  [jvm.dll+0x84a480]
V  [jvm.dll+0x7f0c7a]
V  [jvm.dll+0x687c65]
C  [ucrtbase.dll+0x20e72]
C  [KERNEL32.DLL+0x17bd4]
C  [ntdll.dll+0x6ced1]

VM_Operation (0x000000e5476f6360): G1CollectForAllocation, mode: safepoint, requested by thread 0x0000027a7f2ecf40


---------------  P R O C E S S  ---------------

Threads class SMR info:
_java_thread_list=0x0000027a1ba49ac0, length=33, elements={
0x0000027a79f6f6a0, 0x0000027a7e54a260, 0x0000027a7e54c9e0, 0x0000027a7e534e40,
0x0000027a7e535800, 0x0000027a7e7d2010, 0x0000027a7e7d24f0, 0x0000027a7e7d55a0,
0x0000027a7e7da860, 0x0000027a7e7f4520, 0x0000027a7e8769b0, 0x0000027a7eabbb30,
0x0000027a1b169010, 0x0000027a197d2560, 0x0000027a1a2e5120, 0x0000027a192533d0,
0x0000027a193f30d0, 0x0000027a7f2eeda0, 0x0000027a7f2ecf40, 0x0000027a7f2ed450,
0x0000027a7f2ee380, 0x0000027a7f2ef2b0, 0x0000027a7f2efcd0, 0x0000027a7f2f06f0,
0x0000027a1aea6e80, 0x0000027a1aea5f50, 0x0000027a1aea0940, 0x0000027a1aea6460,
0x0000027a1aea27a0, 0x0000027a1aea78a0, 0x0000027a1aea0e50, 0x0000027a1aea1870,
0x0000027a1aea36d0
}

Java Threads: ( => current thread )
  0x0000027a79f6f6a0 JavaThread "main" [_thread_blocked, id=6744, stack(0x000000e545a00000,0x000000e545b00000)]
  0x0000027a7e54a260 JavaThread "Reference Handler" daemon [_thread_blocked, id=8892, stack(0x000000e546100000,0x000000e546200000)]
  0x0000027a7e54c9e0 JavaThread "Finalizer" daemon [_thread_blocked, id=5788, stack(0x000000e546200000,0x000000e546300000)]
  0x0000027a7e534e40 JavaThread "Signal Dispatcher" daemon [_thread_blocked, id=12628, stack(0x000000e546300000,0x000000e546400000)]
  0x0000027a7e535800 JavaThread "Attach Listener" daemon [_thread_blocked, id=6380, stack(0x000000e546400000,0x000000e546500000)]
  0x0000027a7e7d2010 JavaThread "Service Thread" daemon [_thread_blocked, id=10560, stack(0x000000e546500000,0x000000e546600000)]
  0x0000027a7e7d24f0 JavaThread "Monitor Deflation Thread" daemon [_thread_blocked, id=12448, stack(0x000000e546600000,0x000000e546700000)]
  0x0000027a7e7d55a0 JavaThread "C2 CompilerThread0" daemon [_thread_blocked, id=11884, stack(0x000000e546700000,0x000000e546800000)]
  0x0000027a7e7da860 JavaThread "C1 CompilerThread0" daemon [_thread_blocked, id=12456, stack(0x000000e546800000,0x000000e546900000)]
  0x0000027a7e7f4520 JavaThread "Sweeper thread" daemon [_thread_blocked, id=9084, stack(0x000000e546900000,0x000000e546a00000)]
  0x0000027a7e8769b0 JavaThread "Common-Cleaner" daemon [_thread_blocked, id=9152, stack(0x000000e546a00000,0x000000e546b00000)]
  0x0000027a7eabbb30 JavaThread "Notification Thread" daemon [_thread_blocked, id=10536, stack(0x000000e546b00000,0x000000e546c00000)]
  0x0000027a1b169010 JavaThread "Daemon health stats" [_thread_blocked, id=1328, stack(0x000000e547000000,0x000000e547100000)]
  0x0000027a197d2560 JavaThread "Incoming local TCP Connector on port 59839" [_thread_in_native, id=8412, stack(0x000000e547100000,0x000000e547200000)]
  0x0000027a1a2e5120 JavaThread "Daemon periodic checks" [_thread_blocked, id=10256, stack(0x000000e547200000,0x000000e547300000)]
  0x0000027a192533d0 JavaThread "Daemon" [_thread_blocked, id=2832, stack(0x000000e547300000,0x000000e547400000)]
  0x0000027a193f30d0 JavaThread "Handler for socket connection from /127.0.0.1:59839 to /127.0.0.1:59840" [_thread_in_native, id=1292, stack(0x000000e547400000,0x000000e547500000)]
  0x0000027a7f2eeda0 JavaThread "Cancel handler" [_thread_blocked, id=10060, stack(0x000000e547500000,0x000000e547600000)]
  0x0000027a7f2ecf40 JavaThread "Daemon worker" [_thread_blocked, id=3328, stack(0x000000e547600000,0x000000e547700000)]
  0x0000027a7f2ed450 JavaThread "Asynchronous log dispatcher for DefaultDaemonConnection: socket connection from /127.0.0.1:59839 to /127.0.0.1:59840" [_thread_blocked, id=11456, stack(0x000000e547700000,0x000000e547800000)]
  0x0000027a7f2ee380 JavaThread "Stdin handler" [_thread_blocked, id=8496, stack(0x000000e547800000,0x000000e547900000)]
  0x0000027a7f2ef2b0 JavaThread "Daemon client event forwarder" [_thread_blocked, id=13168, stack(0x000000e547900000,0x000000e547a00000)]
  0x0000027a7f2efcd0 JavaThread "Cache worker for journal cache (C:\Users\User-PC\.gradle\caches\journal-1)" [_thread_blocked, id=2540, stack(0x000000e547a00000,0x000000e547b00000)]
  0x0000027a7f2f06f0 JavaThread "File lock request listener" [_thread_in_native, id=2408, stack(0x000000e547b00000,0x000000e547c00000)]
  0x0000027a1aea6e80 JavaThread "Cache worker for file hash cache (C:\Users\User-PC\.gradle\caches\8.7\fileHashes)" [_thread_blocked, id=11060, stack(0x000000e547c00000,0x000000e547d00000)]
  0x0000027a1aea5f50 JavaThread "Cache worker for file hash cache (C:\Users\User-PC\AndroidStudioProjects\MIPETCARE\.gradle\8.7\fileHashes)" [_thread_blocked, id=3212, stack(0x000000e547d00000,0x000000e547e00000)]
  0x0000027a1aea0940 JavaThread "File watcher server" daemon [_thread_blocked, id=5176, stack(0x000000e547e00000,0x000000e547f00000)]
  0x0000027a1aea6460 JavaThread "File watcher consumer" daemon [_thread_blocked, id=3748, stack(0x000000e547f00000,0x000000e548000000)]
  0x0000027a1aea27a0 JavaThread "Cache worker for checksums cache (C:\Users\User-PC\AndroidStudioProjects\MIPETCARE\.gradle\8.7\checksums)" [_thread_blocked, id=3428, stack(0x000000e548000000,0x000000e548100000)]
  0x0000027a1aea78a0 JavaThread "Cache worker for cache directory md-supplier (C:\Users\User-PC\.gradle\caches\8.7\md-supplier)" [_thread_blocked, id=12652, stack(0x000000e548100000,0x000000e548200000)]
  0x0000027a1aea0e50 JavaThread "Cache worker for cache directory md-rule (C:\Users\User-PC\.gradle\caches\8.7\md-rule)" [_thread_blocked, id=12284, stack(0x000000e548200000,0x000000e548300000)]
  0x0000027a1aea1870 JavaThread "Cache worker for file content cache (C:\Users\User-PC\.gradle\caches\8.7\fileContent)" [_thread_blocked, id=8076, stack(0x000000e548300000,0x000000e548400000)]
  0x0000027a1aea36d0 JavaThread "Cache worker for Build Output Cleanup Cache (C:\Users\User-PC\AndroidStudioProjects\MIPETCARE\.gradle\buildOutputCleanup)" [_thread_blocked, id=12056, stack(0x000000e548400000,0x000000e548500000)]

Other Threads:
=>0x0000027a7e523130 VMThread "VM Thread" [stack: 0x000000e546000000,0x000000e546100000] [id=12696]
  0x0000027a7eabc010 WatcherThread [stack: 0x000000e546c00000,0x000000e546d00000] [id=8028]
  0x0000027a79fc9800 GCTaskThread "GC Thread#0" [stack: 0x000000e545b00000,0x000000e545c00000] [id=12796]
  0x0000027a7ed883f0 GCTaskThread "GC Thread#1" [stack: 0x000000e546d00000,0x000000e546e00000] [id=11320]
  0x0000027a7ebaafe0 GCTaskThread "GC Thread#2" [stack: 0x000000e546e00000,0x000000e546f00000] [id=11564]
  0x0000027a190f5790 GCTaskThread "GC Thread#3" [stack: 0x000000e546f00000,0x000000e547000000] [id=12192]
  0x0000027a79fda820 ConcurrentGCThread "G1 Main Marker" [stack: 0x000000e545c00000,0x000000e545d00000] [id=2104]
  0x0000027a79fdb9e0 ConcurrentGCThread "G1 Conc#0" [stack: 0x000000e545d00000,0x000000e545e00000] [id=11016]
  0x0000027a7e380090 ConcurrentGCThread "G1 Refine#0" [stack: 0x000000e545e00000,0x000000e545f00000] [id=11600]
  0x0000027a7e381ad0 ConcurrentGCThread "G1 Service" [stack: 0x000000e545f00000,0x000000e546000000] [id=10368]

Threads with active compile tasks:
C2 CompilerThread0    18935 5472       4       java.io.WinNTFileSystem::normalize (224 bytes)
C1 CompilerThread0    18935 5506   !   3       com.google.common.cache.LocalCache$Segment::lockedGetOrLoad (447 bytes)

VM state: at safepoint (normal execution)

VM Mutex/Monitor currently owned by a thread:  ([mutex/lock_event])
[0x0000027a79f6a8d0] Threads_lock - owner thread: 0x0000027a7e523130
[0x0000027a79f6bda0] Heap_lock - owner thread: 0x0000027a7f2ecf40

Heap address: 0x0000000080000000, size: 2048 MB, Compressed Oops mode: 32-bit

CDS archive(s) not mapped
Compressed class space mapped at: 0x0000000100000000-0x0000000140000000, reserved size: 1073741824
Narrow klass base: 0x0000000000000000, Narrow klass shift: 3, Narrow klass range: 0x140000000

GC Precious Log:
 CPUs: 4 total, 4 available
 Memory: 3891M
 Large Page Support: Disabled
 NUMA Support: Disabled
 Compressed Oops: Enabled (32-bit)
 Heap Region Size: 1M
 Heap Min Capacity: 8M
 Heap Initial Capacity: 62M
 Heap Max Capacity: 2G
 Pre-touch: Disabled
 Parallel Workers: 4
 Concurrent Workers: 1
 Concurrent Refinement Workers: 4
 Periodic GC: Disabled

Heap:
 garbage-first heap   total 63488K, used 37558K [0x0000000080000000, 0x0000000100000000)
  region size 1024K, 2 young (2048K), 2 survivors (2048K)
 Metaspace       used 55717K, committed 56256K, reserved 1114112K
  class space    used 7639K, committed 7872K, reserved 1048576K

Heap Regions: E=young(eden), S=young(survivor), O=old, HS=humongous(starts), HC=humongous(continues), CS=collection set, F=free, OA=open archive, CA=closed archive, TAMS=top-at-mark-start (previous, next)
|   0|0x0000000080000000, 0x0000000080100000, 0x0000000080100000|100%| O|  |TAMS 0x0000000080100000, 0x0000000080100000| Untracked 
|   1|0x0000000080100000, 0x0000000080200000, 0x0000000080200000|100%|HS|  |TAMS 0x0000000080200000, 0x0000000080200000| Complete 
|   2|0x0000000080200000, 0x0000000080300000, 0x0000000080300000|100%|HC|  |TAMS 0x0000000080300000, 0x0000000080300000| Complete 
|   3|0x0000000080300000, 0x0000000080400000, 0x0000000080400000|100%|HC|  |TAMS 0x0000000080400000, 0x0000000080400000| Complete 
|   4|0x0000000080400000, 0x0000000080500000, 0x0000000080500000|100%|HC|  |TAMS 0x0000000080500000, 0x0000000080500000| Complete 
|   5|0x0000000080500000, 0x0000000080600000, 0x0000000080600000|100%| O|  |TAMS 0x0000000080600000, 0x0000000080600000| Untracked 
|   6|0x0000000080600000, 0x0000000080700000, 0x0000000080700000|100%| O|  |TAMS 0x0000000080700000, 0x0000000080700000| Untracked 
|   7|0x0000000080700000, 0x0000000080800000, 0x0000000080800000|100%| O|  |TAMS 0x0000000080800000, 0x0000000080800000| Untracked 
|   8|0x0000000080800000, 0x0000000080900000, 0x0000000080900000|100%| O|  |TAMS 0x0000000080900000, 0x0000000080900000| Untracked 
|   9|0x0000000080900000, 0x0000000080a00000, 0x0000000080a00000|100%| O|  |TAMS 0x0000000080a00000, 0x0000000080a00000| Untracked 
|  10|0x0000000080a00000, 0x0000000080a00000, 0x0000000080b00000|  0%| F|  |TAMS 0x0000000080a00000, 0x0000000080a00000| Untracked 
|  11|0x0000000080b00000, 0x0000000080c00000, 0x0000000080c00000|100%| O|  |TAMS 0x0000000080c00000, 0x0000000080c00000| Untracked 
|  12|0x0000000080c00000, 0x0000000080d00000, 0x0000000080d00000|100%| O|  |TAMS 0x0000000080d00000, 0x0000000080d00000| Untracked 
|  13|0x0000000080d00000, 0x0000000080e00000, 0x0000000080e00000|100%| O|  |TAMS 0x0000000080e00000, 0x0000000080e00000| Untracked 
|  14|0x0000000080e00000, 0x0000000080f00000, 0x0000000080f00000|100%| O|  |TAMS 0x0000000080f00000, 0x0000000080f00000| Untracked 
|  15|0x0000000080f00000, 0x0000000081000000, 0x0000000081000000|100%| O|  |TAMS 0x0000000081000000, 0x0000000081000000| Untracked 
|  16|0x0000000081000000, 0x0000000081100000, 0x0000000081100000|100%| O|  |TAMS 0x0000000081100000, 0x0000000081100000| Untracked 
|  17|0x0000000081100000, 0x0000000081200000, 0x0000000081200000|100%| O|  |TAMS 0x0000000081200000, 0x0000000081200000| Untracked 
|  18|0x0000000081200000, 0x0000000081300000, 0x0000000081300000|100%| O|  |TAMS 0x0000000081300000, 0x0000000081300000| Untracked 
|  19|0x0000000081300000, 0x0000000081400000, 0x0000000081400000|100%| O|  |TAMS 0x0000000081400000, 0x0000000081400000| Untracked 
|  20|0x0000000081400000, 0x0000000081500000, 0x0000000081500000|100%| O|  |TAMS 0x0000000081500000, 0x0000000081500000| Untracked 
|  21|0x0000000081500000, 0x0000000081600000, 0x0000000081600000|100%| O|  |TAMS 0x0000000081600000, 0x0000000081600000| Untracked 
|  22|0x0000000081600000, 0x0000000081700000, 0x0000000081700000|100%| O|  |TAMS 0x0000000081700000, 0x0000000081700000| Untracked 
|  23|0x0000000081700000, 0x0000000081800000, 0x0000000081800000|100%| O|  |TAMS 0x0000000081800000, 0x0000000081800000| Untracked 
|  24|0x0000000081800000, 0x0000000081900000, 0x0000000081900000|100%| O|  |TAMS 0x0000000081900000, 0x0000000081900000| Untracked 
|  25|0x0000000081900000, 0x0000000081a00000, 0x0000000081a00000|100%| O|  |TAMS 0x0000000081a00000, 0x0000000081a00000| Untracked 
|  26|0x0000000081a00000, 0x0000000081b00000, 0x0000000081b00000|100%| O|  |TAMS 0x0000000081b00000, 0x0000000081b00000| Untracked 
|  27|0x0000000081b00000, 0x0000000081c00000, 0x0000000081c00000|100%| O|  |TAMS 0x0000000081b00000, 0x0000000081c00000| Untracked 
|  28|0x0000000081c00000, 0x0000000081d00000, 0x0000000081d00000|100%| O|  |TAMS 0x0000000081d00000, 0x0000000081d00000| Untracked 
|  29|0x0000000081d00000, 0x0000000081e00000, 0x0000000081e00000|100%| O|  |TAMS 0x0000000081e00000, 0x0000000081e00000| Untracked 
|  30|0x0000000081e00000, 0x0000000081f00000, 0x0000000081f00000|100%| O|  |TAMS 0x0000000081f00000, 0x0000000081f00000| Untracked 
|  31|0x0000000081f00000, 0x0000000082000000, 0x0000000082000000|100%| O|  |TAMS 0x0000000082000000, 0x0000000082000000| Untracked 
|  32|0x0000000082000000, 0x0000000082100000, 0x0000000082100000|100%| O|  |TAMS 0x0000000082100000, 0x0000000082100000| Untracked 
|  33|0x0000000082100000, 0x0000000082200000, 0x0000000082200000|100%| O|  |TAMS 0x0000000082200000, 0x0000000082200000| Untracked 
|  34|0x0000000082200000, 0x0000000082300000, 0x0000000082300000|100%| O|  |TAMS 0x0000000082220a00, 0x0000000082300000| Untracked 
|  35|0x0000000082300000, 0x00000000823ada00, 0x0000000082400000| 67%| O|  |TAMS 0x0000000082300000, 0x0000000082365a00| Untracked 
|  36|0x0000000082400000, 0x0000000082400000, 0x0000000082500000|  0%| F|  |TAMS 0x0000000082400000, 0x0000000082400000| Untracked 
|  37|0x0000000082500000, 0x0000000082500000, 0x0000000082600000|  0%| F|  |TAMS 0x0000000082500000, 0x0000000082500000| Untracked 
|  38|0x0000000082600000, 0x0000000082600000, 0x0000000082700000|  0%| F|  |TAMS 0x0000000082600000, 0x0000000082600000| Untracked 
|  39|0x0000000082700000, 0x0000000082700000, 0x0000000082800000|  0%| F|  |TAMS 0x0000000082700000, 0x0000000082700000| Untracked 
|  40|0x0000000082800000, 0x0000000082800000, 0x0000000082900000|  0%| F|  |TAMS 0x0000000082800000, 0x0000000082800000| Untracked 
|  41|0x0000000082900000, 0x0000000082900000, 0x0000000082a00000|  0%| F|  |TAMS 0x0000000082900000, 0x0000000082900000| Untracked 
|  42|0x0000000082a00000, 0x0000000082a00000, 0x0000000082b00000|  0%| F|  |TAMS 0x0000000082a00000, 0x0000000082a00000| Untracked 
|  43|0x0000000082b00000, 0x0000000082b00000, 0x0000000082c00000|  0%| F|  |TAMS 0x0000000082b00000, 0x0000000082b00000| Untracked 
|  44|0x0000000082c00000, 0x0000000082d00000, 0x0000000082d00000|100%| S|CS|TAMS 0x0000000082c00000, 0x0000000082c00000| Complete 
|  45|0x0000000082d00000, 0x0000000082e00000, 0x0000000082e00000|100%| S|CS|TAMS 0x0000000082d00000, 0x0000000082d00000| Complete 
|  46|0x0000000082e00000, 0x0000000082e00000, 0x0000000082f00000|  0%| F|  |TAMS 0x0000000082e00000, 0x0000000082e00000| Untracked 
|  47|0x0000000082f00000, 0x0000000082f00000, 0x0000000083000000|  0%| F|  |TAMS 0x0000000082f00000, 0x0000000082f00000| Untracked 
|  48|0x0000000083000000, 0x0000000083000000, 0x0000000083100000|  0%| F|  |TAMS 0x0000000083000000, 0x0000000083000000| Untracked 
|  49|0x0000000083100000, 0x0000000083100000, 0x0000000083200000|  0%| F|  |TAMS 0x0000000083100000, 0x0000000083100000| Untracked 
|  50|0x0000000083200000, 0x0000000083200000, 0x0000000083300000|  0%| F|  |TAMS 0x0000000083200000, 0x0000000083200000| Untracked 
|  51|0x0000000083300000, 0x0000000083300000, 0x0000000083400000|  0%| F|  |TAMS 0x0000000083300000, 0x0000000083300000| Untracked 
|  52|0x0000000083400000, 0x0000000083400000, 0x0000000083500000|  0%| F|  |TAMS 0x0000000083400000, 0x0000000083400000| Untracked 
|  53|0x0000000083500000, 0x0000000083500000, 0x0000000083600000|  0%| F|  |TAMS 0x0000000083500000, 0x0000000083500000| Untracked 
|  54|0x0000000083600000, 0x0000000083600000, 0x0000000083700000|  0%| F|  |TAMS 0x0000000083600000, 0x0000000083600000| Untracked 
|  55|0x0000000083700000, 0x0000000083700000, 0x0000000083800000|  0%| F|  |TAMS 0x0000000083700000, 0x0000000083700000| Untracked 
|  56|0x0000000083800000, 0x0000000083800000, 0x0000000083900000|  0%| F|  |TAMS 0x0000000083800000, 0x0000000083800000| Untracked 
|  57|0x0000000083900000, 0x0000000083900000, 0x0000000083a00000|  0%| F|  |TAMS 0x0000000083900000, 0x0000000083900000| Untracked 
|  58|0x0000000083a00000, 0x0000000083a00000, 0x0000000083b00000|  0%| F|  |TAMS 0x0000000083a00000, 0x0000000083a00000| Untracked 
|  59|0x0000000083b00000, 0x0000000083b00000, 0x0000000083c00000|  0%| F|  |TAMS 0x0000000083b00000, 0x0000000083b00000| Untracked 
|  60|0x0000000083c00000, 0x0000000083c00000, 0x0000000083d00000|  0%| F|  |TAMS 0x0000000083c00000, 0x0000000083c00000| Untracked 
|  61|0x0000000083d00000, 0x0000000083d00000, 0x0000000083e00000|  0%| F|  |TAMS 0x0000000083d00000, 0x0000000083d00000| Untracked 

Card table byte_map: [0x0000027a7d840000,0x0000027a7dc40000] _byte_map_base: 0x0000027a7d440000

Marking Bits (Prev, Next): (CMBitMap*) 0x0000027a79fc9e60, (CMBitMap*) 0x0000027a79fc9e20
 Prev Bits: [0x0000027a11000000, 0x0000027a13000000)
 Next Bits: [0x0000027a0f000000, 0x0000027a11000000)

Polling page: 0x0000027a77c90000

Metaspace:

Usage:
  Non-class:     46.95 MB used.
      Class:      7.46 MB used.
       Both:     54.41 MB used.

Virtual space:
  Non-class space:       64.00 MB reserved,      47.25 MB ( 74%) committed,  1 nodes.
      Class space:        1.00 GB reserved,       7.69 MB ( <1%) committed,  1 nodes.
             Both:        1.06 GB reserved,      54.94 MB (  5%) committed. 

Chunk freelists:
   Non-Class:  608.00 KB
       Class:  8.31 MB
        Both:  8.91 MB

MaxMetaspaceSize: unlimited
CompressedClassSpaceSize: 1.00 GB
Initial GC threshold: 21.00 MB
Current GC threshold: 85.56 MB
CDS: off
MetaspaceReclaimPolicy: balanced
 - commit_granule_bytes: 65536.
 - commit_granule_words: 8192.
 - virtual_space_node_default_size: 8388608.
 - enlarge_chunks_in_place: 1.
 - new_chunks_are_fully_committed: 0.
 - uncommit_free_chunks: 1.
 - use_allocation_guard: 0.
 - handle_deallocations: 1.


Internal statistics:

num_allocs_failed_limit: 6.
num_arena_births: 616.
num_arena_deaths: 0.
num_vsnodes_births: 2.
num_vsnodes_deaths: 0.
num_space_committed: 879.
num_space_uncommitted: 0.
num_chunks_returned_to_freelist: 6.
num_chunks_taken_from_freelist: 2481.
num_chunk_merges: 6.
num_chunk_splits: 1618.
num_chunks_enlarged: 1091.
num_inconsistent_stats: 0.

CodeHeap 'non-profiled nmethods': size=120000Kb used=2947Kb max_used=2947Kb free=117052Kb
 bounds [0x0000027a07ad0000, 0x0000027a07dc0000, 0x0000027a0f000000]
CodeHeap 'profiled nmethods': size=120000Kb used=10488Kb max_used=10488Kb free=109511Kb
 bounds [0x0000027a00000000, 0x0000027a00a40000, 0x0000027a07530000]
CodeHeap 'non-nmethods': size=5760Kb used=1638Kb max_used=1682Kb free=4121Kb
 bounds [0x0000027a07530000, 0x0000027a077a0000, 0x0000027a07ad0000]
 total_blobs=6151 nmethods=5449 adapters=613
 compilation: enabled
              stopped_count=0, restarted_count=0
 full_count=0

Compilation events (20 events):
Event: 18.778 Thread 0x0000027a7e7da860 nmethod 5492 0x0000027a00a38a10 code [0x0000027a00a38bc0, 0x0000027a00a38de8]
Event: 18.778 Thread 0x0000027a7e7da860 5493       3       org.gradle.internal.component.external.model.ConfigurationBoundExternalDependencyMetadata::<init> (10 bytes)
Event: 18.778 Thread 0x0000027a7e7da860 nmethod 5493 0x0000027a00a38f10 code [0x0000027a00a390c0, 0x0000027a00a39208]
Event: 18.778 Thread 0x0000027a7e7da860 5494       3       org.gradle.internal.component.external.model.ConfigurationBoundExternalDependencyMetadata::<init> (13 bytes)
Event: 18.778 Thread 0x0000027a7e7da860 nmethod 5494 0x0000027a00a39310 code [0x0000027a00a394a0, 0x0000027a00a395e8]
Event: 18.778 Thread 0x0000027a7e7da860 5495       3       org.gradle.internal.component.external.model.ConfigurationBoundExternalDependencyMetadata::<init> (19 bytes)
Event: 18.779 Thread 0x0000027a7e7da860 nmethod 5495 0x0000027a00a39690 code [0x0000027a00a398e0, 0x0000027a00a3a298]
Event: 18.779 Thread 0x0000027a7e7da860 5496       3       org.gradle.internal.component.external.model.maven.MavenDependencyDescriptor::getConfigurationArtifacts (6 bytes)
Event: 18.779 Thread 0x0000027a7e7da860 nmethod 5496 0x0000027a00a3a710 code [0x0000027a00a3a940, 0x0000027a00a3b1e8]
Event: 18.793 Thread 0x0000027a7e7da860 5498       3       org.gradle.internal.serialize.kryo.KryoBackedEncoder::writeByte (9 bytes)
Event: 18.794 Thread 0x0000027a7e7da860 nmethod 5498 0x0000027a00a3b510 code [0x0000027a00a3b6c0, 0x0000027a00a3b828]
Event: 18.795 Thread 0x0000027a7e7da860 5499       3       org.gradle.api.internal.artifacts.DefaultImmutableModuleIdentifierFactory::module (74 bytes)
Event: 18.796 Thread 0x0000027a7e7da860 nmethod 5499 0x0000027a00a3b910 code [0x0000027a00a3bb40, 0x0000027a00a3c548]
Event: 18.806 Thread 0x0000027a7e7da860 5501       3       java.util.StringJoiner::add (110 bytes)
Event: 18.807 Thread 0x0000027a7e7da860 nmethod 5501 0x0000027a00a3c810 code [0x0000027a00a3ca60, 0x0000027a00a3d4d8]
Event: 18.814 Thread 0x0000027a7e7da860 5502       3       java.util.Spliterators$IteratorSpliterator::<init> (39 bytes)
Event: 18.814 Thread 0x0000027a7e7da860 nmethod 5502 0x0000027a00a3d890 code [0x0000027a00a3da40, 0x0000027a00a3dc98]
Event: 18.817 Thread 0x0000027a7e7da860 5505       3       org.gradle.internal.component.external.model.AbstractLazyModuleComponentResolveMetadata::getSources (5 bytes)
Event: 18.817 Thread 0x0000027a7e7da860 nmethod 5505 0x0000027a00a3dd90 code [0x0000027a00a3df20, 0x0000027a00a3e038]
Event: 18.825 Thread 0x0000027a7e7da860 5506   !   3       com.google.common.cache.LocalCache$Segment::lockedGetOrLoad (447 bytes)

GC Heap History (20 events):
Event: 12.511 GC heap after
{Heap after GC invocations=13 (full 0):
 garbage-first heap   total 63488K, used 28550K [0x0000000080000000, 0x0000000100000000)
  region size 1024K, 4 young (4096K), 4 survivors (4096K)
 Metaspace       used 41100K, committed 41472K, reserved 1114112K
  class space    used 5453K, committed 5632K, reserved 1048576K
}
Event: 12.856 GC heap before
{Heap before GC invocations=13 (full 0):
 garbage-first heap   total 63488K, used 49030K [0x0000000080000000, 0x0000000100000000)
  region size 1024K, 24 young (24576K), 4 survivors (4096K)
 Metaspace       used 41992K, committed 42368K, reserved 1114112K
  class space    used 5580K, committed 5760K, reserved 1048576K
}
Event: 12.867 GC heap after
{Heap after GC invocations=14 (full 0):
 garbage-first heap   total 63488K, used 30396K [0x0000000080000000, 0x0000000100000000)
  region size 1024K, 2 young (2048K), 2 survivors (2048K)
 Metaspace       used 41992K, committed 42368K, reserved 1114112K
  class space    used 5580K, committed 5760K, reserved 1048576K
}
Event: 13.315 GC heap before
{Heap before GC invocations=14 (full 0):
 garbage-first heap   total 63488K, used 49852K [0x0000000080000000, 0x0000000100000000)
  region size 1024K, 21 young (21504K), 2 survivors (2048K)
 Metaspace       used 43019K, committed 43392K, reserved 1114112K
  class space    used 5728K, committed 5888K, reserved 1048576K
}
Event: 13.320 GC heap after
{Heap after GC invocations=15 (full 0):
 garbage-first heap   total 63488K, used 31246K [0x0000000080000000, 0x0000000100000000)
  region size 1024K, 1 young (1024K), 1 survivors (1024K)
 Metaspace       used 43019K, committed 43392K, reserved 1114112K
  class space    used 5728K, committed 5888K, reserved 1048576K
}
Event: 14.017 GC heap before
{Heap before GC invocations=16 (full 0):
 garbage-first heap   total 63488K, used 50702K [0x0000000080000000, 0x0000000100000000)
  region size 1024K, 20 young (20480K), 1 survivors (1024K)
 Metaspace       used 45352K, committed 45760K, reserved 1114112K
  class space    used 6139K, committed 6336K, reserved 1048576K
}
Event: 14.020 GC heap after
{Heap after GC invocations=17 (full 0):
 garbage-first heap   total 63488K, used 32849K [0x0000000080000000, 0x0000000100000000)
  region size 1024K, 3 young (3072K), 3 survivors (3072K)
 Metaspace       used 45352K, committed 45760K, reserved 1114112K
  class space    used 6139K, committed 6336K, reserved 1048576K
}
Event: 14.777 GC heap before
{Heap before GC invocations=17 (full 0):
 garbage-first heap   total 63488K, used 49233K [0x0000000080000000, 0x0000000100000000)
  region size 1024K, 20 young (20480K), 3 survivors (3072K)
 Metaspace       used 47473K, committed 48000K, reserved 1114112K
  class space    used 6478K, committed 6720K, reserved 1048576K
}
Event: 14.785 GC heap after
{Heap after GC invocations=18 (full 0):
 garbage-first heap   total 63488K, used 33719K [0x0000000080000000, 0x0000000100000000)
  region size 1024K, 1 young (1024K), 1 survivors (1024K)
 Metaspace       used 47473K, committed 48000K, reserved 1114112K
  class space    used 6478K, committed 6720K, reserved 1048576K
}
Event: 15.430 GC heap before
{Heap before GC invocations=19 (full 0):
 garbage-first heap   total 63488K, used 50103K [0x0000000080000000, 0x0000000100000000)
  region size 1024K, 18 young (18432K), 1 survivors (1024K)
 Metaspace       used 49951K, committed 50368K, reserved 1114112K
  class space    used 6858K, committed 7040K, reserved 1048576K
}
Event: 15.434 GC heap after
{Heap after GC invocations=20 (full 0):
 garbage-first heap   total 63488K, used 34643K [0x0000000080000000, 0x0000000100000000)
  region size 1024K, 2 young (2048K), 2 survivors (2048K)
 Metaspace       used 49951K, committed 50368K, reserved 1114112K
  class space    used 6858K, committed 7040K, reserved 1048576K
}
Event: 15.467 GC heap before
{Heap before GC invocations=20 (full 0):
 garbage-first heap   total 63488K, used 35667K [0x0000000080000000, 0x0000000100000000)
  region size 1024K, 3 young (3072K), 2 survivors (2048K)
 Metaspace       used 50034K, committed 50496K, reserved 1114112K
  class space    used 6875K, committed 7104K, reserved 1048576K
}
Event: 15.474 GC heap after
{Heap after GC invocations=21 (full 0):
 garbage-first heap   total 63488K, used 34172K [0x0000000080000000, 0x0000000100000000)
  region size 1024K, 1 young (1024K), 1 survivors (1024K)
 Metaspace       used 50034K, committed 50496K, reserved 1114112K
  class space    used 6875K, committed 7104K, reserved 1048576K
}
Event: 16.428 GC heap before
{Heap before GC invocations=21 (full 0):
 garbage-first heap   total 63488K, used 49532K [0x0000000080000000, 0x0000000100000000)
  region size 1024K, 17 young (17408K), 1 survivors (1024K)
 Metaspace       used 52033K, committed 52480K, reserved 1114112K
  class space    used 7231K, committed 7424K, reserved 1048576K
}
Event: 16.430 GC heap after
{Heap after GC invocations=22 (full 0):
 garbage-first heap   total 63488K, used 34743K [0x0000000080000000, 0x0000000100000000)
  region size 1024K, 1 young (1024K), 1 survivors (1024K)
 Metaspace       used 52033K, committed 52480K, reserved 1114112K
  class space    used 7231K, committed 7424K, reserved 1048576K
}
Event: 17.456 GC heap before
{Heap before GC invocations=23 (full 0):
 garbage-first heap   total 63488K, used 52151K [0x0000000080000000, 0x0000000100000000)
  region size 1024K, 17 young (17408K), 1 survivors (1024K)
 Metaspace       used 54344K, committed 54912K, reserved 1114112K
  class space    used 7469K, committed 7744K, reserved 1048576K
}
Event: 17.462 GC heap after
{Heap after GC invocations=24 (full 0):
 garbage-first heap   total 63488K, used 35729K [0x0000000080000000, 0x0000000100000000)
  region size 1024K, 2 young (2048K), 2 survivors (2048K)
 Metaspace       used 54344K, committed 54912K, reserved 1114112K
  class space    used 7469K, committed 7744K, reserved 1048576K
}
Event: 17.501 GC heap before
{Heap before GC invocations=24 (full 0):
 garbage-first heap   total 63488K, used 36753K [0x0000000080000000, 0x0000000100000000)
  region size 1024K, 3 young (3072K), 2 survivors (2048K)
 Metaspace       used 54476K, committed 55040K, reserved 1114112K
  class space    used 7486K, committed 7744K, reserved 1048576K
}
Event: 17.507 GC heap after
{Heap after GC invocations=25 (full 0):
 garbage-first heap   total 63488K, used 35516K [0x0000000080000000, 0x0000000100000000)
  region size 1024K, 1 young (1024K), 1 survivors (1024K)
 Metaspace       used 54476K, committed 55040K, reserved 1114112K
  class space    used 7486K, committed 7744K, reserved 1048576K
}
Event: 18.829 GC heap before
{Heap before GC invocations=25 (full 0):
 garbage-first heap   total 63488K, used 50876K [0x0000000080000000, 0x0000000100000000)
  region size 1024K, 16 young (16384K), 1 survivors (1024K)
 Metaspace       used 55717K, committed 56256K, reserved 1114112K
  class space    used 7639K, committed 7872K, reserved 1048576K
}

Dll operation events (3 events):
Event: 0.049 Loaded shared library C:\Program Files\Android\Android Studio\jbr\bin\java.dll
Event: 0.463 Loaded shared library C:\Program Files\Android\Android Studio\jbr\bin\zip.dll
Event: 1.131 Loaded shared library C:\Program Files\Android\Android Studio\jbr\bin\verify.dll

Deoptimization events (20 events):
Event: 17.367 Thread 0x0000027a7f2ecf40 Uncommon trap: trap_request=0xffffffc6 fr.pc=0x0000027a07c36780 relative=0x0000000000000240
Event: 17.367 Thread 0x0000027a7f2ecf40 Uncommon trap: reason=bimorphic_or_optimized_type_check action=maybe_recompile pc=0x0000027a07c36780 method=com.google.common.base.CharMatcher.indexIn(Ljava/lang/CharSequence;I)I @ 31 c2
Event: 17.367 Thread 0x0000027a7f2ecf40 DEOPT PACKING pc=0x0000027a07c36780 sp=0x000000e5476f98d0
Event: 17.367 Thread 0x0000027a7f2ecf40 DEOPT UNPACKING pc=0x0000027a0758a1a3 sp=0x000000e5476f9878 mode 2
Event: 17.392 Thread 0x0000027a7f2ecf40 Uncommon trap: trap_request=0xffffffc6 fr.pc=0x0000027a07c36780 relative=0x0000000000000240
Event: 17.392 Thread 0x0000027a7f2ecf40 Uncommon trap: reason=bimorphic_or_optimized_type_check action=maybe_recompile pc=0x0000027a07c36780 method=com.google.common.base.CharMatcher.indexIn(Ljava/lang/CharSequence;I)I @ 31 c2
Event: 17.392 Thread 0x0000027a7f2ecf40 DEOPT PACKING pc=0x0000027a07c36780 sp=0x000000e5476f91a0
Event: 17.392 Thread 0x0000027a7f2ecf40 DEOPT UNPACKING pc=0x0000027a0758a1a3 sp=0x000000e5476f9148 mode 2
Event: 17.410 Thread 0x0000027a7f2ecf40 DEOPT PACKING pc=0x0000027a003cf19b sp=0x000000e5476f83a0
Event: 17.410 Thread 0x0000027a7f2ecf40 DEOPT UNPACKING pc=0x0000027a0758ace3 sp=0x000000e5476f7810 mode 0
Event: 18.643 Thread 0x0000027a7f2ecf40 Uncommon trap: trap_request=0xffffff45 fr.pc=0x0000027a07da2bc8 relative=0x0000000000000cc8
Event: 18.644 Thread 0x0000027a7f2ecf40 Uncommon trap: reason=unstable_if action=reinterpret pc=0x0000027a07da2bc8 method=com.esotericsoftware.kryo.io.Input.readString()Ljava/lang/String; @ 38 c2
Event: 18.644 Thread 0x0000027a7f2ecf40 DEOPT PACKING pc=0x0000027a07da2bc8 sp=0x000000e5476f77f0
Event: 18.644 Thread 0x0000027a7f2ecf40 DEOPT UNPACKING pc=0x0000027a0758a1a3 sp=0x000000e5476f77b8 mode 2
Event: 18.757 Thread 0x0000027a7f2ecf40 DEOPT PACKING pc=0x0000027a000cecc3 sp=0x000000e5476f7570
Event: 18.757 Thread 0x0000027a7f2ecf40 DEOPT UNPACKING pc=0x0000027a0758ace3 sp=0x000000e5476f6a90 mode 0
Event: 18.757 Thread 0x0000027a7f2ecf40 Uncommon trap: trap_request=0xffffff45 fr.pc=0x0000027a07afd5e4 relative=0x0000000000000064
Event: 18.757 Thread 0x0000027a7f2ecf40 Uncommon trap: reason=unstable_if action=reinterpret pc=0x0000027a07afd5e4 method=java.io.WinNTFileSystem.isSlash(C)Z @ 9 c2
Event: 18.757 Thread 0x0000027a7f2ecf40 DEOPT PACKING pc=0x0000027a07afd5e4 sp=0x000000e5476f7590
Event: 18.757 Thread 0x0000027a7f2ecf40 DEOPT UNPACKING pc=0x0000027a0758a1a3 sp=0x000000e5476f7518 mode 2

Classes unloaded (0 events):
No events

Classes redefined (0 events):
No events

Internal exceptions (20 events):
Event: 16.865 Thread 0x0000027a7f2ecf40 Exception <a 'java/lang/NoSuchMethodError'{0x00000000838ae450}: 'void java.lang.invoke.DirectMethodHandle$Holder.invokeStatic(java.lang.Object, java.lang.Object, java.lang.Object, java.lang.Object, java.lang.Object, java.lang.Object)'> (0x00000000838ae450) 
thrown [s\src\hotspot\share\interpreter\linkResolver.cpp, line 771]
Event: 16.912 Thread 0x0000027a7f2ecf40 Exception <a 'java/lang/NoSuchMethodError'{0x000000008373ad90}: 'java.lang.Object java.lang.invoke.DirectMethodHandle$Holder.invokeSpecial(java.lang.Object, java.lang.Object, java.lang.Object, java.lang.Object, java.lang.Object, java.lang.Object, java.lang.Object, java.lang.Object, java.lang.Object, java.lang.Object, java.lang.Object, java.lang.Object, java.lang.Object, java.lang.Object, java.lang.Object, java.lang.Object, java.lang.Object, java.lang.Object, java.lang.Object, java.lang.Object, java.lang.Ob
Event: 16.913 Thread 0x0000027a7f2ecf40 Exception <a 'java/lang/NoSuchMethodError'{0x0000000083740ff8}: 'java.lang.Object java.lang.invoke.DelegatingMethodHandle$Holder.reinvoke_L(java.lang.Object, java.lang.Object, java.lang.Object, java.lang.Object, java.lang.Object, java.lang.Object, java.lang.Object, java.lang.Object, java.lang.Object, java.lang.Object, java.lang.Object, java.lang.Object, java.lang.Object, java.lang.Object, java.lang.Object, java.lang.Object, java.lang.Object, java.lang.Object, java.lang.Object, java.lang.Object, java.lang.O
Event: 16.913 Thread 0x0000027a7f2ecf40 Exception <a 'java/lang/NoSuchMethodError'{0x000000008374ca40}: 'java.lang.Object java.lang.invoke.Invokers$Holder.invoker(java.lang.Object, java.lang.Object, java.lang.Object, java.lang.Object, java.lang.Object, java.lang.Object, java.lang.Object, java.lang.Object, java.lang.Object, java.lang.Object, java.lang.Object, java.lang.Object, java.lang.Object, java.lang.Object, java.lang.Object, java.lang.Object, java.lang.Object, java.lang.Object, java.lang.Object, java.lang.Object, java.lang.Object, java.lang.
Event: 16.913 Thread 0x0000027a7f2ecf40 Exception <a 'java/lang/NoSuchMethodError'{0x0000000083768ab0}: 'java.lang.Object java.lang.invoke.DelegatingMethodHandle$Holder.delegate(java.lang.Object, java.lang.Object, java.lang.Object, java.lang.Object, java.lang.Object, java.lang.Object, java.lang.Object, java.lang.Object, java.lang.Object, java.lang.Object, java.lang.Object, java.lang.Object, java.lang.Object, java.lang.Object, java.lang.Object, java.lang.Object, java.lang.Object, java.lang.Object, java.lang.Object, java.lang.Object, java.lang.Obj
Event: 16.946 Thread 0x0000027a7f2ecf40 Exception <a 'java/lang/NoSuchMethodError'{0x0000000083635148}: 'java.lang.Object java.lang.invoke.DirectMethodHandle$Holder.invokeStatic(java.lang.Object, java.lang.Object, java.lang.Object, java.lang.Object, java.lang.Object, java.lang.Object, java.lang.Object, java.lang.Object, java.lang.Object, java.lang.Object, java.lang.Object, java.lang.Object, java.lang.Object, java.lang.Object, java.lang.Object, java.lang.Object, java.lang.Object, java.lang.Object, java.lang.Object, java.lang.Object, java.lang.Obj
Event: 17.260 Thread 0x0000027a7f2ecf40 Exception <a 'java/lang/NoSuchMethodError'{0x00000000831aa450}: static Lorg/gradle/api/internal/catalog/DefaultVersionCatalog;.<clinit>()V> (0x00000000831aa450) 
thrown [s\src\hotspot\share\prims\jni.cpp, line 1108]
Event: 17.277 Thread 0x0000027a7f2ecf40 Exception <a 'java/lang/NoSuchMethodError'{0x00000000831fa9e0}: static [Ljava/lang/Object;.<clinit>()V> (0x00000000831fa9e0) 
thrown [s\src\hotspot\share\prims\jni.cpp, line 1108]
Event: 17.280 Thread 0x0000027a7f2ecf40 Exception <a 'java/lang/NoSuchMethodError'{0x00000000830203c8}: static Lorg/gradle/api/internal/catalog/DependencyModel;.<clinit>()V> (0x00000000830203c8) 
thrown [s\src\hotspot\share\prims\jni.cpp, line 1108]
Event: 17.280 Thread 0x0000027a7f2ecf40 Exception <a 'java/lang/NoSuchMethodError'{0x0000000083023b28}: static Lorg/gradle/api/internal/catalog/AbstractContextAwareModel;.<clinit>()V> (0x0000000083023b28) 
thrown [s\src\hotspot\share\prims\jni.cpp, line 1108]
Event: 17.282 Thread 0x0000027a7f2ecf40 Exception <a 'java/lang/NoSuchMethodError'{0x000000008303d258}: static Lorg/gradle/api/internal/artifacts/dependencies/AbstractVersionConstraint;.<clinit>()V> (0x000000008303d258) 
thrown [s\src\hotspot\share\prims\jni.cpp, line 1108]
Event: 17.300 Thread 0x0000027a7f2ecf40 Exception <a 'java/lang/NoSuchMethodError'{0x00000000830ea610}: static Lorg/gradle/api/internal/catalog/PluginModel;.<clinit>()V> (0x00000000830ea610) 
thrown [s\src\hotspot\share\prims\jni.cpp, line 1108]
Event: 17.307 Thread 0x0000027a7f2ecf40 Exception <a 'java/lang/NoSuchMethodError'{0x00000000830ff938}: static Lorg/gradle/api/internal/catalog/VersionModel;.<clinit>()V> (0x00000000830ff938) 
thrown [s\src\hotspot\share\prims\jni.cpp, line 1108]
Event: 17.313 Thread 0x0000027a7f2ecf40 Exception <a 'java/lang/NoSuchMethodError'{0x0000000082f24aa8}: 'void java.lang.invoke.DirectMethodHandle$Holder.invokeSpecial(java.lang.Object, java.lang.Object, java.lang.Object, int)'> (0x0000000082f24aa8) 
thrown [s\src\hotspot\share\interpreter\linkResolver.cpp, line 771]
Event: 17.562 Thread 0x0000027a7f2ecf40 Exception <a 'java/lang/NoSuchMethodError'{0x0000000083dac4e0}: 'int java.lang.invoke.DirectMethodHandle$Holder.invokeSpecialIFC(java.lang.Object, java.lang.Object, java.lang.Object)'> (0x0000000083dac4e0) 
thrown [s\src\hotspot\share\interpreter\linkResolver.cpp, line 771]
Event: 17.706 Thread 0x0000027a7f2ecf40 Exception <a 'java/lang/NoSuchMethodError'{0x00000000838596e0}: 'java.lang.Object java.lang.invoke.DirectMethodHandle$Holder.newInvokeSpecial(java.lang.Object, java.lang.Object, java.lang.Object, java.lang.Object, java.lang.Object, int)'> (0x00000000838596e0) 
thrown [s\src\hotspot\share\interpreter\linkResolver.cpp, line 771]
Event: 17.706 Thread 0x0000027a7f2ecf40 Exception <a 'java/lang/NoSuchMethodError'{0x000000008385eb38}: 'java.lang.Object java.lang.invoke.DirectMethodHandle$Holder.invokeSpecial(java.lang.Object, java.lang.Object, java.lang.Object, java.lang.Object, java.lang.Object, java.lang.Object, int)'> (0x000000008385eb38) 
thrown [s\src\hotspot\share\interpreter\linkResolver.cpp, line 771]
Event: 17.707 Thread 0x0000027a7f2ecf40 Exception <a 'java/lang/NoSuchMethodError'{0x0000000083863918}: 'java.lang.Object java.lang.invoke.Invokers$Holder.linkToTargetMethod(java.lang.Object, java.lang.Object, java.lang.Object, java.lang.Object, int, java.lang.Object)'> (0x0000000083863918) 
thrown [s\src\hotspot\share\interpreter\linkResolver.cpp, line 771]
Event: 17.713 Thread 0x0000027a7f2ecf40 Exception <a 'java/lang/NoSuchMethodError'{0x00000000838965f8}: 'java.lang.Object java.lang.invoke.DirectMethodHandle$Holder.invokeSpecial(java.lang.Object, java.lang.Object, java.lang.Object, java.lang.Object, java.lang.Object, long)'> (0x00000000838965f8) 
thrown [s\src\hotspot\share\interpreter\linkResolver.cpp, line 771]
Event: 17.716 Thread 0x0000027a7f2ecf40 Exception <a 'java/lang/NoSuchMethodError'{0x00000000838ba730}: 'void java.lang.invoke.DirectMethodHandle$Holder.invokeStatic(java.lang.Object, java.lang.Object, java.lang.Object, int, java.lang.Object)'> (0x00000000838ba730) 
thrown [s\src\hotspot\share\interpreter\linkResolver.cpp, line 771]

VM Operations (20 events):
Event: 15.519 Executing VM operation: HandshakeAllThreads done
Event: 15.597 Executing VM operation: HandshakeAllThreads
Event: 15.597 Executing VM operation: HandshakeAllThreads done
Event: 16.428 Executing VM operation: G1CollectForAllocation
Event: 16.430 Executing VM operation: G1CollectForAllocation done
Event: 16.488 Executing VM operation: G1PauseRemark
Event: 16.494 Executing VM operation: G1PauseRemark done
Event: 16.525 Executing VM operation: G1PauseCleanup
Event: 16.529 Executing VM operation: G1PauseCleanup done
Event: 17.348 Executing VM operation: HandshakeAllThreads
Event: 17.348 Executing VM operation: HandshakeAllThreads done
Event: 17.456 Executing VM operation: G1CollectForAllocation
Event: 17.463 Executing VM operation: G1CollectForAllocation done
Event: 17.501 Executing VM operation: G1CollectForAllocation
Event: 17.510 Executing VM operation: G1CollectForAllocation done
Event: 18.510 Executing VM operation: Cleanup
Event: 18.511 Executing VM operation: Cleanup done
Event: 18.776 Executing VM operation: HandshakeAllThreads
Event: 18.776 Executing VM operation: HandshakeAllThreads done
Event: 18.829 Executing VM operation: G1CollectForAllocation

Events (20 events):
Event: 17.327 loading class java/io/ObjectInputFilter$Config$BuiltinFilterFactory
Event: 17.328 loading class java/io/ObjectInputFilter$Config$BuiltinFilterFactory done
Event: 17.328 loading class jdk/internal/access/JavaObjectInputFilterAccess
Event: 17.328 loading class jdk/internal/access/JavaObjectInputFilterAccess done
Event: 17.329 loading class java/lang/System$Logger$Level
Event: 17.329 loading class java/lang/System$Logger$Level done
Event: 17.329 loading class jdk/internal/event/DeserializationEvent
Event: 17.330 loading class jdk/internal/event/DeserializationEvent done
Event: 17.330 loading class java/io/ObjectInputStream$FieldValues
Event: 17.332 loading class java/io/ObjectInputStream$GetField
Event: 17.333 loading class java/io/ObjectInputStream$GetField done
Event: 17.333 loading class java/io/ObjectInputStream$FieldValues done
Event: 17.345 loading class sun/reflect/ReflectionFactory
Event: 17.346 loading class sun/reflect/ReflectionFactory done
Event: 17.346 loading class sun/reflect/ReflectionFactory$1
Event: 17.346 loading class sun/reflect/ReflectionFactory$1 done
Event: 18.610 loading class java/util/Collections$ReverseComparator
Event: 18.610 loading class java/util/Collections$ReverseComparator done
Event: 18.611 loading class java/util/Collections$ReverseComparator2
Event: 18.611 loading class java/util/Collections$ReverseComparator2 done


Dynamic libraries:
0x00007ff796c50000 - 0x00007ff796c5a000 	C:\Program Files\Android\Android Studio\jbr\bin\java.exe
0x00007ffe7f480000 - 0x00007ffe7f670000 	C:\Windows\SYSTEM32\ntdll.dll
0x00007ffe6ac50000 - 0x00007ffe6ac6a000 	C:\Program Files\Avast Software\Avast\aswhook.dll
0x00007ffe7ddd0000 - 0x00007ffe7de82000 	C:\Windows\System32\KERNEL32.DLL
0x00007ffe7c6b0000 - 0x00007ffe7c953000 	C:\Windows\System32\KERNELBASE.dll
0x00007ffe7d470000 - 0x00007ffe7d56a000 	C:\Windows\System32\ucrtbase.dll
0x00007ffe6a420000 - 0x00007ffe6a43b000 	C:\Program Files\Android\Android Studio\jbr\bin\VCRUNTIME140.dll
0x00007ffe6a2b0000 - 0x00007ffe6a2c7000 	C:\Program Files\Android\Android Studio\jbr\bin\jli.dll
0x00007ffe7d570000 - 0x00007ffe7d704000 	C:\Windows\System32\USER32.dll
0x00007ffe7c600000 - 0x00007ffe7c621000 	C:\Windows\System32\win32u.dll
0x00007ffe7f150000 - 0x00007ffe7f176000 	C:\Windows\System32\GDI32.dll
0x00007ffe7d0e0000 - 0x00007ffe7d274000 	C:\Windows\System32\gdi32full.dll
0x00007ffe691d0000 - 0x00007ffe69455000 	C:\Windows\WinSxS\amd64_microsoft.windows.common-controls_6595b64144ccf1df_6.0.18362.418_none_e6c6b287130d565d\COMCTL32.dll
0x00007ffe7c500000 - 0x00007ffe7c59e000 	C:\Windows\System32\msvcp_win.dll
0x00007ffe7f3e0000 - 0x00007ffe7f47e000 	C:\Windows\System32\msvcrt.dll
0x00007ffe7da90000 - 0x00007ffe7ddc6000 	C:\Windows\System32\combase.dll
0x00007ffe7e6b0000 - 0x00007ffe7e7d0000 	C:\Windows\System32\RPCRT4.dll
0x00007ffe7d3f0000 - 0x00007ffe7d470000 	C:\Windows\System32\bcryptPrimitives.dll
0x00007ffe7f330000 - 0x00007ffe7f35e000 	C:\Windows\System32\IMM32.DLL
0x00007ffe71350000 - 0x00007ffe7135c000 	C:\Program Files\Android\Android Studio\jbr\bin\vcruntime140_1.dll
0x00007ffe4b2d0000 - 0x00007ffe4b35d000 	C:\Program Files\Android\Android Studio\jbr\bin\msvcp140.dll
0x00007ffe24780000 - 0x00007ffe25403000 	C:\Program Files\Android\Android Studio\jbr\bin\server\jvm.dll
0x00007ffe7eab0000 - 0x00007ffe7eb53000 	C:\Windows\System32\ADVAPI32.dll
0x00007ffe7ea10000 - 0x00007ffe7eaa7000 	C:\Windows\System32\sechost.dll
0x00007ffe7c3a0000 - 0x00007ffe7c3ea000 	C:\Windows\System32\POWRPROF.dll
0x00007ffe7c390000 - 0x00007ffe7c3a0000 	C:\Windows\System32\UMPDC.dll
0x00007ffe69720000 - 0x00007ffe69729000 	C:\Windows\SYSTEM32\WSOCK32.dll
0x00007ffe7e830000 - 0x00007ffe7e89f000 	C:\Windows\System32\WS2_32.dll
0x00007ffe79e40000 - 0x00007ffe79e64000 	C:\Windows\SYSTEM32\WINMM.dll
0x00007ffe73d20000 - 0x00007ffe73d2a000 	C:\Windows\SYSTEM32\VERSION.dll
0x00007ffe79e10000 - 0x00007ffe79e3d000 	C:\Windows\SYSTEM32\winmmbase.dll
0x00007ffe7c660000 - 0x00007ffe7c6aa000 	C:\Windows\System32\cfgmgr32.dll
0x00007ffe7c3f0000 - 0x00007ffe7c401000 	C:\Windows\System32\kernel.appcore.dll
0x00007ffe77bb0000 - 0x00007ffe77bba000 	C:\Program Files\Android\Android Studio\jbr\bin\jimage.dll
0x00007ffe7acc0000 - 0x00007ffe7aeb4000 	C:\Windows\SYSTEM32\DBGHELP.DLL
0x00007ffe6e4e0000 - 0x00007ffe6e50a000 	C:\Windows\SYSTEM32\dbgcore.DLL
0x00007ffe6a530000 - 0x00007ffe6a53e000 	C:\Program Files\Android\Android Studio\jbr\bin\instrument.dll
0x00007ffe6aa00000 - 0x00007ffe6aa25000 	C:\Program Files\Android\Android Studio\jbr\bin\java.dll
0x00007ffe75dc0000 - 0x00007ffe75dd8000 	C:\Program Files\Android\Android Studio\jbr\bin\zip.dll
0x00007ffe7dfc0000 - 0x00007ffe7e6a5000 	C:\Windows\System32\SHELL32.dll
0x00007ffe7deb0000 - 0x00007ffe7df59000 	C:\Windows\System32\shcore.dll
0x00007ffe7c960000 - 0x00007ffe7d0df000 	C:\Windows\System32\windows.storage.dll
0x00007ffe7c410000 - 0x00007ffe7c42f000 	C:\Windows\System32\profapi.dll
0x00007ffe7d790000 - 0x00007ffe7d7e2000 	C:\Windows\System32\shlwapi.dll
0x00007ffe7d3d0000 - 0x00007ffe7d3e7000 	C:\Windows\System32\cryptsp.dll
0x00007ffe73d50000 - 0x00007ffe73d69000 	C:\Program Files\Android\Android Studio\jbr\bin\net.dll
0x00007ffe72630000 - 0x00007ffe72720000 	C:\Windows\SYSTEM32\WINHTTP.dll
0x00007ffe7bba0000 - 0x00007ffe7bc07000 	C:\Windows\system32\mswsock.dll
0x00007ffe71330000 - 0x00007ffe71346000 	C:\Program Files\Android\Android Studio\jbr\bin\nio.dll
0x00007ffe6a540000 - 0x00007ffe6a550000 	C:\Program Files\Android\Android Studio\jbr\bin\verify.dll
0x00007ffe5db40000 - 0x00007ffe5db67000 	C:\Users\User-PC\.gradle\native\c067742578af261105cb4f569cf0c3c89f3d7b1fecec35dd04571415982c5e48\windows-amd64\native-platform.dll
0x00007ffe2d510000 - 0x00007ffe2d654000 	C:\Users\User-PC\.gradle\native\38dada09dfb8b06ba9b0570ebf7e218e3eb74d4ef43ca46872605cf95ebc2f47\windows-amd64\native-platform-file-events.dll
0x00007ffe6ab20000 - 0x00007ffe6ab29000 	C:\Program Files\Android\Android Studio\jbr\bin\management.dll
0x00007ffe6a550000 - 0x00007ffe6a55b000 	C:\Program Files\Android\Android Studio\jbr\bin\management_ext.dll
0x00007ffe7f3d0000 - 0x00007ffe7f3d8000 	C:\Windows\System32\PSAPI.DLL
0x00007ffe7b710000 - 0x00007ffe7b743000 	C:\Windows\system32\rsaenh.dll
0x00007ffe7c630000 - 0x00007ffe7c656000 	C:\Windows\System32\bcrypt.dll
0x00007ffe7c2b0000 - 0x00007ffe7c2d5000 	C:\Windows\SYSTEM32\USERENV.dll
0x00007ffe7bd70000 - 0x00007ffe7bd7c000 	C:\Windows\SYSTEM32\CRYPTBASE.dll
0x00007ffe7b8b0000 - 0x00007ffe7b8ea000 	C:\Windows\SYSTEM32\IPHLPAPI.DLL
0x00007ffe7ea00000 - 0x00007ffe7ea08000 	C:\Windows\System32\NSI.dll
0x00007ffe71550000 - 0x00007ffe71566000 	C:\Windows\SYSTEM32\dhcpcsvc6.DLL
0x00007ffe73d00000 - 0x00007ffe73d1c000 	C:\Windows\SYSTEM32\dhcpcsvc.DLL
0x00007ffe7b8f0000 - 0x00007ffe7b9ba000 	C:\Windows\SYSTEM32\DNSAPI.dll
0x00007ffe6c0d0000 - 0x00007ffe6c0d9000 	C:\Program Files\Android\Android Studio\jbr\bin\extnet.dll
0x00007ffe74c10000 - 0x00007ffe74c17000 	C:\Windows\system32\wshunix.dll

dbghelp: loaded successfully - version: 4.0.5 - missing functions: none
symbol engine: initialized successfully - sym options: 0x614 - pdb path: .;C:\Program Files\Android\Android Studio\jbr\bin;C:\Windows\SYSTEM32;C:\Program Files\Avast Software\Avast;C:\Windows\WinSxS\amd64_microsoft.windows.common-controls_6595b64144ccf1df_6.0.18362.418_none_e6c6b287130d565d;C:\Program Files\Android\Android Studio\jbr\bin\server;C:\Users\User-PC\.gradle\native\c067742578af261105cb4f569cf0c3c89f3d7b1fecec35dd04571415982c5e48\windows-amd64;C:\Users\User-PC\.gradle\native\38dada09dfb8b06ba9b0570ebf7e218e3eb74d4ef43ca46872605cf95ebc2f47\windows-amd64

VM Arguments:
jvm_args: --add-opens=java.base/java.util=ALL-UNNAMED --add-opens=java.base/java.lang=ALL-UNNAMED --add-opens=java.base/java.lang.invoke=ALL-UNNAMED --add-opens=java.prefs/java.util.prefs=ALL-UNNAMED --add-opens=java.base/java.nio.charset=ALL-UNNAMED --add-opens=java.base/java.net=ALL-UNNAMED --add-opens=java.base/java.util.concurrent.atomic=ALL-UNNAMED -Xmx2048m -Dfile.encoding=UTF-8 -Duser.country=EC -Duser.language=es -Duser.variant -javaagent:C:\Users\User-PC\.gradle\wrapper\dists\gradle-8.7-bin\bhs2wmbdwecv87pi65oeuq5iu\gradle-8.7\lib\agents\gradle-instrumentation-agent-8.7.jar 
java_command: org.gradle.launcher.daemon.bootstrap.GradleDaemon 8.7
java_class_path (initial): C:\Users\User-PC\.gradle\wrapper\dists\gradle-8.7-bin\bhs2wmbdwecv87pi65oeuq5iu\gradle-8.7\lib\gradle-launcher-8.7.jar
Launcher Type: SUN_STANDARD

[Global flags]
     intx CICompilerCount                          = 3                                         {product} {ergonomic}
     uint ConcGCThreads                            = 1                                         {product} {ergonomic}
     uint G1ConcRefinementThreads                  = 4                                         {product} {ergonomic}
   size_t G1HeapRegionSize                         = 1048576                                   {product} {ergonomic}
    uintx GCDrainStackTargetSize                   = 64                                        {product} {ergonomic}
   size_t InitialHeapSize                          = 65011712                                  {product} {ergonomic}
   size_t MarkStackSize                            = 4194304                                   {product} {ergonomic}
   size_t MaxHeapSize                              = 2147483648                                {product} {command line}
   size_t MaxNewSize                               = 1287651328                                {product} {ergonomic}
   size_t MinHeapDeltaBytes                        = 1048576                                   {product} {ergonomic}
   size_t MinHeapSize                              = 8388608                                   {product} {ergonomic}
    uintx NonNMethodCodeHeapSize                   = 5832780                                {pd product} {ergonomic}
    uintx NonProfiledCodeHeapSize                  = 122912730                              {pd product} {ergonomic}
    uintx ProfiledCodeHeapSize                     = 122912730                              {pd product} {ergonomic}
    uintx ReservedCodeCacheSize                    = 251658240                              {pd product} {ergonomic}
     bool SegmentedCodeCache                       = true                                      {product} {ergonomic}
   size_t SoftMaxHeapSize                          = 2147483648                             {manageable} {ergonomic}
     bool UseCompressedClassPointers               = true                           {product lp64_product} {ergonomic}
     bool UseCompressedOops                        = true                           {product lp64_product} {ergonomic}
     bool UseG1GC                                  = true                                      {product} {ergonomic}
     bool UseLargePagesIndividualAllocation        = false                                  {pd product} {ergonomic}

Logging:
Log output configuration:
 #0: stdout all=warning uptime,level,tags
 #1: stderr all=off uptime,level,tags

Environment Variables:
PATH=C:\Windows\system32;C:\Windows;C:\Windows\System32\Wbem;C:\Windows\System32\WindowsPowerShell\v1.0\;C:\Windows\System32\OpenSSH\;C:\Users\User-PC\AppData\Local\Programs\Python\Python37\;C:\Users\User-PC\AppData\Local\Programs\Python\Python37\Scripts\;C:\Users\User-PC\AppData\Local\DBeaver;C:\Users\User-PC\AppData\Local\Programs\Microsoft VS Code\bin;C:\Users\User-PC\AppData\Local\Microsoft\WindowsApps;C:\Users\User-PC\Desktop\ITSG VERO\PyCharm Community Edition 2022.3.2\bin;;C:\xampp\php;
USERNAME=User-PC
OS=Windows_NT
PROCESSOR_IDENTIFIER=Intel64 Family 6 Model 126 Stepping 5, GenuineIntel
TMP=C:\Users\User-PC\AppData\Local\Temp
TEMP=C:\Users\User-PC\AppData\Local\Temp



Periodic native trim disabled

JNI global refs:
JNI global refs: 26, weak refs: 7

JNI global refs memory usage: 843, weak refs: 841

OOME stack traces (most recent first):
Classloader memory used:
Loader org.gradle.internal.classloader.VisitableURLClassLoader                         : 3363K
Loader bootstrap                                                                       : 2428K
Loader org.gradle.initialization.MixInLegacyTypesClassLoader                           : 1046K
Loader jdk.internal.loader.ClassLoaders$PlatformClassLoader                            : 68656B
Loader jdk.internal.loader.ClassLoaders$AppClassLoader                                 : 28747B
Loader jdk.internal.reflect.DelegatingClassLoader                                      : 16660B
Loader org.gradle.internal.classloader.VisitableURLClassLoader                         : 15149B

Classes loaded by more than one classloader:
Class Program                                                                         : loaded 3 times (x 70B)
Class org.gradle.internal.classpath.ClassPath                                         : loaded 2 times (x 68B)
Class org.gradle.api.internal.classpath.DefaultModuleRegistry                         : loaded 2 times (x 84B)
Class Settings_gradle$1$1                                                             : loaded 2 times (x 72B)
Class org.gradle.api.Action                                                           : loaded 2 times (x 68B)
Class org.gradle.api.internal.DefaultClassPathProvider                                : loaded 2 times (x 74B)
Class org.gradle.internal.installation.GradleInstallation$1                           : loaded 2 times (x 73B)
Class org.gradle.internal.classloader.FilteringClassLoader                            : loaded 2 times (x 103B)
Class org.gradle.internal.classpath.DefaultClassPath$ImmutableUniqueList$Builder      : loaded 2 times (x 73B)
Class org.gradle.internal.classloader.ClassLoaderVisitor                              : loaded 2 times (x 74B)
Class org.gradle.internal.service.DefaultServiceLocator                               : loaded 2 times (x 81B)
Class org.gradle.internal.service.UnknownServiceException                             : loaded 2 times (x 81B)
Class org.gradle.internal.classloader.DefaultClassLoaderFactory                       : loaded 2 times (x 80B)
Class org.gradle.internal.classloader.VisitableURLClassLoader$Spec                    : loaded 2 times (x 72B)
Class org.gradle.api.GradleException                                                  : loaded 2 times (x 80B)
Class org.gradle.api.internal.classpath.ModuleRegistry                                : loaded 2 times (x 68B)
Class org.gradle.api.internal.ClassPathProvider                                       : loaded 2 times (x 68B)
Class org.gradle.internal.classloader.ClasspathUtil$1                                 : loaded 2 times (x 74B)
Class org.gradle.internal.classloader.ClassLoaderFactory                              : loaded 2 times (x 68B)
Class org.gradle.api.internal.classpath.ManifestUtil                                  : loaded 2 times (x 69B)
Class org.gradle.api.specs.Spec                                                       : loaded 2 times (x 68B)
Class org.gradle.internal.IoActions                                                   : loaded 2 times (x 69B)
Class org.gradle.api.internal.classpath.EffectiveClassPath                            : loaded 2 times (x 88B)
Class org.gradle.internal.installation.CurrentGradleInstallation                      : loaded 2 times (x 71B)
Class org.gradle.internal.agents.InstrumentingClassLoader                             : loaded 2 times (x 68B)
Class org.gradle.internal.installation.CurrentGradleInstallationLocator               : loaded 2 times (x 69B)
Class org.gradle.api.internal.classpath.Module                                        : loaded 2 times (x 68B)
Class org.gradle.internal.service.CachingServiceLocator                               : loaded 2 times (x 80B)
Class org.gradle.internal.classpath.DefaultClassPath                                  : loaded 2 times (x 88B)
Class org.gradle.internal.classloader.SystemClassLoaderSpec                           : loaded 2 times (x 69B)
Class org.gradle.api.UncheckedIOException                                             : loaded 2 times (x 80B)
Class org.gradle.internal.installation.GradleInstallation                             : loaded 2 times (x 73B)
Class org.gradle.internal.classloader.ClasspathUtil                                   : loaded 2 times (x 69B)
Class org.gradle.api.internal.DefaultClassPathRegistry                                : loaded 2 times (x 74B)
Class org.gradle.api.internal.classpath.DefaultModuleRegistry$DefaultModule           : loaded 2 times (x 84B)
Class org.gradle.api.internal.classpath.UnknownModuleException                        : loaded 2 times (x 80B)
Class org.gradle.internal.service.ServiceLookupException                              : loaded 2 times (x 80B)
Class org.gradle.cache.GlobalCache                                                    : loaded 2 times (x 68B)
Class [Lorg.gradle.api.internal.ClassPathProvider;                                    : loaded 2 times (x 67B)
Class org.gradle.util.internal.GUtil                                                  : loaded 2 times (x 69B)
Class org.gradle.internal.classloader.ClassLoaderSpec                                 : loaded 2 times (x 69B)
Class org.gradle.internal.classloader.VisitableURLClassLoader                         : loaded 2 times (x 115B)
Class org.gradle.internal.Cast                                                        : loaded 2 times (x 69B)
Class org.gradle.api.internal.ClassPathRegistry                                       : loaded 2 times (x 68B)
Class org.gradle.internal.classloader.VisitableURLClassLoader$InstrumentingVisitableURLClassLoader: loaded 2 times (x 121B)
Class org.gradle.internal.classloader.ClassLoaderHierarchy                            : loaded 2 times (x 68B)
Class org.gradle.internal.InternalTransformer                                         : loaded 2 times (x 68B)
Class org.gradle.internal.service.ServiceLocator                                      : loaded 2 times (x 68B)
Class Settings_gradle$1                                                               : loaded 2 times (x 72B)
Class org.gradle.internal.classpath.DefaultClassPath$ImmutableUniqueList              : loaded 2 times (x 159B)
Class org.gradle.internal.classpath.TransformedClassPath                              : loaded 2 times (x 94B)
Class Settings_gradle                                                                 : loaded 2 times (x 126B)


---------------  S Y S T E M  ---------------

OS:
 Windows 10 , 64 bit Build 18362 (10.0.18362.329)
OS uptime: 0 days 11:00 hours

CPU: total 4 (initial active 4) (2 cores per cpu, 2 threads per core) family 6 model 126 stepping 5 microcode 0xa0, cx8, cmov, fxsr, ht, mmx, 3dnowpref, sse, sse2, sse3, ssse3, sse4.1, sse4.2, popcnt, lzcnt, tsc, tscinvbit, avx, avx2, aes, erms, clmul, bmi1, bmi2, adx, avx512f, avx512dq, avx512cd, avx512bw, avx512vl, sha, fma, vzeroupper, avx512_vpopcntdq, avx512_vpclmulqdq, avx512_vaes, avx512_vnni, clflush, clflushopt, avx512_vbmi2, avx512_vbmi
Processor Information for all 4 processors :
  Max Mhz: 1190, Current Mhz: 1190, Mhz Limit: 1190

Memory: 4k page, system-wide physical 3891M (314M free)
TotalPageFile size 9002M (AvailPageFile size 16M)
current process WorkingSet (physical memory assigned to process): 199M, peak: 207M
current process commit charge ("private bytes"): 245M, peak: 308M

vm_info: OpenJDK 64-Bit Server VM (17.0.10+0--11609105) for windows-amd64 JRE (17.0.10+0--11609105), built on Mar 21 2024 19:10:56 by "androidbuild" with MS VC++ 16.10 / 16.11 (VS2019)

END.
